0:(-0.661226,0,-1.25)(-0.716328,0.625,-0.9375)(-0.716328,0,-0.9375)(0,-2.5,-5)
1:(0.716328,-4.375,-0.9375)(-25,5,0)(-0.49592,-3.75,-2.1875)(-0.881635,0.625,0)
2:(0.385715,-1.25,-2.8125)(-25,5,0)(0.716328,3.125,-0.9375)(-0.49592,-3.125,-2.1875)
3:(-25,-5,0)(-0.220409,-4.375,-3.75)(-0.385715,-4.375,-2.8125)(-0.440817,-3.75,-2.5)
4:(-0.551022,-3.125,-1.875)(-0.881635,0.625,0)(-25,5,0)(-0.881635,0.176327,0)
5:(-0.440817,1.875,-2.5)(-0.716328,0,-0.9375)(-0.165306,-2.5,-4.0625)(-0.385715,1.875,-2.8125)
6:(-0.110204,3.125,-4.375)(-25,5,0)(-0.661226,-0.625,-1.25)(0.826533,4.375,-0.3125)
7:(-25,5,0)(0.385715,-1.875,-2.8125)(0.661226,3.75,-1.25)(-0.440817,0.625,-2.5)
8:(-25,-5,0)(-0.0551022,-3.75,-4.6875)(-0.220409,0,-3.75)(-0.165306,0,-4.0625)
9:(-25,-5,0)(-0.330613,2.5,-3.125)(-0.0551022,5,-4.6875)(-0.110204,5,-4.375)
10:(0.220409,0.625,-3.75)(0.881635,-4.375,0)(0.0551022,-0.625,-4.6875)(0.826533,-4.375,-0.3125)
11:(-0.220409,-1.875,-3.75)(-0.716328,0,-0.9375)(-0.110204,3.75,-4.375)(-0.771431,4.375,-0.625)
12:(0.881635,4.375,0)(-25,-5,0)(-0.661226,-3.75,-1.25)(0.826533,5,-0.3125)
13:(-0.0551022,3.125,-4.6875)(-25,5,0)(0.385715,-1.25,-2.8125)(-0.330613,-1.875,-3.125)
14:(0.330613,0.625,-3.125)(-0.110204,2.5,-4.375)(-0.551022,1.875,-1.875)(0.385715,-5,-2.8125)
15:(-0.661226,1.25,-1.25)(-0.716328,0,-0.9375)(-0.661226,0.625,-1.25)(-0.49592,4.375,-2.1875)
16:(-0.330613,2.5,-3.125)(-25,-5,0)(-0.0551022,5,-4.6875)(-0.220409,-1.25,-3.75)
17:(-0.165306,1.25,-4.0625)(0.881635,-3.75,0)(0.0551022,4.375,-4.6875)(-25,-5,0)
18:(0.275511,1.875,-3.4375)(-25,5,0)(-0.385715,-5,-2.8125)(0.275511,2.5,-3.4375)
19:(0.826533,4.375,-0.3125)(-25,5,0)(0.220409,-1.25,-3.75)(-0.771431,-3.125,-0.625)
20:(0.385715,-1.875,-2.8125)(-25,5,0)(0.661226,3.75,-1.25)(0.385715,-1.25,-2.8125)
21:(0,-5,-5)(0.0551022,3.125,-4.6875)(0.0551022,-3.125,-4.6875)(0.385715,-5,-2.8125)
22:(-0.606124,-3.75,-1.5625)(-0.716328,1.25,-0.9375)(-0.661226,0,-1.25)(-0.275511,-3.75,-3.4375)
23:(-25,5,0)(-0.661226,-0.625,-1.25)(-0.881635,-2.5,0)(-0.826533,-3.125,-0.3125)
24:(-0.0551022,2.5,-4.6875)(-25,-5,0)(-0.606124,3.125,-1.5625)(0,1.875,-5)
25:(0.881635,-3.125,0)(-25,-5,0)(-0.165306,1.875,-4.0625)(0.165306,-5,-4.0625)
26:(-0.826533,3.75,-0.3125)(-25,-5,0)(-0.440817,-0.625,-2.5)(-0.826533,3.125,-0.3125)
27:(-25,-5,0)(-0.275511,1.875,-3.4375)(0.440817,2.5,-2.5)(25,5,0)
28:(-0.165306,0.625,-4.0625)(-25,5,0)(-0.330613,-1.875,-3.125)(-0.220409,-0.625,-3.75)
29:(0.165306,-3.75,-4.0625)(0,2.5,-5)(-25,-5,0)(-0.330613,-5,-3.125)
30:(0.0551022,4.375,-4.6875)(-25,-5,0)(-0.0551022,0,-4.6875)(-0.165306,1.25,-4.0625)
31:(0.661226,2.5,-1.25)(0.0551022,3.125,-4.6875)(0.716328,2.5,-0.9375)(0.385715,-5,-2.8125)
32:(0.165306,1.875,-4.0625)(0.330613,-2.5,-3.125)(0.771431,-5,-0.625)(0.440817,-5,-2.5)
33:(-0.661226,3.125,-1.25)(-0.661226,0,-1.25)(-0.275511,-3.75,-3.4375)(-0.606124,2.5,-1.5625)
34:(0.881635,3.75,0)(-0.881635,0.176327,0)(-0.551022,-3.125,-1.875)(-25,5,0)
35:(-0.440817,0.625,-2.5)(0.330613,-1.25,-3.125)(-0.771431,-3.125,-0.625)(-25,5,0)
36:(0.881635,-1.25,0)(0.0551022,-0.625,-4.6875)(0.606124,-2.5,-1.5625)(0.0551022,-1.875,-4.6875)
37:(-25,5,0)(0.826533,4.375,-0.3125)(0.220409,-1.25,-3.75)(-0.661226,-0.625,-1.25)
38:(-0.826533,-3.125,-0.3125)(-0.606124,-0.625,-1.5625)(-25,5,0)(-0.661226,-0.625,-1.25)
39:(-0.0551022,1.875,-4.6875)(0.220409,-2.5,-3.75)(-25,-5,0)(0.220409,-1.875,-3.75)
40:(-0.110204,3.75,-4.375)(0.49592,0,-2.1875)(-0.716328,0,-0.9375)(-0.661226,-4.375,-1.25)
41:(-25,5,0)(0.275511,1.875,-3.4375)(-0.385715,-5,-2.8125)(-0.440817,-2.5,-2.5)
42:(-0.220409,3.75,-3.75)(0.0551022,-5,-4.6875)(-0.716328,0,-0.9375)(25,-5,-7)
43:(-0.330613,-1.25,-3.125)(-25,5,0)(-0.0551022,0.625,-4.6875)(0.385715,-5,-2.8125)
44:(-0.881635,-3.125,0)(-25,5,0)(-0.440817,-4.375,-2.5)(0.275511,3.125,-3.4375)
45:(-0.49592,-3.125,-2.1875)(-0.330613,-1.875,-3.125)(0.385715,-1.25,-2.8125)(-25,5,0)
46:(-25,5,0)(-0.440817,0.625,-2.5)(0.275511,-1.25,-3.4375)(0.275511,-1.875,-3.4375)
47:(-0.49592,-3.125,-2.1875)(-0.330613,-1.875,-3.125)(-25,5,0)(0.716328,-4.375,-0.9375)
48:(-0.716328,0,-0.9375)(-0.110204,-4.375,-4.375)(-0.440817,1.875,-2.5)(-0.385715,1.25,-2.8125)
49:(-0.440817,0.625,-2.5)(-25,5,0)(0.275511,-1.25,-3.4375)(0.661226,3.75,-1.25)
50:(-25,5,0)(-0.385715,-5,-2.8125)(-0.771431,-3.125,-0.625)(0.826533,4.375,-0.3125)
51:(-0.49592,-4.375,-2.1875)(-25,5,0)(-0.606124,-4.375,-1.5625)(-0.440817,-4.375,-2.5)
52:(0.661226,-2.5,-1.25)(0.440817,-4.375,-2.5)(0.606124,-1.875,-1.5625)(-25,5,0)
53:(-0.440817,-5,-2.5)(-0.826533,-3.125,-0.3125)(-25,5,0)(-0.881635,-2.5,0)
54:(-0.716328,-3.125,-0.9375)(0.49592,-4.375,-2.1875)(-25,-5,0)(0.881635,4.375,0)
55:(0.330613,-1.25,-3.125)(0.275511,2.5,-3.4375)(-0.385715,-5,-2.8125)(-25,5,0)
56:(-25,5,0)(-0.881635,-3.125,0)(-0.440817,-4.375,-2.5)(-0.49592,-4.375,-2.1875)
57:(-0.385715,-5,-2.8125)(-25,5,0)(-0.771431,-3.125,-0.625)(0.330613,-1.25,-3.125)
58:(-0.826533,-4.375,-0.3125)(-0.716328,0,-0.9375)(0.49592,0,-2.1875)(-0.661226,-4.375,-1.25)
59:(0.826533,4.375,-0.3125)(-0.440817,-2.5,-2.5)(-0.110204,3.125,-4.375)(-25,5,0)
60:(0.826533,-0.625,-0.3125)(0.385715,1.875,-2.8125)(0.440817,3.125,-2.5)(0.385715,-5,-2.8125)
61:(-25,-5,0)(-0.826533,3.125,-0.3125)(-0.330613,-3.75,-3.125)(-0.440817,-0.625,-2.5)
62:(0.330613,-2.5,-3.125)(0.220409,1.875,-3.75)(-0.551022,-2.5,-1.875)(-0.606124,-2.5,-1.5625)
63:(-25,5,0)(0.385715,-1.25,-2.8125)(0.716328,3.125,-0.9375)(0.661226,3.75,-1.25)
64:(-0.551022,0,-1.875)(-25,5,0)(-0.551022,5,-1.875)(-0.49592,0,-2.1875)
65:(-0.771431,-3.125,-0.625)(-25,5,0)(0.275511,-1.875,-3.4375)(-0.440817,0.625,-2.5)
66:(-25,5,0)(0.716328,-4.375,-0.9375)(-0.49592,-3.75,-2.1875)(-0.49592,-3.125,-2.1875)
67:(-0.661226,0,-1.25)(-0.275511,1.25,-3.4375)(-0.385715,-3.75,-2.8125)(0.771431,-3.125,-0.625)
68:(-0.0551022,-2.5,-4.6875)(-0.716328,0,-0.9375)(-0.220409,5,-3.75)(0.0551022,-4.375,-4.6875)
69:(-0.275511,0.625,-3.4375)(-0.220409,0.625,-3.75)(-25,-5,0)(-0.606124,1.875,-1.5625)
70:(-25,5,0)(-25,-5,0)(-0.220409,-3.125,-3.75)(0.49592,3.125,-2.1875)
71:(-0.271185,-5,-3.46203)(0.440817,-3.125,-2.5)(0.385715,-5,-2.8125)(0.440817,-2.5,-2.5)
72:(-0.165306,-3.75,-4.0625)(-0.551022,4.375,-1.875)(-0.220409,-3.75,-3.75)(-0.716328,0,-0.9375)
73:(-0.440817,0,-2.5)(-25,-5,0)(-0.330613,-4.375,-3.125)(-0.385715,-0.625,-2.8125)
74:(-25,-5,0)(0.49592,-1.25,-2.1875)(-0.165306,-1.25,-4.0625)(-0.330613,5,-3.125)
75:(-0.385715,-4.375,-2.8125)(-0.220409,0.625,-3.75)(-0.385715,-3.75,-2.8125)(-0.661226,0,-1.25)
76:(0.661226,3.75,-1.25)(-25,5,0)(0.275511,4.375,-3.4375)(0.716328,3.125,-0.9375)
77:(-0.771431,-0.625,-0.625)(-0.716328,0,-0.9375)(25,5,-7)(-0.771431,0,-0.625)
78:(-0.606124,1.875,-1.5625)(-0.661226,1.875,-1.25)(-25,-5,0)(0.165306,-3.75,-4.0625)
79:(-0.385715,-1.25,-2.8125)(0.881635,2.5,0)(0.385715,-5,-2.8125)(0.826533,2.5,-0.3125)
80:(0.110204,-1.25,-4.375)(0.330613,-2.5,-3.125)(0.165306,2.5,-4.0625)(0.275511,-2.5,-3.4375)
81:(0.220409,0,-3.75)(-0.440817,-3.125,-2.5)(0.440817,-5,-2.5)(0.110204,-4.375,-4.375)
82:(-0.716328,0.625,-0.9375)(-0.661226,0,-1.25)(-0.716328,0,-0.9375)(25,-5,-7)
83:(-0.440817,-3.125,-2.5)(0.385715,3.125,-2.8125)(0.385715,-5,-2.8125)(0.826533,3.75,-0.3125)
84:(-0.49592,3.75,-2.1875)(-0.716328,0,-0.9375)(-0.220409,-3.75,-3.75)(-0.551022,4.375,-1.875)
85:(-0.826533,-1.875,-0.3125)(-0.716328,0,-0.9375)(-0.385715,0.625,-2.8125)(-0.771431,-1.875,-0.625)
86:(-0.716328,0,-0.9375)(-0.771431,0,-0.625)(-0.661226,0.625,-1.25)(25,5,-7)
87:(-25,-5,0)(0.716328,5,-0.9375)(0.49592,-4.375,-2.1875)(0.49592,-5,-2.1875)
88:(-0.716328,0,-0.9375)(-0.110204,3.75,-4.375)(-0.771431,4.375,-0.625)(-0.771431,-1.875,-0.625)
89:(0.661226,0.625,-1.25)(0.330613,-2.5,-3.125)(0.220409,3.75,-3.75)(0.110204,-0.625,-4.375)
90:(-25,5,0)(-25,-5,0)(-0.551022,2.5,-1.875)(0.716328,-1.875,-0.9375)
91:(-0.165306,-1.875,-4.0625)(-0.165306,4.375,-4.0625)(-0.716328,0,-0.9375)(-0.220409,5,-3.75)
92:(-25,5,0)(0.606124,-1.875,-1.5625)(0.49592,3.125,-2.1875)(0.440817,3.75,-2.5)
93:(-0.661226,3.125,-1.25)(0.716328,0,-0.9375)(0,-2.5,-5)(-25,-5,0)
94:(-0.110204,-1.25,-4.375)(-0.110204,-3.125,-4.375)(-0.716328,0,-0.9375)(-0.165306,-2.5,-4.0625)
95:(-0.716328,0,-0.9375)(-0.165306,-3.125,-4.0625)(-0.110204,-2.5,-4.375)(-0.0551022,-1.25,-4.6875)
96:(0.165306,0.625,-4.0625)(-0.881635,1.25,0)(0.440817,-5,-2.5)(0.551022,4.375,-1.875)
97:(-0.716328,-1.875,-0.9375)(0.661226,4.375,-1.25)(0.606124,-1.25,-1.5625)(0.440817,-5,-2.5)
98:(0.165306,-5,-4.0625)(-0.275511,0,-3.4375)(-25,-5,0)(-0.330613,1.875,-3.125)
99:(-0.0551022,-3.75,-4.6875)(-25,-5,0)(-0.220409,0,-3.75)(-0.385715,-3.125,-2.8125)
100:(0.551022,-0.625,-1.875)(-0.716328,0,-0.9375)(-0.275511,-2.5,-3.4375)(-25,5,0)
101:(-25,-5,0)(0.881635,-3.125,0)(-0.165306,1.875,-4.0625)(-0.165306,1.25,-4.0625)
102:(-0.606124,-5,-1.5625)(-25,5,0)(-0.881635,0.176327,0)(0.716328,-2.5,-0.9375)
103:(0,-0.625,-5)(-0.165306,0,-4.0625)(0,-1.25,-5)(-25,-5,0)
104:(-0.716328,0,-0.9375)(0.661226,0,-1.25)(0,-2.5,-5)(0,-3.125,-5)
105:(-0.165306,0,-4.0625)(-0.220409,-1.25,-3.75)(-25,-5,0)(-0.0551022,-3.75,-4.6875)
106:(-0.881635,3.75,0)(0.220409,-3.125,-3.75)(0.385715,-5,-2.8125)(0.275511,-3.75,-3.4375)
107:(0.49592,-5,-2.1875)(-25,5,0)(-25,-5,0)(0.716328,5,-0.9375)
108:(-0.771431,5,-0.625)(0.0551022,-1.25,-4.6875)(0.440817,-5,-2.5)(-0.440817,3.75,-2.5)
109:(0.0551022,1.25,-4.6875)(0.275511,5,-3.4375)(0.0551022,-0.625,-4.6875)(0.551022,-3.125,-1.875)
110:(0.385715,-5,-2.8125)(0,-5,-5)(0.716328,2.5,-0.9375)(0.606124,1.25,-1.5625)
111:(-0.330613,0.625,-3.125)(-25,-5,0)(0.220409,2.5,-3.75)(-0.330613,-0.625,-3.125)
112:(-25,-5,0)(0.440817,4.375,-2.5)(0.881635,-3.75,0)(0.826533,-3.125,-0.3125)
113:(-0.165306,0.625,-4.0625)(-25,5,0)(-0.220409,-0.625,-3.75)(0.385715,-5,-2.8125)
114:(0.49592,-1.25,-2.1875)(-25,-5,0)(-0.165306,-1.25,-4.0625)(-0.330613,0.625,-3.125)
115:(-25,-5,0)(-0.330613,4.375,-3.125)(-0.220409,-1.25,-3.75)(-0.330613,2.5,-3.125)
116:(0.330613,-2.5,-3.125)(0.110204,-1.25,-4.375)(0.165306,2.5,-4.0625)(0.165306,4.375,-4.0625)
117:(-0.165306,4.375,-4.0625)(-0.0551022,-3.125,-4.6875)(-0.716328,0,-0.9375)(-0.0551022,-2.5,-4.6875)
118:(0.49592,-5,-2.1875)(-25,-5,0)(0.661226,-1.875,-1.25)(0.49592,-4.375,-2.1875)
119:(0.0551022,5,-4.6875)(0.330613,3.75,-3.125)(0.716328,-1.25,-0.9375)(0.330613,-2.5,-3.125)
120:(0.771431,3.75,-0.625)(0.385715,1.25,-2.8125)(0.330613,-2.5,-3.125)(-0.881635,0,0)
121:(-25,5,0)(-25,-5,0)(0.716328,5,-0.9375)(0,4.375,-5)
122:(-25,5,0)(0.661226,3.75,-1.25)(0.275511,4.375,-3.4375)(0.275511,-1.25,-3.4375)
123:(0,0,-5)(-25,-5,0)(0.881635,5,0)(-0.881635,-1.875,0)
124:(-25,5,0)(0.716328,3.125,-0.9375)(0.220409,5,-3.75)(0.275511,4.375,-3.4375)
125:(-25,-5,0)(0,0,-5)(0.881635,5,0)(0.826533,5,-0.3125)
126:(-0.881635,-3.125,0)(0.220409,-1.25,-3.75)(-25,5,0)(0.275511,-1.875,-3.4375)
127:(-25,5,0)(-0.0551022,3.125,-4.6875)(0.385715,-1.25,-2.8125)(0.385715,-1.875,-2.8125)
128:(0.385715,-1.875,-2.8125)(-0.385715,-1.875,-2.8125)(0.330613,-1.25,-3.125)(-25,5,0)
129:(-0.551022,-5,-1.875)(-0.716328,0,-0.9375)(-0.716328,3.75,-0.9375)(-25,5,0)
130:(-25,5,0)(-0.771431,-3.125,-0.625)(0.275511,-1.875,-3.4375)(0.220409,-1.25,-3.75)
131:(-0.716328,0,-0.9375)(-0.110204,4.375,-4.375)(-0.771431,-1.875,-0.625)(-0.826533,-1.875,-0.3125)
132:(-25,5,0)(-0.110204,3.125,-4.375)(-0.661226,-0.625,-1.25)(-0.606124,-0.625,-1.5625)
133:(0.716328,1.875,-0.9375)(-0.826533,1.875,-0.3125)(0.385715,-5,-2.8125)(-0.716328,-1.25,-0.9375)
134:(0.551022,0,-1.875)(-0.716328,0,-0.9375)(-0.275511,-5,-3.4375)(0,-3.75,-5)
135:(0.165306,4.375,-4.0625)(0.330613,-4.375,-3.125)(0.330613,-2.5,-3.125)(0.110204,-1.25,-4.375)
136:(0.165306,1.25,-4.0625)(0.385715,-5,-2.8125)(0.551022,5,-1.875)(0.330613,-0.625,-3.125)
137:(-25,5,0)(-0.330613,-1.25,-3.125)(-0.385715,-1.875,-2.8125)(0.275511,2.5,-3.4375)
138:(-0.165306,0,-4.0625)(-0.220409,-1.25,-3.75)(-0.0551022,5,-4.6875)(-25,-5,0)
139:(-25,-5,0)(-0.0551022,5,-4.6875)(0,-1.25,-5)(-0.551022,-1.25,-1.875)
140:(-0.551022,-1.25,-1.875)(-25,-5,0)(-0.606124,0,-1.5625)(0,-1.25,-5)
141:(-0.330613,4.375,-3.125)(-25,-5,0)(-0.220409,-1.25,-3.75)(-0.330613,5,-3.125)
142:(-0.881635,-3.75,0)(0,-1.25,-5)(-0.606124,0,-1.5625)(-25,-5,0)
143:(0.716328,3.125,-0.9375)(-25,5,0)(0.220409,5,-3.75)(0.661226,3.125,-1.25)
144:(0,3.75,-5)(0.165306,0,-4.0625)(0.440817,-5,-2.5)(0.110204,0.625,-4.375)
145:(-25,5,0)(-0.551022,-4.375,-1.875)(-0.49592,0,-2.1875)(-0.551022,0,-1.875)
146:(-25,-5,0)(0.551022,-1.25,-1.875)(-0.330613,5,-3.125)(-0.330613,4.375,-3.125)
147:(0.440817,3.75,-2.5)(-0.49592,0,-2.1875)(-0.551022,5,-1.875)(-25,5,0)
148:(0,-5,-5)(0.385715,-5,-2.8125)(0.716328,2.5,-0.9375)(0.0551022,3.125,-4.6875)
149:(-25,5,0)(0.275511,3.125,-3.4375)(-0.330613,0,-3.125)(-0.440817,-4.375,-2.5)
150:(0.165306,1.25,-4.0625)(0.551022,5,-1.875)(0.110204,1.25,-4.375)(0.330613,-0.625,-3.125)
151:(-25,-5,0)(0.49592,-5,-2.1875)(0.661226,-1.875,-1.25)(0.661226,-2.5,-1.25)
152:(-0.661226,1.875,-1.25)(-0.606124,1.875,-1.5625)(-25,-5,0)(-0.220409,0.625,-3.75)
153:(-0.661226,0,-1.25)(-0.220409,3.75,-3.75)(-0.826533,5,-0.3125)(-0.826533,4.375,-0.3125)
154:(0.661226,0,-1.25)(-25,5,0)(0,-2.5,-5)(0.716328,0,-0.9375)
155:(-25,-5,0)(-0.385715,-2.5,-2.8125)(-0.330613,-5,-3.125)(0,2.5,-5)
156:(-0.165306,-4.375,-4.0625)(-0.716328,0,-0.9375)(-25,-5,-7)(-0.110204,-3.125,-4.375)
157:(0.110204,-0.625,-4.375)(0.165306,4.375,-4.0625)(0.661226,0.625,-1.25)(0.330613,-2.5,-3.125)
158:(-0.165306,0.625,-4.0625)(0.385715,0,-2.8125)(-0.0551022,0.625,-4.6875)(0.385715,-5,-2.8125)
159:(-0.0551022,1.875,-4.6875)(0.220409,-2.5,-3.75)(0.0551022,-3.75,-4.6875)(-25,-5,0)
160:(0.881635,3.75,0)(-0.881635,0.176327,0)(-25,5,0)(-0.551022,2.5,-1.875)
161:(0.385715,-5,-2.8125)(-0.606124,-1.875,-1.5625)(0.385715,3.125,-2.8125)(0.385715,2.5,-2.8125)
162:(0.716328,5,-0.9375)(-25,-5,0)(0.49592,-4.375,-2.1875)(0.771431,5,-0.625)
163:(0.771431,4.375,-0.625)(0.330613,3.125,-3.125)(-0.385715,0,-2.8125)(-25,5,0)
164:(-25,-5,0)(-0.330613,0.625,-3.125)(0.220409,2.5,-3.75)(-0.165306,-1.25,-4.0625)
165:(-25,-5,0)(0.716328,-1.875,-0.9375)(-0.826533,-5,-0.3125)(-0.551022,2.5,-1.875)
166:(-25,5,0)(-0.49592,-3.125,-2.1875)(0.661226,3.125,-1.25)(0.716328,3.125,-0.9375)
167:(-0.49592,-3.125,-2.1875)(-25,5,0)(0.661226,3.125,-1.25)(-0.49592,-3.75,-2.1875)
168:(0.440817,4.375,-2.5)(-25,-5,0)(0.881635,-3.75,0)(0.440817,5,-2.5)
169:(-25,5,0)(0.220409,4.375,-3.75)(0,4.375,-5)(0.0551022,3.75,-4.6875)
170:(-0.49592,3.75,-2.1875)(0.49592,1.875,-2.1875)(-0.716328,0,-0.9375)(25,5,-7)
171:(-0.551022,-3.125,-1.875)(-0.881635,0.625,0)(-0.49592,-3.75,-2.1875)(-25,5,0)
172:(0.440817,-2.5,-2.5)(0.275511,0,-3.4375)(0.0551022,-0.625,-4.6875)(0.440817,1.875,-2.5)
173:(0.385715,5,-2.8125)(-0.49592,-3.75,-2.1875)(0.661226,3.125,-1.25)(-25,5,0)
174:(0.330613,-3.75,-3.125)(-0.440817,2.5,-2.5)(0.385715,-5,-2.8125)(-0.881635,4.375,0)
175:(0.661226,3.125,-1.25)(-25,5,0)(0.220409,4.375,-3.75)(0.385715,5,-2.8125)
176:(-25,5,0)(0.661226,3.125,-1.25)(0.220409,4.375,-3.75)(0.220409,5,-3.75)
177:(0.440817,3.75,-2.5)(-0.49592,0,-2.1875)(-25,5,0)(0.606124,-1.875,-1.5625)
178:(-25,-5,0)(-25,5,0)(-0.551022,2.5,-1.875)(0.881635,3.75,0)
179:(0.330613,-2.5,-3.125)(0.826533,-2.5,-0.3125)(0.110204,5,-4.375)(0.110204,4.375,-4.375)
180:(-0.385715,-2.5,-2.8125)(-0.49592,-1.25,-2.1875)(-0.330613,-3.125,-3.125)(-25,-5,0)
181:(-0.606124,0.625,-1.5625)(-0.661226,-1.25,-1.25)(0.440817,-5,-2.5)(0.220409,0,-3.75)
182:(-25,5,0)(0.385715,5,-2.8125)(0.826533,-3.125,-0.3125)(0.220409,4.375,-3.75)
183:(-0.165306,5,-4.0625)(0.165306,-5,-4.0625)(-25,-5,0)(-0.0551022,4.375,-4.6875)
184:(-0.716328,0,-0.9375)(-0.385715,0.625,-2.8125)(0,-4.375,-5)(-0.771431,0,-0.625)
185:(-25,-5,0)(0.49592,3.75,-2.1875)(-0.771431,-5,-0.625)(-0.716328,-5,-0.9375)
186:(-25,-5,0)(-0.220409,-4.375,-3.75)(-0.661226,0,-1.25)(-0.385715,-4.375,-2.8125)
187:(0.661226,-2.5,-1.25)(0.49592,-5,-2.1875)(-25,5,0)(-25,-5,0)
188:(-0.881635,-1.875,0)(-0.165306,1.875,-4.0625)(0,0,-5)(-25,-5,0)
189:(0.606124,-1.875,-1.5625)(-25,5,0)(0.49592,3.125,-2.1875)(0.661226,-2.5,-1.25)
190:(0.851424,-4.06668,-0.971568)(-0.881635,-4.375,0)(0.771431,-4.375,-0.625)(-25,-5,0)
191:(-0.220409,0,-3.75)(-25,-5,0)(-0.165306,0,-4.0625)(-0.275511,4.375,-3.4375)
192:(-0.165306,-1.25,-4.0625)(-25,-5,0)(-0.385715,-3.125,-2.8125)(0.220409,2.5,-3.75)
193:(-25,-5,0)(-0.165306,-1.25,-4.0625)(-0.385715,-3.125,-2.8125)(-0.0551022,-3.75,-4.6875)
194:(-0.49592,-4.375,-2.1875)(-0.881635,-2.5,0)(-25,5,0)(-0.881635,-3.125,0)
195:(-0.716328,-3.125,-0.9375)(0.49592,-4.375,-2.1875)(0.661226,-1.875,-1.25)(-25,-5,0)
196:(0.0551022,-4.375,-4.6875)(0.220409,-5,-3.75)(-0.716328,0,-0.9375)(0.220409,-4.375,-3.75)
197:(-0.0551022,-3.75,-4.6875)(-0.330613,5,-3.125)(-0.220409,-1.25,-3.75)(-25,-5,0)
198:(0.385715,-5,-2.8125)(0.330613,1.875,-3.125)(0.440817,3.125,-2.5)(-0.606124,-1.875,-1.5625)
199:(-0.275511,-5,-3.4375)(-0.716328,0,-0.9375)(-0.385715,0.625,-2.8125)(0,-4.375,-5)
200:(0.551022,-1.25,-1.875)(-25,-5,0)(-0.330613,5,-3.125)(0.49592,-1.25,-2.1875)
201:(-0.0551022,1.875,-4.6875)(-25,-5,0)(-0.330613,4.375,-3.125)(0.551022,-1.25,-1.875)
202:(0.826533,-4.375,-0.3125)(0.440817,-0.625,-2.5)(0.0551022,-0.625,-4.6875)(0.0551022,1.25,-4.6875)
203:(-25,-5,0)(0.0551022,-3.75,-4.6875)(-0.275511,3.75,-3.4375)(0.851424,-4.06668,-0.971568)
204:(-0.275511,3.75,-3.4375)(-25,-5,0)(-0.330613,2.5,-3.125)(-0.330613,4.375,-3.125)
205:(-25,-5,0)(-0.275511,3.75,-3.4375)(-0.330613,2.5,-3.125)(-0.385715,2.5,-2.8125)
206:(-0.330613,1.875,-3.125)(-25,-5,0)(-0.0551022,4.375,-4.6875)(-0.385715,2.5,-2.8125)
207:(-25,-5,0)(-0.0551022,1.875,-4.6875)(-0.330613,4.375,-3.125)(-0.275511,3.75,-3.4375)
208:(-0.110204,1.875,-4.375)(0.440817,1.25,-2.5)(-0.551022,0.625,-1.875)(0.440817,-5,-2.5)
209:(-0.330613,1.875,-3.125)(0.771431,-4.375,-0.625)(-0.275511,0,-3.4375)(-25,-5,0)
210:(0.0551022,-3.75,-4.6875)(-25,-5,0)(-0.275511,3.75,-3.4375)(-0.0551022,1.875,-4.6875)
211:(-25,-5,0)(0.716328,-3.75,-0.9375)(-0.275511,0,-3.4375)(0.440817,5,-2.5)
212:(0.275511,-4.375,-3.4375)(-0.606124,0.625,-1.5625)(0.440817,-5,-2.5)(-0.881635,1.875,0)
213:(0.220409,4.375,-3.75)(-25,5,0)(0,4.375,-5)(0.826533,-3.125,-0.3125)
214:(0.110204,-3.75,-4.375)(0.661226,-3.125,-1.25)(0.440817,-5,-2.5)(0.716328,-5,-0.9375)
215:(-25,-5,0)(-25,5,0)(0.440817,4.375,-2.5)(0.826533,-3.125,-0.3125)
216:(-25,-5,0)(-0.330613,1.875,-3.125)(-0.0551022,4.375,-4.6875)(0.165306,-5,-4.0625)
217:(-25,-5,0)(-0.385715,2.5,-2.8125)(-0.110204,5,-4.375)(-0.0551022,4.375,-4.6875)
218:(-0.385715,2.5,-2.8125)(-25,-5,0)(-0.110204,5,-4.375)(-0.330613,2.5,-3.125)
219:(0.826533,2.5,-0.3125)(-0.716328,-4.375,-0.9375)(0.385715,-5,-2.8125)(0.220409,-0.625,-3.75)
220:(-0.881635,-1.875,0)(-25,-5,0)(0.385715,0.625,-2.8125)(-0.826533,-2.5,-0.3125)
221:(-25,-5,0)(-0.881635,-1.875,0)(0.385715,0.625,-2.8125)(0.881635,5,0)
222:(0.330613,-2.5,-3.125)(0.881635,1.25,0)(0.771431,1.25,-0.625)(0.826533,0.625,-0.3125)
223:(0.385715,5,-2.8125)(-25,5,0)(0.826533,-3.125,-0.3125)(0.440817,4.375,-2.5)
224:(0.851424,-4.06668,-0.971568)(-25,-5,0)(-0.385715,2.5,-2.8125)(-0.275511,3.75,-3.4375)
225:(-25,-5,0)(0.851424,-4.06668,-0.971568)(-0.385715,2.5,-2.8125)(-0.330613,1.875,-3.125)
226:(0.330613,1.875,-3.125)(0.385715,-5,-2.8125)(0.440817,3.125,-2.5)(0.385715,1.875,-2.8125)
227:(0.330613,-2.5,-3.125)(0.771431,-2.5,-0.625)(0.716328,-1.25,-0.9375)(0.275511,3.75,-3.4375)
228:(0.716328,-3.75,-0.9375)(-25,-5,0)(-0.275511,0,-3.4375)(0.771431,-4.375,-0.625)
229:(-0.551022,-3.125,-1.875)(-25,5,0)(0.440817,4.375,-2.5)(0.881635,3.75,0)
230:(0.440817,5,-2.5)(-25,-5,0)(0.881635,-3.125,0)(-0.275511,0,-3.4375)
231:(-25,-5,0)(0.440817,5,-2.5)(0.881635,-3.125,0)(0.881635,-3.75,0)
232:(0.110204,4.375,-4.375)(0.881635,-2.5,0)(0.330613,-2.5,-3.125)(0.826533,-2.5,-0.3125)
233:(-0.385715,-0.625,-2.8125)(-0.771431,3.125,-0.625)(-0.440817,0,-2.5)(-25,-5,0)
234:(0.661226,-3.75,-1.25)(0.110204,-3.125,-4.375)(0.385715,-5,-2.8125)(-0.771431,2.5,-0.625)
235:(0.165306,-5,-4.0625)(-0.275511,0,-3.4375)(0.881635,-3.125,0)(-25,-5,0)
236:(0.49592,3.75,-2.1875)(-25,-5,0)(-0.771431,-5,-0.625)(-0.440817,-1.875,-2.5)
237:(-25,5,0)(-0.551022,-3.125,-1.875)(0.440817,4.375,-2.5)(0.385715,5,-2.8125)
238:(0.330613,0.625,-3.125)(-0.0551022,0.625,-4.6875)(0.385715,-5,-2.8125)(-0.330613,-1.25,-3.125)
239:(-25,-5,0)(0.881635,4.375,0)(-0.661226,-3.75,-1.25)(-0.716328,-3.125,-0.9375)
240:(0.440817,5,-2.5)(0.881635,3.75,0)(0.440817,4.375,-2.5)(-25,-5,0)
241:(-0.220409,3.125,-3.75)(25,-5,-7)(-0.661226,0,-1.25)(-0.606124,-3.125,-1.5625)
242:(0.771431,-4.375,-0.625)(-0.826533,-5,-0.3125)(0.716328,-3.75,-0.9375)(-25,-5,0)
243:(-25,5,0)(-25,-5,0)(0.440817,4.375,-2.5)(0.881635,3.75,0)
244:(-0.716328,0,-0.9375)(25,5,-7)(-0.551022,4.375,-1.875)(-0.49592,3.75,-2.1875)
245:(-25,-5,0)(-0.551022,2.5,-1.875)(0.716328,-3.75,-0.9375)(0.881635,3.75,0)
246:(-0.551022,2.5,-1.875)(-25,-5,0)(0.716328,-3.75,-0.9375)(-0.826533,-5,-0.3125)
247:(-25,-5,0)(-0.551022,-1.25,-1.875)(-0.606124,0,-1.5625)(-0.49592,-0.625,-2.1875)
248:(-25,-5,0)(0.0551022,4.375,-4.6875)(-0.0551022,0,-4.6875)(0.771431,5,-0.625)
249:(0.826533,4.375,-0.3125)(-0.440817,-2.5,-2.5)(-25,5,0)(-0.385715,-5,-2.8125)
250:(-0.661226,0,-1.25)(-0.330613,1.25,-3.125)(-0.661226,1.875,-1.25)(-0.606124,1.25,-1.5625)
251:(-0.330613,-3.125,-3.125)(-0.440817,-1.875,-2.5)(-0.771431,-5,-0.625)(-25,-5,0)
252:(0.771431,5,-0.625)(-25,-5,0)(0.881635,4.375,0)(-0.0551022,0,-4.6875)
253:(0,0,-5)(-0.165306,1.25,-4.0625)(-0.0551022,0,-4.6875)(-25,-5,0)
254:(0.661226,-2.5,-1.25)(0.440817,-4.375,-2.5)(-25,5,0)(0.49592,-5,-2.1875)
255:(-25,-5,0)(0.771431,5,-0.625)(0.881635,4.375,0)(0.49592,-4.375,-2.1875)
256:(-0.0551022,0,-4.6875)(-25,-5,0)(0.826533,5,-0.3125)(0,0,-5)
257:(-25,-5,0)(-0.0551022,0,-4.6875)(0.826533,5,-0.3125)(0.881635,4.375,0)
258:(-0.49592,-0.625,-2.1875)(-0.49592,-1.875,-2.1875)(-0.826533,-2.5,-0.3125)(-25,-5,0)
259:(-0.165306,-0.625,-4.0625)(-25,-5,0)(0.440817,-5,-2.5)(0.716328,-1.875,-0.9375)
260:(-0.440817,-1.875,-2.5)(0.661226,-1.875,-1.25)(0.49592,3.75,-2.1875)(-25,-5,0)
261:(0.771431,-5,-0.625)(0.330613,-2.5,-3.125)(0.881635,1.25,0)(0.440817,-5,-2.5)
262:(-25,-5,0)(-0.716328,-3.125,-0.9375)(-0.49592,-1.25,-2.1875)(-0.440817,-1.875,-2.5)
263:(-25,-5,0)(-0.661226,-3.75,-1.25)(-0.440817,-1.25,-2.5)(-0.49592,-1.25,-2.1875)
264:(-0.551022,1.875,-1.875)(-0.330613,-1.25,-3.125)(0.385715,-5,-2.8125)(-0.275511,-1.25,-3.4375)
265:(-0.716328,-2.5,-0.9375)(0.551022,-4.375,-1.875)(0.440817,-5,-2.5)(-0.385715,3.125,-2.8125)
266:(-25,-5,0)(-0.440817,-1.25,-2.5)(-0.440817,0,-2.5)(-0.385715,-2.5,-2.8125)
267:(-0.661226,-3.75,-1.25)(-25,-5,0)(-0.440817,-1.25,-2.5)(-0.716328,-3.75,-0.9375)
268:(-0.440817,-1.25,-2.5)(-25,-5,0)(-0.440817,0,-2.5)(-0.771431,3.125,-0.625)
269:(-0.716328,-3.125,-0.9375)(-25,-5,0)(-0.49592,-1.25,-2.1875)(-0.661226,-3.75,-1.25)
270:(-0.661226,0,-1.25)(-0.385715,-3.75,-2.8125)(-0.165306,-5,-4.0625)(-0.771431,-3.75,-0.625)
271:(-0.661226,0,-1.25)(-25,-5,0)(-0.606124,2.5,-1.5625)(-0.661226,3.125,-1.25)
272:(-0.661226,0,-1.25)(0,-2.5,-5)(-0.716328,1.25,-0.9375)(-0.716328,0.625,-0.9375)
273:(0.110204,-0.625,-4.375)(0.165306,4.375,-4.0625)(0.330613,-2.5,-3.125)(0.165306,2.5,-4.0625)
274:(-0.771431,3.125,-0.625)(-0.716328,-3.75,-0.9375)(-0.440817,-1.25,-2.5)(-25,-5,0)
275:(-0.0551022,4.375,-4.6875)(-25,-5,0)(-0.49592,-1.875,-2.1875)(-0.110204,5,-4.375)
276:(-25,-5,0)(-0.440817,0,-2.5)(-0.330613,-4.375,-3.125)(-0.330613,-5,-3.125)
277:(0.110204,-2.5,-4.375)(0.330613,-2.5,-3.125)(0.771431,3.75,-0.625)(0.826533,3.125,-0.3125)
278:(-0.551022,3.125,-1.875)(0.881635,5,0)(-0.716328,-3.75,-0.9375)(-25,-5,0)
279:(-0.165306,5,-4.0625)(-25,-5,0)(-0.826533,-2.5,-0.3125)(-0.49592,-1.875,-2.1875)
280:(-0.275511,1.25,-3.4375)(-0.606124,1.25,-1.5625)(-0.661226,0,-1.25)(-0.661226,1.875,-1.25)
281:(-0.385715,-2.5,-2.8125)(-25,-5,0)(-0.330613,-5,-3.125)(-0.440817,0,-2.5)
282:(-0.110204,1.25,-4.375)(0.220409,-1.875,-3.75)(0.440817,-5,-2.5)(0.220409,-2.5,-3.75)
283:(0.826533,5,-0.3125)(-25,-5,0)(-0.716328,-3.75,-0.9375)(0.881635,5,0)
284:(0.716328,4.375,-0.9375)(-25,-5,0)(0.661226,5,-1.25)(0.440817,-5,-2.5)
285:(0.385715,-4.375,-2.8125)(-0.881635,4.375,0)(0.385715,-5,-2.8125)(-0.881635,3.75,0)
286:(-25,-5,0)(-0.0551022,4.375,-4.6875)(-0.49592,-1.875,-2.1875)(-0.165306,5,-4.0625)
287:(-0.0551022,5,-4.6875)(-25,-5,0)(0,-1.25,-5)(-0.165306,0,-4.0625)
288:(-25,-5,0)(0.826533,5,-0.3125)(-0.716328,-3.75,-0.9375)(-0.661226,-3.75,-1.25)
289:(-0.165306,5,-4.0625)(0.165306,-5,-4.0625)(-0.165306,1.875,-4.0625)(-25,-5,0)
290:(-0.551022,-1.25,-1.875)(-0.110204,5,-4.375)(-0.49592,-1.875,-2.1875)(-25,-5,0)
291:(0.440817,0,-2.5)(-0.826533,-2.5,-0.3125)(0.385715,0.625,-2.8125)(-25,-5,0)
292:(-25,-5,0)(-0.165306,5,-4.0625)(-0.826533,-2.5,-0.3125)(-0.881635,-1.875,0)
293:(-25,-5,0)(0.385715,0.625,-2.8125)(-0.606124,3.75,-1.5625)(-0.551022,3.125,-1.875)
294:(0.385715,0.625,-2.8125)(-25,-5,0)(-0.606124,3.75,-1.5625)(0.440817,0,-2.5)
295:(-0.49592,0.625,-2.1875)(0.716328,-2.5,-0.9375)(0.385715,-5,-2.8125)(-0.606124,-5,-1.5625)
296:(-0.275511,2.5,-3.4375)(-0.220409,-0.625,-3.75)(-0.220409,2.5,-3.75)(0.385715,-5,-2.8125)
297:(-0.551022,3.75,-1.875)(-25,-5,0)(-0.771431,-2.5,-0.625)(-0.0551022,3.75,-4.6875)
298:(-0.49592,-0.625,-2.1875)(-25,-5,0)(0.440817,0.625,-2.5)(-0.606124,0,-1.5625)
299:(-25,-5,0)(-0.49592,-0.625,-2.1875)(0.440817,0.625,-2.5)(0.440817,0,-2.5)
300:(-25,-5,0)(-0.606124,0,-1.5625)(0.49592,-0.625,-2.1875)(0.440817,0.625,-2.5)
301:(-0.606124,0,-1.5625)(-25,-5,0)(0.49592,-0.625,-2.1875)(-0.881635,-3.75,0)
302:(0.110204,3.125,-4.375)(-0.440817,5,-2.5)(0.385715,-5,-2.8125)(-0.385715,4.375,-2.8125)
303:(0,-0.625,-5)(-0.165306,0,-4.0625)(-25,-5,0)(-0.275511,4.375,-3.4375)
304:(-0.551022,3.75,-1.875)(0.440817,0,-2.5)(-0.606124,3.75,-1.5625)(-25,-5,0)
305:(-0.385715,-0.625,-2.8125)(-25,-5,0)(-0.110204,-5,-4.375)(-0.440817,-0.625,-2.5)
306:(-25,5,0)(-0.165306,0.625,-4.0625)(-0.0551022,0.625,-4.6875)(0.385715,-5,-2.8125)
307:(-25,-5,0)(-0.826533,3.75,-0.3125)(-0.440817,-0.625,-2.5)(-0.385715,-0.625,-2.8125)
308:(0.0551022,3.125,-4.6875)(-0.440817,4.375,-2.5)(0.385715,-5,-2.8125)(-0.49592,5,-2.1875)
309:(-0.826533,3.75,-0.3125)(-0.551022,3.125,-1.875)(-0.771431,3.125,-0.625)(-25,-5,0)
310:(-25,-5,0)(-0.606124,3.75,-1.5625)(-0.826533,3.125,-0.3125)(-0.826533,3.75,-0.3125)
311:(-0.826533,3.125,-0.3125)(-25,-5,0)(-0.330613,-3.75,-3.125)(-0.771431,-2.5,-0.625)
312:(-0.49592,1.25,-2.1875)(0.440817,-5,-2.5)(0.49592,0.625,-2.1875)(-0.826533,0.625,-0.3125)
313:(-25,-5,0)(-0.220409,1.25,-3.75)(-0.275511,1.875,-3.4375)(-0.0551022,-5,-4.6875)
314:(-25,-5,0)(-0.385715,-0.625,-2.8125)(-0.110204,-5,-4.375)(-0.330613,-4.375,-3.125)
315:(-0.49592,3.125,-2.1875)(0.110204,3.125,-4.375)(0.385715,-5,-2.8125)(-0.440817,2.5,-2.5)
316:(0.330613,-2.5,-3.125)(0.716328,1.25,-0.9375)(0.881635,-2.5,0)(0.330613,3.75,-3.125)
317:(-0.606124,3.75,-1.5625)(-25,-5,0)(-0.826533,3.125,-0.3125)(-0.551022,3.75,-1.875)
318:(-0.0551022,3.75,-4.6875)(0.440817,0.625,-2.5)(-0.551022,3.75,-1.875)(-25,-5,0)
319:(-25,5,0)(-0.275511,-0.625,-3.4375)(-0.220409,-0.625,-3.75)(0.385715,-5,-2.8125)
320:(-25,-5,0)(-0.551022,3.75,-1.875)(-0.771431,-2.5,-0.625)(-0.826533,3.125,-0.3125)
321:(-25,5,0)(-0.606124,-5,-1.5625)(-0.881635,0.176327,0)(-0.881635,0.625,0)
322:(0.385715,-5,-2.8125)(0.165306,1.25,-4.0625)(0.661226,-1.25,-1.25)(0.330613,-0.625,-3.125)
323:(-0.220409,0.625,-3.75)(-25,-5,0)(-0.661226,1.875,-1.25)(-0.661226,0,-1.25)
324:(-25,-5,0)(-0.330613,-5,-3.125)(0.165306,-4.375,-4.0625)(0.165306,-3.75,-4.0625)
325:(-0.716328,0,-0.9375)(-0.661226,0.625,-1.25)(-0.49592,4.375,-2.1875)(-0.551022,4.375,-1.875)
326:(-0.330613,-5,-3.125)(-25,-5,0)(0.165306,-4.375,-4.0625)(-0.330613,-4.375,-3.125)
327:(-0.661226,0,-1.25)(-0.606124,3.125,-1.5625)(-0.606124,1.25,-1.5625)(-0.275511,-4.375,-3.4375)
328:(-0.661226,0,-1.25)(-25,-5,0)(-0.330613,1.25,-3.125)(-0.606124,3.125,-1.5625)
329:(-0.661226,1.875,-1.25)(-25,-5,0)(0.165306,-3.75,-4.0625)(-0.330613,1.25,-3.125)
330:(-0.220409,1.25,-3.75)(-25,-5,0)(-0.275511,1.875,-3.4375)(0.440817,2.5,-2.5)
331:(-0.826533,0,-0.3125)(-0.440817,-0.625,-2.5)(-0.110204,-5,-4.375)(-25,-5,0)
332:(-0.716328,-1.875,-0.9375)(0.661226,4.375,-1.25)(0.440817,-5,-2.5)(0.661226,5,-1.25)
333:(-0.110204,-5,-4.375)(-25,-5,0)(25,5,0)(-0.826533,0,-0.3125)
334:(-25,-5,0)(-0.110204,-5,-4.375)(25,5,0)(0.440817,2.5,-2.5)
335:(-25,-5,0)(-0.220409,1.25,-3.75)(-0.606124,1.875,-1.5625)(0.165306,-4.375,-4.0625)
336:(0.275511,3.75,-3.4375)(0.881635,-1.875,0)(0.330613,-2.5,-3.125)(0.771431,-2.5,-0.625)
337:(-25,-5,0)(-0.385715,-4.375,-2.8125)(-0.661226,0,-1.25)(-0.220409,0.625,-3.75)
338:(-0.110204,-3.125,-4.375)(-0.385715,1.25,-2.8125)(-0.716328,0,-0.9375)(-0.440817,1.875,-2.5)
339:(-0.0551022,-5,-4.6875)(-25,-5,0)(-0.275511,0.625,-3.4375)(-0.440817,-3.75,-2.5)
340:(0.165306,-3.75,-4.0625)(0,2.5,-5)(-0.330613,1.25,-3.125)(-25,-5,0)
341:(-0.220409,-4.375,-3.75)(-0.661226,0,-1.25)(-0.385715,-4.375,-2.8125)(-0.165306,-5,-4.0625)
342:(-0.661226,0,-1.25)(0.771431,-3.125,-0.625)(-0.771431,-3.75,-0.625)(-0.826533,-3.75,-0.3125)
343:(-0.385715,-3.75,-2.8125)(-0.661226,0,-1.25)(-0.165306,-5,-4.0625)(-0.385715,-4.375,-2.8125)
344:(-25,5,0)(-0.49592,-4.375,-2.1875)(-0.606124,-4.375,-1.5625)(-0.551022,-5,-1.875)
345:(0.771431,-3.125,-0.625)(-0.661226,0,-1.25)(-0.771431,-3.75,-0.625)(-0.385715,-3.75,-2.8125)
346:(0.661226,2.5,-1.25)(0.0551022,3.125,-4.6875)(0.385715,-5,-2.8125)(0.110204,2.5,-4.375)
347:(-0.275511,1.25,-3.4375)(-0.661226,0,-1.25)(-0.385715,-3.75,-2.8125)(-0.220409,0.625,-3.75)
348:(-0.220409,0.625,-3.75)(-0.661226,1.875,-1.25)(-0.275511,1.25,-3.4375)(-0.661226,0,-1.25)
349:(-0.606124,3.125,-1.5625)(-0.661226,0,-1.25)(-0.606124,1.25,-1.5625)(-0.330613,1.25,-3.125)
350:(-0.606124,2.5,-1.5625)(-0.220409,-5,-3.75)(-0.661226,3.125,-1.25)(-25,-5,0)
351:(-0.826533,-4.375,-0.3125)(-0.826533,-3.125,-0.3125)(-0.716328,0,-0.9375)(-0.661226,-4.375,-1.25)
352:(-0.0551022,-0.625,-4.6875)(0.716328,-3.125,-0.9375)(-0.110204,-0.625,-4.375)(-0.661226,0,-1.25)
353:(-0.220409,1.25,-3.75)(-25,-5,0)(-0.606124,1.875,-1.5625)(-0.275511,0.625,-3.4375)
354:(-25,-5,0)(-0.220409,1.25,-3.75)(0.165306,-4.375,-4.0625)(0.440817,2.5,-2.5)
355:(0.330613,-2.5,-3.125)(0.551022,1.875,-1.875)(0.49592,-1.875,-2.1875)(0.881635,3.125,0)
356:(-0.440817,-3.75,-2.5)(-0.385715,-4.375,-2.8125)(-25,-5,0)(-0.275511,0.625,-3.4375)
357:(0.440817,2.5,-2.5)(-0.330613,-4.375,-3.125)(0.165306,-4.375,-4.0625)(-25,-5,0)
358:(0.0551022,0,-4.6875)(0.716328,3.75,-0.9375)(0.110204,0,-4.375)(0.385715,-5,-2.8125)
359:(-0.165306,3.75,-4.0625)(-0.275511,-4.375,-3.4375)(-0.661226,-3.125,-1.25)(-0.661226,0,-1.25)
360:(25,-5,0)(-0.661226,-3.125,-1.25)(0.771431,-3.75,-0.625)(-0.661226,0,-1.25)
361:(0.258119,-5,-3.53614)(-0.661226,4.375,-1.25)(-0.716328,0,-0.9375)(-0.661226,5,-1.25)
362:(-0.49592,-0.625,-2.1875)(-0.49592,-1.875,-2.1875)(-25,-5,0)(-0.551022,-1.25,-1.875)
363:(0,1.875,-5)(-25,-5,0)(-0.330613,1.25,-3.125)(0,2.5,-5)
364:(0.551022,-0.625,-1.875)(-25,5,0)(-0.275511,-2.5,-3.4375)(-0.551022,5,-1.875)
365:(-0.606124,-3.125,-1.5625)(-0.661226,0,-1.25)(0.716328,-3.125,-0.9375)(-0.606124,-3.75,-1.5625)
366:(0.440817,-5,-2.5)(0.385715,4.375,-2.8125)(-0.826533,0.625,-0.3125)(-0.49592,1.25,-2.1875)
367:(-0.551022,1.875,-1.875)(-0.330613,-1.25,-3.125)(0.330613,0.625,-3.125)(0.385715,-5,-2.8125)
368:(-0.661226,0,-1.25)(0.771431,-3.75,-0.625)(-0.771431,-4.375,-0.625)(-0.0551022,-0.625,-4.6875)
369:(-0.330613,-3.125,-3.125)(-25,-5,0)(0,2.5,-5)(-0.385715,-2.5,-2.8125)
370:(-25,-5,0)(-0.330613,-3.125,-3.125)(0,2.5,-5)(0,1.875,-5)
371:(-25,-5,0)(0,1.875,-5)(-0.330613,1.25,-3.125)(-0.606124,3.125,-1.5625)
372:(-0.661226,0,-1.25)(-0.165306,3.75,-4.0625)(0.771431,-3.125,-0.625)(25,-5,0)
373:(-0.275511,-2.5,-3.4375)(-0.716328,0,-0.9375)(-0.330613,-2.5,-3.125)(0.716328,-0.625,-0.9375)
374:(0.771431,-3.75,-0.625)(-0.661226,0,-1.25)(-0.771431,-4.375,-0.625)(25,-5,0)
375:(-0.275511,1.25,-3.4375)(-0.606124,1.25,-1.5625)(-0.165306,3.75,-4.0625)(-0.661226,0,-1.25)
376:(-0.165306,3.75,-4.0625)(-0.661226,0,-1.25)(0.771431,-3.125,-0.625)(-0.275511,1.25,-3.4375)
377:(-0.0551022,-0.625,-4.6875)(0.716328,-3.125,-0.9375)(-0.661226,0,-1.25)(0.771431,-3.75,-0.625)
378:(0.330613,-2.5,-3.125)(-0.551022,-2.5,-1.875)(0.771431,0,-0.625)(0.271185,5,-3.46203)
379:(-0.661226,0,-1.25)(-0.220409,3.125,-3.75)(-0.110204,-0.625,-4.375)(-0.826533,5,-0.3125)
380:(25,-5,0)(-0.661226,0,-1.25)(-0.826533,-3.75,-0.3125)(0.771431,-3.125,-0.625)
381:(-0.661226,0,-1.25)(25,-5,0)(-0.826533,-3.75,-0.3125)(-0.771431,-4.375,-0.625)
382:(-0.220409,3.125,-3.75)(-0.661226,0,-1.25)(-0.110204,-0.625,-4.375)(0.716328,-3.125,-0.9375)
383:(-0.606124,-3.75,-1.5625)(-0.661226,0,-1.25)(0.771431,-3.75,-0.625)(-0.661226,-3.125,-1.25)
384:(-0.661226,0,-1.25)(-0.606124,-3.75,-1.5625)(0.771431,-3.75,-0.625)(0.716328,-3.125,-0.9375)
385:(-0.661226,0,-1.25)(-25,-5,0)(-0.606124,3.125,-1.5625)(-0.606124,2.5,-1.5625)
386:(0.330613,-2.5,-3.125)(0.165306,3.75,-4.0625)(0.661226,1.25,-1.25)(0.716328,1.25,-0.9375)
387:(-0.385715,-0.625,-2.8125)(-0.771431,3.125,-0.625)(-25,-5,0)(-0.826533,3.75,-0.3125)
388:(-25,-5,0)(-25,5,0)(0.716328,0,-0.9375)(0,-2.5,-5)
389:(0.0551022,-0.625,-4.6875)(0.881635,-1.25,0)(0.606124,-2.5,-1.5625)(0.606124,-3.125,-1.5625)
390:(0.606124,-1.875,-1.5625)(-0.716328,3.125,-0.9375)(-25,5,0)(0.440817,-4.375,-2.5)
391:(-0.661226,-3.125,-1.25)(-0.275511,-3.75,-3.4375)(-0.606124,-3.75,-1.5625)(-0.661226,0,-1.25)
392:(-0.661226,0,-1.25)(-0.606124,-3.125,-1.5625)(0.716328,-3.125,-0.9375)(-0.220409,3.125,-3.75)
393:(0.0551022,-0.625,-4.6875)(0.661226,-5,-1.25)(0.0551022,-1.875,-4.6875)(0.881635,-1.25,0)
394:(-25,-5,0)(-0.0551022,2.5,-4.6875)(-0.606124,3.125,-1.5625)(-0.606124,2.5,-1.5625)
395:(-25,5,0)(-0.551022,0,-1.875)(-0.551022,5,-1.875)(0.551022,-0.625,-1.875)
396:(-0.716328,0,-0.9375)(-0.771431,-0.625,-0.625)(25,5,-7)(0.49592,1.875,-2.1875)
397:(-0.0551022,-2.5,-4.6875)(-0.165306,-3.75,-4.0625)(-0.0551022,-3.125,-4.6875)(-0.716328,0,-0.9375)
398:(-0.661226,0,-1.25)(-25,-5,0)(-0.661226,3.125,-1.25)(0,-2.5,-5)
399:(-0.661226,0,-1.25)(-0.661226,3.125,-1.25)(-0.275511,-3.75,-3.4375)(-0.716328,1.25,-0.9375)
400:(0.385715,-5,-2.8125)(-0.220409,2.5,-3.75)(-0.275511,-0.625,-3.4375)(-0.220409,-0.625,-3.75)
401:(0.826533,3.75,-0.3125)(0.440817,3.125,-2.5)(0.385715,-5,-2.8125)(0.826533,-0.625,-0.3125)
402:(-0.661226,0,-1.25)(-0.606124,2.5,-1.5625)(-0.275511,-4.375,-3.4375)(-0.275511,-3.75,-3.4375)
403:(0,1.875,-5)(-0.771431,-5,-0.625)(-0.0551022,2.5,-4.6875)(-25,-5,0)
404:(0,-3.75,-5)(-0.716328,0,-0.9375)(0,-4.375,-5)(-0.661226,1.25,-1.25)
405:(-0.606124,2.5,-1.5625)(-0.661226,0,-1.25)(-0.275511,-4.375,-3.4375)(-0.606124,3.125,-1.5625)
406:(0,1.875,-5)(-0.771431,-5,-0.625)(-25,-5,0)(-0.330613,-3.125,-3.125)
407:(-0.606124,-3.75,-1.5625)(-0.716328,1.25,-0.9375)(-0.606124,-3.125,-1.5625)(-0.661226,0,-1.25)
408:(0.110204,4.375,-4.375)(0.330613,-2.5,-3.125)(0.881635,1.875,0)(0.110204,5,-4.375)
409:(-0.716328,-5,-0.9375)(-25,-5,0)(-0.0551022,2.5,-4.6875)(-0.771431,-5,-0.625)
410:(-25,-5,0)(-0.716328,-5,-0.9375)(-0.0551022,2.5,-4.6875)(-0.220409,-5,-3.75)
411:(-25,5,0)(-0.551022,5,-1.875)(-0.220409,-2.5,-3.75)(-0.275511,-2.5,-3.4375)
412:(0.771431,4.375,-0.625)(-25,5,0)(0.49592,-5,-2.1875)(0.716328,5,-0.9375)
413:(-0.716328,-5,-0.9375)(0.49592,3.125,-2.1875)(-0.220409,-3.125,-3.75)(-25,-5,0)
414:(-0.220409,4.375,-3.75)(-0.716328,0,-0.9375)(-25,5,-7)(-0.165306,3.125,-4.0625)
415:(-0.716328,0,-0.9375)(-0.551022,-5,-1.875)(-0.716328,3.75,-0.9375)(-0.771431,3.75,-0.625)
416:(-0.716328,0,-0.9375)(-0.275511,-2.5,-3.4375)(0.661226,0,-1.25)(0.716328,-0.625,-0.9375)
417:(-0.165306,2.5,-4.0625)(0.385715,-5,-2.8125)(0.385715,0,-2.8125)(0.0551022,0.625,-4.6875)
418:(-0.716328,0,-0.9375)(-0.771431,1.25,-0.625)(25,-5,-7)(0.0551022,-5,-4.6875)
419:(-0.330613,3.75,-3.125)(0.0551022,1.875,-4.6875)(0.440817,-5,-2.5)(0,3.125,-5)
420:(-25,-5,0)(-25,5,0)(-0.220409,-3.125,-3.75)(0.716328,0,-0.9375)
421:(-0.220409,-2.5,-3.75)(-25,5,0)(0.716328,0,-0.9375)(-0.220409,-3.125,-3.75)
422:(-25,5,0)(0.771431,4.375,-0.625)(0.49592,-5,-2.1875)(0.440817,-4.375,-2.5)
423:(-0.551022,5,-1.875)(-25,5,0)(-0.220409,-2.5,-3.75)(0.440817,3.75,-2.5)
424:(0.661226,0,-1.25)(-0.716328,0,-0.9375)(0,-2.5,-5)(-25,5,0)
425:(0.110204,1.25,-4.375)(0.661226,-1.25,-1.25)(0.165306,1.25,-4.0625)(0.330613,-0.625,-3.125)
426:(-0.881635,2.5,0)(0.110204,-4.375,-4.375)(0.440817,-5,-2.5)(0.110204,-3.75,-4.375)
427:(-0.716328,0,-0.9375)(-0.661226,0,-1.25)(-0.881635,5,0)(-0.220409,3.75,-3.75)
428:(0.771431,5,-0.625)(0,4.375,-5)(0.716328,5,-0.9375)(-25,-5,0)
429:(0.771431,4.375,-0.625)(0.330613,3.125,-3.125)(-25,5,0)(0.0551022,3.75,-4.6875)
430:(-25,5,0)(0.440817,3.75,-2.5)(-0.220409,-3.125,-3.75)(-0.220409,-2.5,-3.75)
431:(-25,5,0)(0.661226,-2.5,-1.25)(-25,-5,0)(0.49592,3.125,-2.1875)
432:(-25,-5,0)(0.661226,-2.5,-1.25)(0.49592,3.75,-2.1875)(0.49592,3.125,-2.1875)
433:(0.661226,-2.5,-1.25)(-25,-5,0)(0.49592,3.75,-2.1875)(0.661226,-1.875,-1.25)
434:(0.440817,3.75,-2.5)(-25,5,0)(-0.220409,-3.125,-3.75)(0.49592,3.125,-2.1875)
435:(0.661226,0,-1.25)(-0.716328,0,-0.9375)(0.716328,-0.625,-0.9375)(0,-3.125,-5)
436:(0.165306,3.75,-4.0625)(0.330613,-1.875,-3.125)(0.110204,1.875,-4.375)(0.330613,-2.5,-3.125)
437:(-0.385715,0,-2.8125)(0.330613,2.5,-3.125)(-0.330613,0,-3.125)(-25,5,0)
438:(0.606124,-1.875,-1.5625)(-0.716328,3.125,-0.9375)(-0.49592,0,-2.1875)(-25,5,0)
439:(0.330613,2.5,-3.125)(0.275511,-1.25,-3.4375)(-25,5,0)(0.275511,4.375,-3.4375)
440:(0.330613,2.5,-3.125)(0.275511,-1.25,-3.4375)(0.275511,3.125,-3.4375)(-25,5,0)
441:(0.49592,-3.75,-2.1875)(0.330613,-2.5,-3.125)(0.606124,-5,-1.5625)(0.49592,-3.125,-2.1875)
442:(-0.661226,-0.625,-1.25)(-25,5,0)(-0.881635,-2.5,0)(0.220409,-1.25,-3.75)
443:(-0.49592,-4.375,-2.1875)(-0.881635,-2.5,0)(-0.440817,-5,-2.5)(-25,5,0)
444:(-0.551022,-4.375,-1.875)(-25,5,0)(-0.49592,0,-2.1875)(-0.716328,3.125,-0.9375)
445:(-25,-5,0)(-25,5,0)(0.826533,-3.125,-0.3125)(0,4.375,-5)
446:(-25,5,0)(0.0551022,3.75,-4.6875)(0.716328,5,-0.9375)(0.771431,4.375,-0.625)
447:(0.0551022,3.75,-4.6875)(-25,5,0)(0.716328,5,-0.9375)(0,4.375,-5)
448:(-0.771431,3.125,-0.625)(-0.716328,-3.75,-0.9375)(-25,-5,0)(-0.551022,3.125,-1.875)
449:(0.0551022,4.375,-4.6875)(0.826533,-3.125,-0.3125)(0,4.375,-5)(-25,-5,0)
450:(0.551022,4.375,-1.875)(-0.606124,-1.25,-1.5625)(0.440817,-5,-2.5)(0.551022,2.5,-1.875)
451:(0.165306,3.75,-4.0625)(0.330613,-2.5,-3.125)(0.661226,1.25,-1.25)(0.165306,3.125,-4.0625)
452:(-25,5,0)(-0.385715,0,-2.8125)(0.440817,-4.375,-2.5)(-0.716328,3.125,-0.9375)
453:(0.551022,-0.625,-1.875)(-0.716328,3.75,-0.9375)(-25,5,0)(-0.551022,0,-1.875)
454:(0.330613,3.125,-3.125)(0.275511,4.375,-3.4375)(0.330613,2.5,-3.125)(-25,5,0)
455:(-0.385715,0,-2.8125)(-25,5,0)(0.440817,-4.375,-2.5)(0.771431,4.375,-0.625)
456:(-25,5,0)(0.220409,5,-3.75)(0.0551022,3.75,-4.6875)(0.330613,3.125,-3.125)
457:(0.220409,5,-3.75)(-25,5,0)(0.0551022,3.75,-4.6875)(0.220409,4.375,-3.75)
458:(0.165306,1.25,-4.0625)(0.220409,0.625,-3.75)(0.385715,-5,-2.8125)(0.385715,-2.5,-2.8125)
459:(0.275511,3.125,-3.4375)(-25,5,0)(-0.330613,0,-3.125)(0.330613,2.5,-3.125)
460:(-0.330613,0,-3.125)(-25,5,0)(-0.716328,3.125,-0.9375)(-0.385715,0,-2.8125)
461:(-25,5,0)(-0.330613,0,-3.125)(-0.716328,3.125,-0.9375)(-0.551022,-4.375,-1.875)
462:(0.385715,-5,-2.8125)(0.110204,1.25,-4.375)(0.881635,0.625,0)(0.49592,5,-2.1875)
463:(-0.826533,-3.125,-0.3125)(-0.716328,0,-0.9375)(-0.440817,-5,-2.5)(-25,5,0)
464:(-0.440817,-5,-2.5)(-0.716328,0,-0.9375)(-0.661226,-4.375,-1.25)(-0.220409,-1.875,-3.75)
465:(0.275511,-1.875,-3.4375)(-25,5,0)(0.275511,3.125,-3.4375)(0.275511,-1.25,-3.4375)
466:(-0.385715,0.625,-2.8125)(-0.716328,0,-0.9375)(-0.440817,1.25,-2.5)(-0.771431,0,-0.625)
467:(-0.440817,-4.375,-2.5)(-25,5,0)(-0.551022,-4.375,-1.875)(-0.330613,0,-3.125)
468:(-25,5,0)(-0.440817,-4.375,-2.5)(-0.551022,-4.375,-1.875)(-0.606124,-4.375,-1.5625)
469:(0.330613,-1.25,-3.125)(0.275511,2.5,-3.4375)(-25,5,0)(-0.385715,-1.875,-2.8125)
470:(-25,5,0)(0.275511,-1.875,-3.4375)(0.275511,3.125,-3.4375)(-0.881635,-3.125,0)
471:(0.165306,4.375,-4.0625)(0.330613,-4.375,-3.125)(0.165306,3.125,-4.0625)(0.330613,-2.5,-3.125)
472:(0.440817,2.5,-2.5)(-0.330613,-4.375,-3.125)(-25,-5,0)(-0.110204,-5,-4.375)
473:(-0.716328,0,-0.9375)(-0.220409,-1.875,-3.75)(-0.771431,3.75,-0.625)(-0.771431,4.375,-0.625)
474:(-0.275511,-3.125,-3.4375)(-0.716328,0,-0.9375)(0,-3.75,-5)(-0.110204,0,-4.375)
475:(-0.716328,0,-0.9375)(0.606124,-0.625,-1.5625)(-0.330613,-2.5,-3.125)(-0.275511,-3.125,-3.4375)
476:(-0.716328,0,-0.9375)(0.551022,0,-1.875)(-0.275511,-3.125,-3.4375)(0,-3.75,-5)
477:(-0.440817,-5,-2.5)(-25,5,0)(-0.551022,-5,-1.875)(-0.49592,-4.375,-2.1875)
478:(-0.440817,-5,-2.5)(-0.716328,0,-0.9375)(-0.551022,-5,-1.875)(-25,5,0)
479:(-0.716328,0,-0.9375)(-0.220409,1.875,-3.75)(-0.0551022,-4.375,-4.6875)(-0.110204,-4.375,-4.375)
480:(-0.881635,-3.125,0)(0.220409,-1.25,-3.75)(-0.881635,-2.5,0)(-25,5,0)
481:(-0.49592,1.25,-2.1875)(0.330613,5,-3.125)(0.385715,-5,-2.8125)(0.385715,4.375,-2.8125)
482:(-0.110204,4.375,-4.375)(-0.716328,0,-0.9375)(-0.771431,-1.875,-0.625)(-0.110204,3.75,-4.375)
483:(-0.440817,1.25,-2.5)(-0.716328,0,-0.9375)(-0.771431,-0.625,-0.625)(-0.771431,0,-0.625)
484:(-0.220409,1.875,-3.75)(-0.716328,0,-0.9375)(-0.0551022,-4.375,-4.6875)(-0.49592,3.75,-2.1875)
485:(-0.716328,0,-0.9375)(-0.826533,-3.125,-0.3125)(-0.440817,-5,-2.5)(-0.661226,-4.375,-1.25)
486:(-0.110204,3.75,-4.375)(0.49592,0,-2.1875)(-0.110204,4.375,-4.375)(-0.716328,0,-0.9375)
487:(0.275511,0.625,-3.4375)(0.330613,0,-3.125)(0.0551022,-0.625,-4.6875)(0.551022,3.75,-1.875)
488:(-0.881635,-4.375,0)(-0.165306,-0.625,-4.0625)(-25,-5,0)(0.165306,-1.875,-4.0625)
489:(-0.826533,3.75,-0.3125)(-0.551022,3.125,-1.875)(-25,-5,0)(-0.606124,3.75,-1.5625)
490:(0.551022,5,-1.875)(0.385715,-5,-2.8125)(0.110204,1.25,-4.375)(0.330613,-0.625,-3.125)
491:(-0.551022,-5,-1.875)(-0.716328,0,-0.9375)(-0.220409,-1.875,-3.75)(-0.771431,3.75,-0.625)
492:(-0.716328,0,-0.9375)(-0.275511,-3.125,-3.4375)(-0.110204,-3.75,-4.375)(-0.110204,0,-4.375)
493:(0.330613,-2.5,-3.125)(0.551022,2.5,-1.875)(0.165306,1.875,-4.0625)(0.220409,1.25,-3.75)
494:(-0.716328,0,-0.9375)(-0.661226,-4.375,-1.25)(-0.220409,-1.875,-3.75)(-0.110204,3.75,-4.375)
495:(-0.716328,0,-0.9375)(-0.826533,-1.875,-0.3125)(-0.385715,0.625,-2.8125)(-0.440817,1.25,-2.5)
496:(0.275511,0.625,-3.4375)(0.330613,0,-3.125)(0.606124,-3.75,-1.5625)(0.0551022,-0.625,-4.6875)
497:(-0.716328,5,-0.9375)(-0.716328,0,-0.9375)(0.220409,-4.375,-3.75)(-0.661226,4.375,-1.25)
498:(-0.220409,-3.75,-3.75)(-0.716328,0,-0.9375)(-0.0551022,-3.125,-4.6875)(-0.165306,-3.75,-4.0625)
499:(0.49592,-3.125,-2.1875)(0.165306,-0.625,-4.0625)(0.49592,-3.75,-2.1875)(0.330613,-2.5,-3.125)
500:(-0.551022,0,-1.875)(-0.606124,-4.375,-1.5625)(-0.716328,3.75,-0.9375)(-25,5,0)
501:(0.385715,5,-2.8125)(-0.49592,-3.75,-2.1875)(-25,5,0)(-0.551022,-3.125,-1.875)
502:(0.330613,-2.5,-3.125)(0.49592,-3.125,-2.1875)(0.606124,-4.375,-1.5625)(0.606124,-5,-1.5625)
503:(0,0,-5)(-0.165306,1.25,-4.0625)(-25,-5,0)(-0.165306,1.875,-4.0625)
504:(-0.716328,-5,-0.9375)(0.49592,3.125,-2.1875)(-25,-5,0)(0.49592,3.75,-2.1875)
505:(0.881635,-5,0)(0.606124,-3.75,-1.5625)(0.0551022,-0.625,-4.6875)(0.275511,0.625,-3.4375)
506:(-0.771431,5,-0.625)(0.330613,-2.5,-3.125)(0.440817,-5,-2.5)(0.0551022,-2.5,-4.6875)
507:(0.881635,-5,0)(0.606124,-3.75,-1.5625)(0.661226,-5,-1.25)(0.0551022,-0.625,-4.6875)
508:(0.330613,-2.5,-3.125)(-0.49592,-5,-2.1875)(0.771431,2.5,-0.625)(0.771431,0,-0.625)
509:(0.330613,-2.5,-3.125)(0.220409,1.25,-3.75)(-0.49592,-5,-2.1875)(-0.551022,-2.5,-1.875)
510:(0.330613,-2.5,-3.125)(0.606124,4.375,-1.5625)(0.551022,3.125,-1.875)(0.826533,3.125,-0.3125)
511:(-0.716328,3.75,-0.9375)(-0.716328,0,-0.9375)(-0.771431,3.75,-0.625)(0.606124,-0.625,-1.5625)
512:(-0.49592,3.75,-2.1875)(0.49592,1.875,-2.1875)(-0.220409,1.875,-3.75)(-0.716328,0,-0.9375)
513:(-0.716328,0,-0.9375)(-0.771431,3.75,-0.625)(0.606124,-0.625,-1.5625)(0.551022,0,-1.875)
514:(-0.49592,4.375,-2.1875)(-0.716328,0,-0.9375)(0.220409,-5,-3.75)(-0.716328,5,-0.9375)
515:(-0.716328,0,-0.9375)(-0.110204,-3.75,-4.375)(-0.661226,5,-1.25)(-0.661226,4.375,-1.25)
516:(-0.716328,0,-0.9375)(-0.49592,4.375,-2.1875)(0.220409,-5,-3.75)(-0.165306,-3.75,-4.0625)
517:(-0.716328,3.75,-0.9375)(-0.716328,0,-0.9375)(0.551022,-0.625,-1.875)(-25,5,0)
518:(-0.716328,0,-0.9375)(-0.716328,3.75,-0.9375)(0.551022,-0.625,-1.875)(0.606124,-0.625,-1.5625)
519:(0.606124,-0.625,-1.5625)(-0.716328,0,-0.9375)(0.551022,0,-1.875)(-0.275511,-3.125,-3.4375)
520:(-0.165306,3.125,-4.0625)(0.110204,-5,-4.375)(-0.716328,0,-0.9375)(0.0551022,-5,-4.6875)
521:(-0.716328,0,-0.9375)(-0.220409,-3.75,-3.75)(-0.0551022,-3.125,-4.6875)(-0.385715,1.875,-2.8125)
522:(-0.716328,0,-0.9375)(-0.661226,1.25,-1.25)(-0.716328,5,-0.9375)(-0.49592,4.375,-2.1875)
523:(0.330613,-2.5,-3.125)(0.551022,3.125,-1.875)(0.220409,1.25,-3.75)(0.220409,1.875,-3.75)
524:(-0.716328,0,-0.9375)(-0.165306,-4.375,-4.0625)(-25,-5,-7)(-0.0551022,-1.875,-4.6875)
525:(0.716328,4.375,-0.9375)(-0.258119,5,-3.53614)(0.440817,-5,-2.5)(-0.716328,-2.5,-0.9375)
526:(-0.716328,0,-0.9375)(-0.49592,3.75,-2.1875)(-0.220409,-3.75,-3.75)(-0.0551022,-4.375,-4.6875)
527:(0.0551022,-0.625,-4.6875)(0.551022,3.75,-1.875)(0.551022,0.625,-1.875)(0.275511,0.625,-3.4375)
528:(-0.110204,-4.375,-4.375)(-0.716328,0,-0.9375)(-0.440817,1.875,-2.5)(-0.0551022,-4.375,-4.6875)
529:(-0.826533,-3.125,-0.3125)(-0.716328,0,-0.9375)(-25,5,0)(-0.275511,5,-3.4375)
530:(0,-4.375,-5)(-0.716328,0,-0.9375)(-0.771431,0,-0.625)(-0.661226,0.625,-1.25)
531:(-0.661226,0.625,-1.25)(-0.716328,0,-0.9375)(25,5,-7)(-0.551022,4.375,-1.875)
532:(-0.716328,0,-0.9375)(-0.0551022,-2.5,-4.6875)(-0.220409,5,-3.75)(-0.165306,4.375,-4.0625)
533:(-0.716328,0,-0.9375)(-0.440817,1.875,-2.5)(-0.165306,-2.5,-4.0625)(-0.110204,-3.125,-4.375)
534:(0.220409,0.625,-3.75)(0.881635,-4.375,0)(0.385715,-5,-2.8125)(0.0551022,-0.625,-4.6875)
535:(-0.771431,4.375,-0.625)(-0.716328,0,-0.9375)(-0.771431,-1.875,-0.625)(-0.275511,-5,-3.4375)
536:(-0.385715,1.875,-2.8125)(-0.0551022,-4.375,-4.6875)(-0.440817,1.875,-2.5)(-0.716328,0,-0.9375)
537:(-0.110204,-3.125,-4.375)(-0.385715,1.25,-2.8125)(-0.165306,-4.375,-4.0625)(-0.716328,0,-0.9375)
538:(-0.110204,-1.25,-4.375)(-0.110204,-3.125,-4.375)(-25,-5,-7)(-0.716328,0,-0.9375)
539:(-0.165306,-3.125,-4.0625)(-0.716328,0,-0.9375)(-0.110204,-2.5,-4.375)(-0.165306,4.375,-4.0625)
540:(-0.165306,-1.875,-4.0625)(-0.165306,4.375,-4.0625)(-0.110204,-2.5,-4.375)(-0.716328,0,-0.9375)
541:(-0.716328,0,-0.9375)(-0.165306,-2.5,-4.0625)(-0.0551022,-1.25,-4.6875)(-0.110204,-1.25,-4.375)
542:(-0.165306,-2.5,-4.0625)(-0.716328,0,-0.9375)(-0.0551022,-1.25,-4.6875)(-0.165306,-3.125,-4.0625)
543:(-0.716328,0,-0.9375)(-0.385715,1.875,-2.8125)(-0.165306,-3.125,-4.0625)(-0.165306,-2.5,-4.0625)
544:(-0.385715,1.875,-2.8125)(-0.716328,0,-0.9375)(-0.165306,-3.125,-4.0625)(-0.0551022,-3.125,-4.6875)
545:(-0.165306,4.375,-4.0625)(-0.0551022,-3.125,-4.6875)(-0.165306,-3.125,-4.0625)(-0.716328,0,-0.9375)
546:(-0.275511,-1.25,-3.4375)(-25,5,0)(-0.330613,-1.25,-3.125)(0.385715,-5,-2.8125)
547:(-0.716328,0,-0.9375)(0.551022,-0.625,-1.875)(-0.275511,-2.5,-3.4375)(-0.330613,-2.5,-3.125)
548:(-0.110204,-3.75,-4.375)(-0.716328,0,-0.9375)(-0.110204,0,-4.375)(-0.661226,4.375,-1.25)
549:(-0.606124,-3.125,-1.5625)(-0.716328,0.625,-0.9375)(25,-5,-7)(-0.661226,0,-1.25)
550:(-0.330613,-2.5,-3.125)(-0.716328,0,-0.9375)(-0.275511,-3.125,-3.4375)(-0.110204,-3.75,-4.375)
551:(-0.716328,0,-0.9375)(0.716328,-0.625,-0.9375)(0,-3.125,-5)(-0.661226,5,-1.25)
552:(-0.385715,1.875,-2.8125)(-0.0551022,-4.375,-4.6875)(-0.716328,0,-0.9375)(-0.220409,-3.75,-3.75)
553:(-25,5,0)(-0.220409,-2.5,-3.75)(0.716328,0,-0.9375)(0.661226,0,-1.25)
554:(-0.275511,-2.5,-3.4375)(-0.716328,0,-0.9375)(0.661226,0,-1.25)(-25,5,0)
555:(-0.826533,1.25,-0.3125)(-0.881635,2.5,0)(0.440817,-5,-2.5)(-0.551022,-1.875,-1.875)
556:(-0.716328,0,-0.9375)(-0.716328,5,-0.9375)(0.220409,-4.375,-3.75)(0.220409,-5,-3.75)
557:(0.716328,1.25,-0.9375)(0.110204,1.875,-4.375)(0.606124,-4.375,-1.5625)(0.330613,-2.5,-3.125)
558:(-0.716328,0,-0.9375)(-0.330613,-2.5,-3.125)(0.716328,-0.625,-0.9375)(-0.110204,-3.75,-4.375)
559:(-0.165306,1.25,-4.0625)(0.881635,-3.75,0)(-25,-5,0)(0.881635,-3.125,0)
560:(-0.716328,0,-0.9375)(0.220409,-4.375,-3.75)(0.110204,-5,-4.375)(0.0551022,-4.375,-4.6875)
561:(0.0551022,-4.375,-4.6875)(0.220409,-5,-3.75)(-0.0551022,-2.5,-4.6875)(-0.716328,0,-0.9375)
562:(-25,-5,0)(-0.220409,-3.125,-3.75)(-0.220409,-5,-3.75)(0.716328,0,-0.9375)
563:(-0.716328,0,-0.9375)(0.0551022,-4.375,-4.6875)(-0.220409,4.375,-3.75)(-0.220409,5,-3.75)
564:(-0.771431,1.25,-0.625)(-0.716328,0,-0.9375)(25,-5,-7)(-0.716328,0.625,-0.9375)
565:(0.330613,-2.5,-3.125)(0.385715,1.25,-2.8125)(-0.606124,-2.5,-1.5625)(-0.49592,-2.5,-2.1875)
566:(-25,5,0)(-25,-5,0)(-0.661226,0,-1.25)(0,-2.5,-5)
567:(0.826533,-2.5,-0.3125)(0.661226,1.25,-1.25)(0.881635,-2.5,0)(0.330613,-2.5,-3.125)
568:(-0.881635,-1.875,0)(-0.165306,1.875,-4.0625)(-25,-5,0)(-0.165306,5,-4.0625)
569:(0.49592,-3.125,-2.1875)(0.330613,-2.5,-3.125)(0.606124,-4.375,-1.5625)(0.110204,1.875,-4.375)
570:(-0.661226,5,-1.25)(-0.716328,0,-0.9375)(-0.771431,1.25,-0.625)(0,-3.125,-5)
571:(0.661226,1.875,-1.25)(0,5,-5)(0.330613,-2.5,-3.125)(0.49592,-3.75,-2.1875)
572:(-0.716328,0,-0.9375)(-0.661226,5,-1.25)(-0.771431,1.25,-0.625)(0.258119,-5,-3.53614)
573:(-0.220409,-3.125,-3.75)(-25,-5,0)(-0.220409,-5,-3.75)(-0.716328,-5,-0.9375)
574:(0,-2.5,-5)(-0.661226,0,-1.25)(-0.716328,1.25,-0.9375)(-0.661226,3.125,-1.25)
575:(-25,5,0)(-0.661226,0,-1.25)(-0.716328,0,-0.9375)(0,-2.5,-5)
576:(-0.716328,0,-0.9375)(0,-3.125,-5)(-0.716328,0.625,-0.9375)(-0.771431,1.25,-0.625)
577:(0,-3.125,-5)(-0.716328,0,-0.9375)(-0.716328,0.625,-0.9375)(0,-2.5,-5)
578:(0.220409,-4.375,-3.75)(-0.716328,0,-0.9375)(0.110204,-5,-4.375)(0.258119,-5,-3.53614)
579:(0.258119,-5,-3.53614)(-0.661226,4.375,-1.25)(0.220409,-4.375,-3.75)(-0.716328,0,-0.9375)
580:(-0.716328,0,-0.9375)(-0.220409,5,-3.75)(-0.110204,-1.875,-4.375)(-0.165306,-1.875,-4.0625)
581:(0.258119,-5,-3.53614)(-0.716328,0,-0.9375)(0.0551022,-5,-4.6875)(-0.771431,1.25,-0.625)
582:(0.0551022,-4.375,-4.6875)(-0.716328,0,-0.9375)(-0.220409,4.375,-3.75)(0.110204,-5,-4.375)
583:(-0.716328,0,-0.9375)(0.258119,-5,-3.53614)(0.0551022,-5,-4.6875)(0.110204,-5,-4.375)
584:(-0.220409,5,-3.75)(-0.716328,0,-0.9375)(-0.110204,-1.875,-4.375)(-0.220409,4.375,-3.75)
585:(-0.220409,3.75,-3.75)(-0.661226,0,-1.25)(-0.826533,5,-0.3125)(-0.220409,3.125,-3.75)
586:(-0.165306,3.125,-4.0625)(0.110204,-5,-4.375)(-0.220409,4.375,-3.75)(-0.716328,0,-0.9375)
587:(-0.661226,0,-1.25)(-0.716328,0,-0.9375)(25,-5,-7)(-0.220409,3.75,-3.75)
588:(-0.661226,0,-1.25)(-0.826533,4.375,-0.3125)(-0.881635,5,0)(-0.220409,3.75,-3.75)
589:(-0.220409,3.75,-3.75)(0.0551022,-5,-4.6875)(-0.165306,3.125,-4.0625)(-0.716328,0,-0.9375)
590:(-0.716328,0,-0.9375)(-0.220409,4.375,-3.75)(-25,5,-7)(-0.110204,-1.875,-4.375)
591:(-0.220409,3.125,-3.75)(25,-5,-7)(-0.220409,3.75,-3.75)(-0.661226,0,-1.25)
592:(-0.716328,0,-0.9375)(-0.165306,3.125,-4.0625)(-0.881635,5,0)(-25,5,-7)
593:(-0.165306,3.125,-4.0625)(-0.716328,0,-0.9375)(-0.881635,5,0)(-0.220409,3.75,-3.75)
594:(-0.881635,0.625,0)(-0.275511,-0.625,-3.4375)(-25,5,0)(-0.606124,-5,-1.5625)
595:(-0.826533,-1.25,-0.3125)(0.771431,1.875,-0.625)(0.385715,-5,-2.8125)(0.826533,1.875,-0.3125)
596:(-0.440817,-1.875,-2.5)(0.661226,-1.875,-1.25)(-25,-5,0)(-0.716328,-3.125,-0.9375)
597:(0.165306,3.125,-4.0625)(0.330613,-2.5,-3.125)(0.661226,0.625,-1.25)(0.165306,4.375,-4.0625)
598:(0.330613,-2.5,-3.125)(0.330613,-5,-3.125)(0.165306,3.125,-4.0625)(0.165306,3.75,-4.0625)
599:(0.661226,0,-1.25)(-0.275511,-2.5,-3.4375)(-25,5,0)(-0.220409,-2.5,-3.75)
600:(0.110204,1.875,-4.375)(0.440817,-3.75,-2.5)(0.49592,-3.125,-2.1875)(0.330613,-2.5,-3.125)
601:(-0.0551022,3.75,-4.6875)(0.440817,0.625,-2.5)(-25,-5,0)(0.49592,-0.625,-2.1875)
602:(0.0551022,-0.625,-4.6875)(0.551022,-3.75,-1.875)(0.661226,-5,-1.25)(0.826533,-5,-0.3125)
603:(0.330613,-5,-3.125)(0.330613,-2.5,-3.125)(0.165306,3.125,-4.0625)(0.330613,-4.375,-3.125)
604:(0.716328,1.25,-0.9375)(0.330613,-2.5,-3.125)(0.881635,-2.5,0)(0.661226,1.25,-1.25)
605:(-0.826533,0,-0.3125)(-0.440817,-0.625,-2.5)(-25,-5,0)(-0.330613,-3.75,-3.125)
606:(0.385715,1.875,-2.8125)(0.551022,-2.5,-1.875)(0.330613,1.875,-3.125)(0.385715,-5,-2.8125)
607:(-0.826533,2.5,-0.3125)(0.606124,5,-1.5625)(0.385715,-5,-2.8125)(-0.551022,-0.625,-1.875)
608:(0.330613,-2.5,-3.125)(0.661226,0.625,-1.25)(0.220409,3.75,-3.75)(0.826533,-2.5,-0.3125)
609:(0.881635,1.25,0)(0.330613,-2.5,-3.125)(0.771431,1.25,-0.625)(0.440817,-5,-2.5)
610:(0.881635,-0.176327,0)(0.0551022,2.5,-4.6875)(0.385715,-5,-2.8125)(0.881635,0,0)
611:(0.826533,1.875,-0.3125)(0.881635,-0.176327,0)(0.385715,-5,-2.8125)(0,1.25,-5)
612:(-0.440817,0.625,-2.5)(0.330613,-1.25,-3.125)(-25,5,0)(0.385715,-1.875,-2.8125)
613:(0.0551022,-0.625,-4.6875)(0.440817,-5,-2.5)(0.606124,-2.5,-1.5625)(0.330613,-2.5,-3.125)
614:(0.49592,-3.125,-2.1875)(0.165306,-0.625,-4.0625)(0.330613,-2.5,-3.125)(0.440817,-3.75,-2.5)
615:(0.110204,1.25,-4.375)(0.385715,-5,-2.8125)(0.881635,0.625,0)(0.771431,-1.25,-0.625)
616:(0.110204,1.875,-4.375)(0.440817,-3.75,-2.5)(0.330613,-2.5,-3.125)(0.330613,-1.875,-3.125)
617:(0.826533,-0.625,-0.3125)(0.385715,1.875,-2.8125)(0.385715,-5,-2.8125)(0.49592,4.375,-2.1875)
618:(-0.0551022,0.625,-4.6875)(-0.330613,-1.25,-3.125)(-0.385715,-1.875,-2.8125)(-25,5,0)
619:(-0.440817,3.75,-2.5)(-0.716328,4.375,-0.9375)(0.440817,-5,-2.5)(-0.771431,5,-0.625)
620:(0.0551022,-0.625,-4.6875)(0.110204,3.75,-4.375)(0.606124,-3.125,-1.5625)(0.551022,-2.5,-1.875)
621:(0.165306,3.75,-4.0625)(0.330613,-1.875,-3.125)(0.330613,-2.5,-3.125)(0.330613,-5,-3.125)
622:(0.330613,-2.5,-3.125)(0.165306,3.125,-4.0625)(0.661226,0.625,-1.25)(0.661226,1.25,-1.25)
623:(0.110204,0,-4.375)(-0.220409,2.5,-3.75)(0.385715,-5,-2.8125)(-0.275511,2.5,-3.4375)
624:(0.385715,-5,-2.8125)(0.110204,2.5,-4.375)(0.716328,3.75,-0.9375)(0.661226,2.5,-1.25)
625:(0.330613,-2.5,-3.125)(0.771431,-5,-0.625)(0.881635,1.25,0)(0.771431,2.5,-0.625)
626:(-0.385715,0,-2.8125)(0.330613,2.5,-3.125)(-25,5,0)(0.330613,3.125,-3.125)
627:(0.826533,-3.75,-0.3125)(0.551022,1.25,-1.875)(0.440817,-5,-2.5)(0.606124,0.625,-1.5625)
628:(-25,-5,0)(-0.385715,-4.375,-2.8125)(-0.220409,0.625,-3.75)(-0.275511,0.625,-3.4375)
629:(0.771431,-2.5,-0.625)(0.330613,-2.5,-3.125)(0.716328,-1.25,-0.9375)(0.330613,3.75,-3.125)
630:(0.826533,-2.5,-0.3125)(0.330613,-2.5,-3.125)(0.110204,5,-4.375)(0.220409,3.75,-3.75)
631:(0,5,-5)(0.551022,0.625,-1.875)(0.330613,-2.5,-3.125)(0.606124,3.125,-1.5625)
632:(0.0551022,3.125,-4.6875)(-0.440817,4.375,-2.5)(0.0551022,-3.125,-4.6875)(0.385715,-5,-2.8125)
633:(0.49592,1.25,-2.1875)(-0.826533,0.625,-0.3125)(0.440817,-5,-2.5)(-0.771431,0.625,-0.625)
634:(-0.440817,3.125,-2.5)(-0.606124,4.375,-1.5625)(0.385715,4.375,-2.8125)(0.440817,-5,-2.5)
635:(-0.0551022,0.625,-4.6875)(-25,5,0)(-0.0551022,3.125,-4.6875)(-0.165306,0.625,-4.0625)
636:(0.330613,-2.5,-3.125)(0.606124,-5,-1.5625)(0.771431,-2.5,-0.625)(0.881635,-1.875,0)
637:(-0.551022,-1.875,-1.875)(0.110204,-3.75,-4.375)(0.440817,-5,-2.5)(-0.716328,-0.625,-0.9375)
638:(0.716328,1.25,-0.9375)(0.110204,1.875,-4.375)(0.330613,-2.5,-3.125)(0.165306,3.75,-4.0625)
639:(-0.606124,-1.875,-1.5625)(0.385715,-5,-2.8125)(0.385715,3.125,-2.8125)(0.440817,3.125,-2.5)
640:(0.716328,-2.5,-0.9375)(-25,5,0)(-0.551022,2.5,-1.875)(0.716328,-1.875,-0.9375)
641:(0.330613,3.75,-3.125)(0.606124,-4.375,-1.5625)(0.771431,-2.5,-0.625)(0.330613,-2.5,-3.125)
642:(-25,5,0)(-0.165306,0.625,-4.0625)(-0.330613,-1.875,-3.125)(-0.0551022,3.125,-4.6875)
643:(0.385715,4.375,-2.8125)(0.440817,-5,-2.5)(-0.826533,0.625,-0.3125)(-0.440817,3.125,-2.5)
644:(0.385715,-5,-2.8125)(0.606124,-3.125,-1.5625)(0.49592,4.375,-2.1875)(0.385715,1.875,-2.8125)
645:(0.606124,-1.25,-1.5625)(-0.330613,3.125,-3.125)(0.440817,-5,-2.5)(0.551022,1.25,-1.875)
646:(0.440817,5,-2.5)(0.881635,3.75,0)(-25,-5,0)(0.716328,-3.75,-0.9375)
647:(-0.110204,0,-4.375)(-0.716328,0,-0.9375)(-0.661226,1.25,-1.25)(-0.716328,5,-0.9375)
648:(0.110204,4.375,-4.375)(0.881635,-2.5,0)(0.0551022,5,-4.6875)(0.330613,-2.5,-3.125)
649:(0.0551022,4.375,-4.6875)(0.826533,-3.125,-0.3125)(-25,-5,0)(0.881635,-3.75,0)
650:(0.551022,-3.75,-1.875)(0.0551022,-0.625,-4.6875)(0.661226,-5,-1.25)(0.606124,-3.75,-1.5625)
651:(0.0551022,-0.625,-4.6875)(0.275511,-0.625,-3.4375)(0.606124,-3.75,-1.5625)(0.551022,-3.75,-1.875)
652:(-0.551022,-3.75,-1.875)(-0.606124,-5,-1.5625)(0.385715,-5,-2.8125)(-0.275511,-0.625,-3.4375)
653:(0.0551022,-0.625,-4.6875)(0.440817,1.875,-2.5)(0.551022,-2.5,-1.875)(0.440817,-2.5,-2.5)
654:(0.826533,-5,-0.3125)(0.606124,2.5,-1.5625)(0.771431,0.625,-0.625)(0.0551022,-0.625,-4.6875)
655:(0.551022,-3.75,-1.875)(0.440817,-1.25,-2.5)(0.606124,2.5,-1.5625)(0.0551022,-0.625,-4.6875)
656:(0.440817,1.875,-2.5)(0.716328,0.625,-0.9375)(0.0551022,-0.625,-4.6875)(0.771431,0.625,-0.625)
657:(-25,5,0)(-0.0551022,0.625,-4.6875)(-0.0551022,3.125,-4.6875)(-0.385715,-1.875,-2.8125)
658:(0.440817,-5,-2.5)(-0.49592,1.25,-2.1875)(0.49592,0.625,-2.1875)(0.440817,1.25,-2.5)
659:(0.826533,-5,-0.3125)(0.0551022,-0.625,-4.6875)(0.881635,-1.25,0)(0.661226,-5,-1.25)
660:(0.661226,-5,-1.25)(0.0551022,-0.625,-4.6875)(0.0551022,-1.875,-4.6875)(0.881635,-5,0)
661:(0.0551022,-0.625,-4.6875)(0.826533,-5,-0.3125)(0.881635,-1.25,0)(0.110204,3.75,-4.375)
662:(0.110204,3.75,-4.375)(0.0551022,-0.625,-4.6875)(0.606124,-3.125,-1.5625)(0.881635,-1.25,0)
663:(0.275511,-0.625,-3.4375)(0.0551022,-0.625,-4.6875)(0.606124,-3.75,-1.5625)(0.330613,0,-3.125)
664:(0.0551022,-0.625,-4.6875)(0.771431,0.625,-0.625)(0.110204,3.75,-4.375)(0.440817,1.875,-2.5)
665:(0.440817,1.875,-2.5)(0.0551022,-0.625,-4.6875)(0.551022,-2.5,-1.875)(0.110204,3.75,-4.375)
666:(0.771431,0.625,-0.625)(0.0551022,-0.625,-4.6875)(0.110204,3.75,-4.375)(0.826533,-5,-0.3125)
667:(-0.165306,3.75,-4.0625)(-0.275511,-4.375,-3.4375)(-0.661226,0,-1.25)(-0.606124,1.25,-1.5625)
668:(0.330613,-2.5,-3.125)(0.606124,3.75,-1.5625)(0.551022,2.5,-1.875)(0.551022,3.125,-1.875)
669:(0.385715,-5,-2.8125)(-0.165306,2.5,-4.0625)(0.385715,0,-2.8125)(0.330613,0.625,-3.125)
670:(0.716328,2.5,-0.9375)(0.385715,-5,-2.8125)(0.0551022,0.625,-4.6875)(0.661226,2.5,-1.25)
671:(0.440817,-2.5,-2.5)(0.275511,0,-3.4375)(0.440817,-3.125,-2.5)(0.0551022,-0.625,-4.6875)
672:(0.0551022,-0.625,-4.6875)(0.385715,-0.625,-2.8125)(0.606124,2.5,-1.5625)(0.606124,1.875,-1.5625)
673:(0.0551022,-0.625,-4.6875)(0.606124,1.875,-1.5625)(0.771431,0.625,-0.625)(0.716328,0.625,-0.9375)
674:(0.606124,1.875,-1.5625)(0.0551022,-0.625,-4.6875)(0.771431,0.625,-0.625)(0.606124,2.5,-1.5625)
675:(-0.606124,-0.625,-1.5625)(-0.826533,-3.125,-0.3125)(-25,5,0)(-0.275511,5,-3.4375)
676:(-0.881635,1.25,0)(-0.551022,-1.875,-1.875)(0.440817,-5,-2.5)(-0.606124,-1.25,-1.5625)
677:(-0.551022,3.125,-1.875)(0.881635,5,0)(-25,-5,0)(0.385715,0.625,-2.8125)
678:(0.440817,1.875,-2.5)(0.716328,0.625,-0.9375)(0.275511,0,-3.4375)(0.0551022,-0.625,-4.6875)
679:(-0.385715,-2.5,-2.8125)(-0.49592,-1.25,-2.1875)(-25,-5,0)(-0.440817,-1.25,-2.5)
680:(0.385715,-0.625,-2.8125)(0.0551022,-0.625,-4.6875)(0.606124,2.5,-1.5625)(0.440817,-1.25,-2.5)
681:(-0.385715,3.75,-2.8125)(0.165306,0.625,-4.0625)(0.440817,-5,-2.5)(-0.716328,4.375,-0.9375)
682:(-0.551022,3.75,-1.875)(0.440817,0,-2.5)(-25,-5,0)(0.440817,0.625,-2.5)
683:(0.220409,-1.875,-3.75)(-25,-5,0)(0.551022,-1.25,-1.875)(0.716328,4.375,-0.9375)
684:(0.661226,5,-1.25)(-0.716328,-2.5,-0.9375)(0.716328,4.375,-0.9375)(0.440817,-5,-2.5)
685:(0.330613,3.125,-3.125)(0.275511,4.375,-3.4375)(-25,5,0)(0.220409,5,-3.75)
686:(0.606124,1.875,-1.5625)(0.551022,-3.125,-1.875)(0.0551022,1.25,-4.6875)(0.0551022,-0.625,-4.6875)
687:(0.385715,-5,-2.8125)(0.661226,-1.25,-1.25)(0.110204,1.25,-4.375)(0.330613,-0.625,-3.125)
688:(0.0551022,-0.625,-4.6875)(0.0551022,1.25,-4.6875)(0.716328,0.625,-0.9375)(0.826533,-4.375,-0.3125)
689:(0.0551022,1.25,-4.6875)(0.0551022,-0.625,-4.6875)(0.716328,0.625,-0.9375)(0.606124,1.875,-1.5625)
690:(-25,5,0)(-0.220409,-0.625,-3.75)(0.716328,-4.375,-0.9375)(-0.330613,-1.875,-3.125)
691:(0.330613,0.625,-3.125)(-0.110204,2.5,-4.375)(0.385715,-5,-2.8125)(-0.165306,2.5,-4.0625)
692:(0.220409,0.625,-3.75)(0.0551022,-0.625,-4.6875)(0.440817,-3.125,-2.5)(0.275511,0,-3.4375)
693:(0.0551022,-0.625,-4.6875)(0.826533,-4.375,-0.3125)(0.275511,0,-3.4375)(0.220409,0.625,-3.75)
694:(0.826533,-4.375,-0.3125)(0.0551022,-0.625,-4.6875)(0.275511,0,-3.4375)(0.716328,0.625,-0.9375)
695:(0.330613,-2.5,-3.125)(0.826533,3.125,-0.3125)(0.220409,1.875,-3.75)(0.385715,1.25,-2.8125)
696:(0.826533,-4.375,-0.3125)(0.440817,-0.625,-2.5)(0.881635,-4.375,0)(0.0551022,-0.625,-4.6875)
697:(0.0551022,1.25,-4.6875)(0.275511,5,-3.4375)(0.440817,-0.625,-2.5)(0.0551022,-0.625,-4.6875)
698:(-0.661226,-5,-1.25)(0.330613,-2.5,-3.125)(0.330613,4.375,-3.125)(0.551022,1.875,-1.875)
699:(0.330613,-2.5,-3.125)(-0.771431,5,-0.625)(0.606124,3.75,-1.5625)(0.606124,4.375,-1.5625)
700:(0.551022,-0.625,-1.875)(-0.716328,0,-0.9375)(0.606124,-0.625,-1.5625)(-0.330613,-2.5,-3.125)
701:(0.385715,-2.5,-2.8125)(0.385715,-5,-2.8125)(0.165306,1.25,-4.0625)(0.661226,-1.25,-1.25)
702:(0.0551022,-0.625,-4.6875)(0.220409,3.125,-3.75)(0.440817,-0.625,-2.5)(0.385715,-3.125,-2.8125)
703:(0.165306,1.25,-4.0625)(0.385715,-5,-2.8125)(0.881635,-4.375,0)(0.551022,5,-1.875)
704:(-0.716328,0,-0.9375)(-0.771431,-1.875,-0.625)(-0.275511,-5,-3.4375)(-0.385715,0.625,-2.8125)
705:(0.826533,-1.875,-0.3125)(0.881635,-5,0)(0.330613,-2.5,-3.125)(0.110204,-1.875,-4.375)
706:(0.220409,3.125,-3.75)(0.0551022,-0.625,-4.6875)(0.440817,-0.625,-2.5)(0.275511,5,-3.4375)
707:(0.551022,5,-1.875)(0.385715,-5,-2.8125)(0.385715,-3.125,-2.8125)(0.330613,-3.125,-3.125)
708:(-25,-5,0)(-0.606124,1.875,-1.5625)(0.165306,-3.75,-4.0625)(0.165306,-4.375,-4.0625)
709:(0.385715,-5,-2.8125)(0.551022,5,-1.875)(0.110204,1.25,-4.375)(0.49592,5,-2.1875)
710:(0.881635,0.625,0)(0.385715,-5,-2.8125)(0.826533,-1.25,-0.3125)(0.771431,-1.25,-0.625)
711:(0.165306,5,-4.0625)(0.385715,-5,-2.8125)(0.385715,-3.125,-2.8125)(0.0551022,-0.625,-4.6875)
712:(0.881635,-4.375,0)(0.385715,-3.125,-2.8125)(0.0551022,-0.625,-4.6875)(0.440817,-0.625,-2.5)
713:(-0.220409,1.25,-3.75)(-25,-5,0)(-0.275511,0.625,-3.4375)(-0.0551022,-5,-4.6875)
714:(-0.826533,-3.125,-0.3125)(-0.826533,-4.375,-0.3125)(-0.716328,0,-0.9375)(-0.275511,5,-3.4375)
715:(-0.551022,-3.75,-1.875)(0.0551022,0,-4.6875)(0.385715,-5,-2.8125)(-0.110204,0.625,-4.375)
716:(0.330613,-2.5,-3.125)(0.110204,4.375,-4.375)(0.881635,1.875,0)(0.881635,3.125,0)
717:(0.385715,-5,-2.8125)(0.165306,5,-4.0625)(0.385715,-3.125,-2.8125)(0.330613,-3.125,-3.125)
718:(-0.110204,1.875,-4.375)(0.440817,1.25,-2.5)(0.440817,-5,-2.5)(0.49592,0.625,-2.1875)
719:(0.881635,-4.375,0)(0.385715,-3.125,-2.8125)(0.385715,-5,-2.8125)(0.0551022,-0.625,-4.6875)
720:(0.220409,0.625,-3.75)(0.165306,1.25,-4.0625)(0.385715,-5,-2.8125)(0.881635,-4.375,0)
721:(0.661226,-1.25,-1.25)(0.385715,-5,-2.8125)(0.110204,1.25,-4.375)(0.771431,-1.25,-0.625)
722:(0.330613,-2.5,-3.125)(0.606124,3.125,-1.5625)(0.49592,-3.75,-2.1875)(0,5,-5)
723:(0.606124,3.125,-1.5625)(0.330613,-2.5,-3.125)(0.49592,-3.75,-2.1875)(0.165306,-0.625,-4.0625)
724:(0.330613,-2.5,-3.125)(0.49592,-3.75,-2.1875)(0.606124,-5,-1.5625)(0.661226,1.875,-1.25)
725:(0.606124,-5,-1.5625)(0.330613,-2.5,-3.125)(0.771431,-2.5,-0.625)(0.606124,-4.375,-1.5625)
726:(0.275511,3.75,-3.4375)(0.881635,-1.875,0)(0.606124,0,-1.5625)(0.330613,-2.5,-3.125)
727:(0.661226,1.875,-1.25)(0,5,-5)(0.110204,-1.875,-4.375)(0.330613,-2.5,-3.125)
728:(-0.330613,-3.125,-3.125)(-0.440817,-1.875,-2.5)(-25,-5,0)(-0.49592,-1.25,-2.1875)
729:(0.551022,0.625,-1.875)(0.0551022,-0.625,-4.6875)(0.275511,0.625,-3.4375)(0.330613,-2.5,-3.125)
730:(0,5,-5)(0.551022,0.625,-1.875)(0.275511,0.625,-3.4375)(0.330613,-2.5,-3.125)
731:(0.220409,-0.625,-3.75)(0.385715,3.75,-2.8125)(0.385715,-5,-2.8125)(-0.771431,-1.25,-0.625)
732:(0.881635,-1.875,0)(0.661226,1.875,-1.25)(0.771431,-1.875,-0.625)(0.330613,-2.5,-3.125)
733:(-0.551022,0.625,-1.875)(-0.165306,-0.625,-4.0625)(-0.110204,1.875,-4.375)(0.440817,-5,-2.5)
734:(0.330613,-2.5,-3.125)(0.771431,-1.875,-0.625)(0.606124,0,-1.5625)(0.661226,-4.375,-1.25)
735:(0.110204,-1.875,-4.375)(0.330613,-2.5,-3.125)(0.771431,-1.875,-0.625)(0.661226,1.875,-1.25)
736:(0.330613,-2.5,-3.125)(0.275511,0.625,-3.4375)(0.110204,-1.875,-4.375)(0.881635,-5,0)
737:(0.275511,0.625,-3.4375)(0.330613,-2.5,-3.125)(0.110204,-1.875,-4.375)(0,5,-5)
738:(0.0551022,-0.625,-4.6875)(0.881635,-5,0)(0.275511,0.625,-3.4375)(0.330613,-2.5,-3.125)
739:(0.330613,-2.5,-3.125)(0.110204,-1.875,-4.375)(0.771431,-1.875,-0.625)(0.826533,-1.875,-0.3125)
740:(0.771431,-1.875,-0.625)(0.330613,-2.5,-3.125)(0.606124,0,-1.5625)(0.881635,-1.875,0)
741:(0.826533,-1.875,-0.3125)(0.881635,-5,0)(0.0551022,-1.875,-4.6875)(0.330613,-2.5,-3.125)
742:(0.881635,-5,0)(0.0551022,-0.625,-4.6875)(0.0551022,-1.875,-4.6875)(0.330613,-2.5,-3.125)
743:(-0.165306,-3.75,-4.0625)(-0.551022,4.375,-1.875)(-0.716328,0,-0.9375)(-0.49592,4.375,-2.1875)
744:(0.826533,-1.875,-0.3125)(0.330613,-2.5,-3.125)(0.661226,-4.375,-1.25)(0.771431,-1.875,-0.625)
745:(0.330613,-2.5,-3.125)(0.826533,-1.875,-0.3125)(0.661226,-4.375,-1.25)(0.551022,-1.875,-1.875)
746:(-0.881635,0.625,0)(-0.275511,-0.625,-3.4375)(0.716328,-4.375,-0.9375)(-25,5,0)
747:(-0.551022,0.625,-1.875)(0.330613,1.25,-3.125)(0.385715,-5,-2.8125)(0.440817,1.25,-2.5)
748:(0.0551022,-0.625,-4.6875)(0.606124,-2.5,-1.5625)(0.0551022,-1.875,-4.6875)(0.330613,-2.5,-3.125)
749:(0.551022,-1.875,-1.875)(0.0551022,-1.875,-4.6875)(0.606124,-2.5,-1.5625)(0.330613,-2.5,-3.125)
750:(-25,-5,0)(0.661226,4.375,-1.25)(-0.330613,-0.625,-3.125)(-0.330613,0.625,-3.125)
751:(-0.661226,-3.125,-1.25)(-0.275511,-3.75,-3.4375)(-0.661226,0,-1.25)(-0.275511,-4.375,-3.4375)
752:(0.716328,-1.875,-0.9375)(-25,-5,0)(-0.826533,-5,-0.3125)(-0.165306,-0.625,-4.0625)
753:(-0.275511,2.5,-3.4375)(-0.220409,-0.625,-3.75)(0.385715,-5,-2.8125)(-0.165306,0.625,-4.0625)
754:(-25,5,0)(-0.275511,-1.25,-3.4375)(0.275511,2.5,-3.4375)(0.275511,1.875,-3.4375)
755:(-25,5,0)(0.716328,-2.5,-0.9375)(-0.551022,2.5,-1.875)(-0.881635,0.176327,0)
756:(25,-5,0)(-0.661226,-3.125,-1.25)(-0.661226,0,-1.25)(-0.165306,3.75,-4.0625)
757:(0.0551022,-0.625,-4.6875)(0.440817,-5,-2.5)(0.385715,-5,-2.8125)(0.606124,-2.5,-1.5625)
758:(0.771431,5,-0.625)(0,4.375,-5)(-25,-5,0)(0.0551022,4.375,-4.6875)
759:(-0.551022,0.625,-1.875)(-0.165306,-0.625,-4.0625)(0.440817,-5,-2.5)(0.716328,-1.875,-0.9375)
760:(-0.275511,-1.25,-3.4375)(-25,5,0)(0.275511,2.5,-3.4375)(-0.330613,-1.25,-3.125)
761:(-0.220409,-0.625,-3.75)(-25,5,0)(0.716328,-4.375,-0.9375)(-0.275511,-0.625,-3.4375)
762:(-0.661226,3.75,-1.25)(-0.771431,2.5,-0.625)(0.385715,-5,-2.8125)(-0.771431,1.875,-0.625)
763:(-0.551022,0,-1.875)(-0.606124,-4.375,-1.5625)(-25,5,0)(-0.551022,-4.375,-1.875)
764:(-0.826533,-0.625,-0.3125)(0.385715,2.5,-2.8125)(0.385715,-5,-2.8125)(0.385715,3.125,-2.8125)
765:(-25,-5,0)(-25,5,0)(0.440817,-5,-2.5)(0.716328,-1.875,-0.9375)
766:(0.0551022,0,-4.6875)(0.716328,3.75,-0.9375)(0.385715,-5,-2.8125)(-0.49592,3.125,-2.1875)
767:(0.606124,-2.5,-1.5625)(0.49592,4.375,-2.1875)(0.440817,-5,-2.5)(0.385715,-5,-2.8125)
768:(-0.551022,-3.75,-1.875)(0.0551022,0,-4.6875)(-0.220409,2.5,-3.75)(0.385715,-5,-2.8125)
769:(0.606124,-3.125,-1.5625)(0.606124,-2.5,-1.5625)(0.0551022,-0.625,-4.6875)(0.385715,-5,-2.8125)
770:(0.49592,-1.25,-2.1875)(0.716328,4.375,-0.9375)(0.551022,-1.25,-1.875)(-25,-5,0)
771:(0.606124,3.75,-1.5625)(0.330613,-2.5,-3.125)(0.551022,2.5,-1.875)(0.440817,-5,-2.5)
772:(0.551022,-3.75,-1.875)(0.440817,-1.25,-2.5)(0.0551022,-0.625,-4.6875)(0.275511,-0.625,-3.4375)
773:(0.330613,3.75,-3.125)(0.606124,-4.375,-1.5625)(0.330613,-2.5,-3.125)(0.716328,1.25,-0.9375)
774:(0.220409,-2.5,-3.75)(-0.0551022,1.25,-4.6875)(0.440817,-5,-2.5)(-0.110204,1.25,-4.375)
775:(0.606124,1.25,-1.5625)(0.385715,-5,-2.8125)(-0.165306,2.5,-4.0625)(0.716328,2.5,-0.9375)
776:(0.330613,-2.5,-3.125)(0.771431,0,-0.625)(-0.881635,-1.25,0)(0.440817,-1.875,-2.5)
777:(0.826533,0,-0.3125)(-0.771431,-1.25,-0.625)(0.385715,-5,-2.8125)(-0.881635,-5,0)
778:(0.385715,-3.125,-2.8125)(0.165306,5,-4.0625)(0.0551022,-0.625,-4.6875)(0.220409,3.125,-3.75)
779:(0.606124,-3.125,-1.5625)(0.385715,-5,-2.8125)(0.49592,4.375,-2.1875)(0.606124,-2.5,-1.5625)
780:(0.165306,-1.875,-4.0625)(-0.110204,1.875,-4.375)(0.440817,-5,-2.5)(-0.0551022,1.25,-4.6875)
781:(-25,-5,0)(0.220409,-1.875,-3.75)(0.551022,-1.25,-1.875)(-0.0551022,1.875,-4.6875)
782:(0.661226,5,-1.25)(-25,-5,0)(-0.330613,0.625,-3.125)(0.661226,4.375,-1.25)
783:(0.110204,0,-4.375)(-0.220409,2.5,-3.75)(0.0551022,0,-4.6875)(0.385715,-5,-2.8125)
784:(-0.220409,2.5,-3.75)(0.385715,-5,-2.8125)(-0.275511,-0.625,-3.4375)(-0.551022,-3.75,-1.875)
785:(-0.881635,-4.375,0)(-0.165306,-0.625,-4.0625)(-0.826533,-5,-0.3125)(-25,-5,0)
786:(-25,-5,0)(0.165306,-1.875,-4.0625)(0.0551022,-3.75,-4.6875)(-0.881635,-4.375,0)
787:(0.165306,-1.875,-4.0625)(-25,-5,0)(0.0551022,-3.75,-4.6875)(0.220409,-2.5,-3.75)
788:(0.330613,0.625,-3.125)(-0.0551022,0.625,-4.6875)(0.385715,0,-2.8125)(0.385715,-5,-2.8125)
789:(-25,-5,0)(0.716328,4.375,-0.9375)(0.220409,-1.875,-3.75)(0.440817,-5,-2.5)
790:(-0.330613,1.875,-3.125)(0.771431,-4.375,-0.625)(-25,-5,0)(0.851424,-4.06668,-0.971568)
791:(0.0551022,1.875,-4.6875)(0.275511,-5,-3.4375)(0.440817,-5,-2.5)(0.275511,-4.375,-3.4375)
792:(0.661226,4.375,-1.25)(-25,-5,0)(-0.330613,-0.625,-3.125)(-0.49592,1.875,-2.1875)
793:(0.385715,-5,-2.8125)(0.716328,2.5,-0.9375)(0.0551022,0.625,-4.6875)(-0.165306,2.5,-4.0625)
794:(-0.275511,-0.625,-3.4375)(-25,5,0)(-0.606124,-5,-1.5625)(0.385715,-5,-2.8125)
795:(0.220409,-2.5,-3.75)(-25,-5,0)(0.220409,-1.875,-3.75)(0.440817,-5,-2.5)
796:(-0.275511,2.5,-3.4375)(0.0551022,0.625,-4.6875)(0.385715,0,-2.8125)(0.385715,-5,-2.8125)
797:(0.49592,-1.25,-2.1875)(0.716328,4.375,-0.9375)(-25,-5,0)(0.661226,5,-1.25)
798:(0.110204,2.5,-4.375)(0.385715,-5,-2.8125)(0.716328,3.75,-0.9375)(0.110204,3.125,-4.375)
799:(-25,-5,0)(0.661226,5,-1.25)(-0.330613,0.625,-3.125)(0.49592,-1.25,-2.1875)
800:(-25,-5,0)(0.661226,4.375,-1.25)(0.661226,5,-1.25)(0.440817,-5,-2.5)
801:(0.551022,-2.5,-1.875)(0.606124,-3.125,-1.5625)(0.0551022,-0.625,-4.6875)(0.385715,-5,-2.8125)
802:(0.110204,2.5,-4.375)(-0.49592,5,-2.1875)(0.0551022,3.125,-4.6875)(0.385715,-5,-2.8125)
803:(0.661226,4.375,-1.25)(-25,-5,0)(-0.49592,1.875,-2.1875)(0.440817,-5,-2.5)
804:(0.49592,4.375,-2.1875)(0.826533,-0.625,-0.3125)(0.440817,-5,-2.5)(0.385715,-5,-2.8125)
805:(0.440817,-5,-2.5)(0.606124,-1.25,-1.5625)(-0.49592,1.875,-2.1875)(0.661226,4.375,-1.25)
806:(-0.275511,2.5,-3.4375)(0.0551022,0.625,-4.6875)(0.385715,-5,-2.8125)(0.110204,0,-4.375)
807:(0.385715,-5,-2.8125)(0.606124,1.25,-1.5625)(-0.165306,2.5,-4.0625)(-0.110204,2.5,-4.375)
808:(0.716328,4.375,-0.9375)(-0.258119,5,-3.53614)(0.220409,-1.875,-3.75)(0.440817,-5,-2.5)
809:(0.385715,-5,-2.8125)(0.661226,2.5,-1.25)(0.110204,0,-4.375)(0.0551022,0.625,-4.6875)
810:(0.661226,2.5,-1.25)(0.385715,-5,-2.8125)(0.110204,0,-4.375)(0.716328,3.75,-0.9375)
811:(0.716328,-0.625,-0.9375)(-0.716328,0,-0.9375)(-0.110204,-3.75,-4.375)(-0.661226,5,-1.25)
812:(0.385715,-1.875,-2.8125)(-0.385715,-1.875,-2.8125)(-25,5,0)(-0.0551022,3.125,-4.6875)
813:(0.606124,-1.25,-1.5625)(0.440817,-5,-2.5)(-0.49592,1.875,-2.1875)(0.826533,-3.75,-0.3125)
814:(0.606124,5,-1.5625)(-0.275511,-1.875,-3.4375)(0.385715,-5,-2.8125)(0.826533,1.25,-0.3125)
815:(0.440817,-5,-2.5)(-0.385715,3.125,-2.8125)(-0.716328,-1.875,-0.9375)(-0.716328,-2.5,-0.9375)
816:(0.606124,-1.25,-1.5625)(-0.330613,3.125,-3.125)(-0.716328,-1.875,-0.9375)(0.440817,-5,-2.5)
817:(0.165306,-1.875,-4.0625)(-25,-5,0)(0.220409,-2.5,-3.75)(0.440817,-5,-2.5)
818:(0.826533,-3.75,-0.3125)(0.551022,1.25,-1.875)(0.606124,-1.25,-1.5625)(0.440817,-5,-2.5)
819:(-0.716328,-2.5,-0.9375)(0.551022,-4.375,-1.875)(-0.258119,5,-3.53614)(0.440817,-5,-2.5)
820:(0.220409,-2.5,-3.75)(-0.0551022,1.25,-4.6875)(0.165306,-1.875,-4.0625)(0.440817,-5,-2.5)
821:(-0.110204,1.25,-4.375)(0.220409,-1.875,-3.75)(-0.258119,5,-3.53614)(0.440817,-5,-2.5)
822:(-0.385715,3.125,-2.8125)(0.440817,-5,-2.5)(-0.716328,-1.875,-0.9375)(-0.330613,3.125,-3.125)
823:(0.385715,1.875,-2.8125)(0.551022,-2.5,-1.875)(0.385715,-5,-2.8125)(0.606124,-3.125,-1.5625)
824:(-0.165306,-0.625,-4.0625)(-25,-5,0)(0.165306,-1.875,-4.0625)(0.440817,-5,-2.5)
825:(0.165306,-1.875,-4.0625)(-0.110204,1.875,-4.375)(-0.165306,-0.625,-4.0625)(0.440817,-5,-2.5)
826:(0.440817,-5,-2.5)(0.551022,-5,-1.875)(-0.258119,5,-3.53614)(-0.110204,1.25,-4.375)
827:(0.551022,1.25,-1.875)(-0.275511,3.125,-3.4375)(-0.330613,3.125,-3.125)(0.440817,-5,-2.5)
828:(0.440817,-5,-2.5)(-0.716328,2.5,-0.9375)(-0.330613,3.125,-3.125)(-0.385715,3.125,-2.8125)
829:(0.440817,-5,-2.5)(0,0.625,-5)(0.606124,0.625,-1.5625)(0.551022,1.25,-1.875)
830:(-0.385715,3.125,-2.8125)(-0.661226,2.5,-1.25)(0.551022,-4.375,-1.875)(0.440817,-5,-2.5)
831:(-0.110204,1.25,-4.375)(0.49592,1.25,-2.1875)(-0.0551022,1.25,-4.6875)(0.440817,-5,-2.5)
832:(0.551022,-5,-1.875)(0.440817,-5,-2.5)(-0.258119,5,-3.53614)(0.551022,-4.375,-1.875)
833:(0,0.625,-5)(0.440817,-5,-2.5)(0.606124,0.625,-1.5625)(-0.49592,2.5,-2.1875)
834:(-0.716328,2.5,-0.9375)(0.440817,-5,-2.5)(-0.330613,3.125,-3.125)(-0.275511,3.125,-3.4375)
835:(0.440817,-5,-2.5)(-0.440817,3.75,-2.5)(-0.49592,2.5,-2.1875)(0,0.625,-5)
836:(0.440817,-5,-2.5)(0.49592,0.625,-2.1875)(-0.0551022,1.25,-4.6875)(-0.110204,1.875,-4.375)
837:(0.440817,-5,-2.5)(-0.330613,3.75,-3.125)(0.551022,-4.375,-1.875)(0.551022,-5,-1.875)
838:(0.440817,-5,-2.5)(-0.385715,3.75,-2.8125)(0,0.625,-5)(-0.275511,3.125,-3.4375)
839:(0.440817,-5,-2.5)(0.165306,-1.25,-4.0625)(-0.275511,3.125,-3.4375)(-0.716328,2.5,-0.9375)
840:(-0.440817,3.75,-2.5)(0.440817,-5,-2.5)(-0.49592,2.5,-2.1875)(0.0551022,-1.25,-4.6875)
841:(-0.551022,-1.25,-1.875)(-0.110204,5,-4.375)(-25,-5,0)(-0.0551022,5,-4.6875)
842:(0.0551022,-1.25,-4.6875)(-0.771431,5,-0.625)(0.440817,-5,-2.5)(0.0551022,-2.5,-4.6875)
843:(-0.716328,2.5,-0.9375)(0,3.75,-5)(-0.661226,2.5,-1.25)(0.440817,-5,-2.5)
844:(0.49592,0.625,-2.1875)(0.440817,-5,-2.5)(-0.0551022,1.25,-4.6875)(0.49592,1.25,-2.1875)
845:(0.110204,2.5,-4.375)(-0.49592,5,-2.1875)(0.385715,-5,-2.8125)(-0.440817,5,-2.5)
846:(-0.0551022,-2.5,-4.6875)(-0.165306,-3.75,-4.0625)(-0.716328,0,-0.9375)(0.220409,-5,-3.75)
847:(0.440817,-5,-2.5)(-0.771431,0.625,-0.625)(0.551022,-5,-1.875)(0.49592,1.25,-2.1875)
848:(-0.330613,3.75,-3.125)(0.440817,-5,-2.5)(0.551022,-4.375,-1.875)(-0.661226,2.5,-1.25)
849:(-0.385715,3.75,-2.8125)(0.440817,-5,-2.5)(0,0.625,-5)(-0.440817,3.75,-2.5)
850:(0.165306,-1.25,-4.0625)(0.440817,-5,-2.5)(-0.275511,3.125,-3.4375)(-0.385715,3.75,-2.8125)
851:(0.165306,-2.5,-4.0625)(-0.771431,5,-0.625)(0.330613,-2.5,-3.125)(0.606124,4.375,-1.5625)
852:(-0.771431,5,-0.625)(0.165306,-2.5,-4.0625)(0.330613,-2.5,-3.125)(0.0551022,-2.5,-4.6875)
853:(-0.716328,0,-0.9375)(0,-4.375,-5)(-0.661226,1.25,-1.25)(-0.661226,0.625,-1.25)
854:(0.826533,1.25,-0.3125)(0.826533,0,-0.3125)(0.385715,-5,-2.8125)(0.881635,-0.625,0)
855:(0.49592,1.25,-2.1875)(-0.826533,0.625,-0.3125)(0.49592,0.625,-2.1875)(0.440817,-5,-2.5)
856:(-0.661226,-1.875,-1.25)(-0.881635,-0.625,0)(0.385715,-5,-2.8125)(-0.826533,-0.625,-0.3125)
857:(0.330613,5,-3.125)(0.275511,-3.75,-3.4375)(0.385715,-5,-2.8125)(0.275511,-3.125,-3.4375)
858:(-0.771431,0.625,-0.625)(0.440817,-5,-2.5)(0.551022,-5,-1.875)(-0.330613,3.75,-3.125)
859:(0.440817,-5,-2.5)(0,3.125,-5)(-0.661226,2.5,-1.25)(-0.330613,3.75,-3.125)
860:(-0.440817,3.75,-2.5)(-0.716328,4.375,-0.9375)(-0.385715,3.75,-2.8125)(0.440817,-5,-2.5)
861:(-0.385715,3.75,-2.8125)(0.165306,0.625,-4.0625)(0.165306,-1.25,-4.0625)(0.440817,-5,-2.5)
862:(0.440817,-5,-2.5)(0.110204,0.625,-4.375)(0.165306,-1.25,-4.0625)(0,3.75,-5)
863:(0.440817,-5,-2.5)(-0.440817,3.125,-2.5)(-0.771431,0.625,-0.625)(-0.826533,0.625,-0.3125)
864:(-0.661226,3.125,-1.25)(0.716328,0,-0.9375)(-25,-5,0)(-0.220409,-5,-3.75)
865:(-0.330613,3.75,-3.125)(0.0551022,1.875,-4.6875)(-0.771431,0.625,-0.625)(0.440817,-5,-2.5)
866:(0,3.125,-5)(0.440817,-5,-2.5)(-0.661226,2.5,-1.25)(0,3.75,-5)
867:(-0.716328,0,-0.9375)(0,-3.75,-5)(-0.110204,0,-4.375)(-0.661226,1.25,-1.25)
868:(0.606124,4.375,-1.5625)(0.330613,-2.5,-3.125)(0.165306,-2.5,-4.0625)(0.110204,-2.5,-4.375)
869:(0.606124,4.375,-1.5625)(0.330613,-2.5,-3.125)(0.110204,-2.5,-4.375)(0.826533,3.125,-0.3125)
870:(0.771431,3.75,-0.625)(0.385715,1.25,-2.8125)(0.826533,3.125,-0.3125)(0.330613,-2.5,-3.125)
871:(0.110204,0.625,-4.375)(0.440817,-5,-2.5)(0.165306,-1.25,-4.0625)(0.165306,0.625,-4.0625)
872:(0.220409,-3.75,-3.75)(0.440817,-5,-2.5)(0.275511,-5,-3.4375)(-0.606124,0.625,-1.5625)
873:(-0.440817,3.125,-2.5)(0.440817,-5,-2.5)(-0.771431,0.625,-0.625)(0.0551022,1.875,-4.6875)
874:(0.881635,-4.375,0)(0.551022,5,-1.875)(0.385715,-5,-2.8125)(0.385715,-3.125,-2.8125)
875:(0,3.75,-5)(0.165306,0,-4.0625)(0,3.125,-5)(0.440817,-5,-2.5)
876:(0.440817,-5,-2.5)(0.606124,3.75,-1.5625)(-0.771431,5,-0.625)(-0.716328,4.375,-0.9375)
877:(0.440817,-5,-2.5)(0.551022,4.375,-1.875)(-0.716328,4.375,-0.9375)(0.165306,0.625,-4.0625)
878:(0.551022,1.25,-1.875)(-0.275511,3.125,-3.4375)(0.440817,-5,-2.5)(0,0.625,-5)
879:(0.330613,-2.5,-3.125)(-0.881635,0,0)(-0.49592,-2.5,-2.1875)(-0.661226,-5,-1.25)
880:(0.165306,0.625,-4.0625)(-0.881635,1.25,0)(0.110204,0.625,-4.375)(0.440817,-5,-2.5)
881:(-0.606124,0.625,-1.5625)(-0.661226,-1.25,-1.25)(0.220409,-3.75,-3.75)(0.440817,-5,-2.5)
882:(0.440817,-5,-2.5)(0.220409,-3.75,-3.75)(0.275511,-5,-3.4375)(-0.606124,4.375,-1.5625)
883:(0.0551022,1.875,-4.6875)(0.275511,-5,-3.4375)(-0.440817,3.125,-2.5)(0.440817,-5,-2.5)
884:(0.385715,2.5,-2.8125)(0,1.25,-5)(0.385715,-5,-2.8125)(-0.606124,-1.875,-1.5625)
885:(0.440817,-5,-2.5)(0.275511,-4.375,-3.4375)(0,3.125,-5)(0.0551022,1.875,-4.6875)
886:(-0.771431,5,-0.625)(0.330613,-2.5,-3.125)(0.606124,3.75,-1.5625)(0.440817,-5,-2.5)
887:(0.551022,4.375,-1.875)(0.440817,-5,-2.5)(-0.716328,4.375,-0.9375)(0.606124,3.75,-1.5625)
888:(0.606124,3.75,-1.5625)(0.330613,-2.5,-3.125)(0.606124,4.375,-1.5625)(0.551022,3.125,-1.875)
889:(0.330613,-2.5,-3.125)(-0.49592,-2.5,-2.1875)(0.49592,2.5,-2.1875)(0.551022,1.875,-1.875)
890:(0.385715,1.25,-2.8125)(0.330613,-2.5,-3.125)(-0.881635,0,0)(-0.49592,-2.5,-2.1875)
891:(0.220409,0,-3.75)(0.440817,-5,-2.5)(-0.881635,1.875,0)(-0.881635,2.5,0)
892:(0.220409,0,-3.75)(-0.440817,-3.125,-2.5)(-0.661226,-1.25,-1.25)(0.440817,-5,-2.5)
893:(0.275511,-4.375,-3.4375)(0.440817,-5,-2.5)(0,3.125,-5)(0.165306,0,-4.0625)
894:(0.275511,-4.375,-3.4375)(-0.606124,0.625,-1.5625)(0.275511,-5,-3.4375)(0.440817,-5,-2.5)
895:(0.440817,-5,-2.5)(-0.826533,1.25,-0.3125)(0.110204,0.625,-4.375)(0.165306,0,-4.0625)
896:(0.606124,3.75,-1.5625)(0.551022,2.5,-1.875)(0.551022,4.375,-1.875)(0.440817,-5,-2.5)
897:(-0.49592,-2.5,-2.1875)(0.330613,-2.5,-3.125)(-0.661226,-5,-1.25)(0.551022,1.875,-1.875)
898:(0.330613,4.375,-3.125)(0.881635,3.125,0)(0.551022,1.875,-1.875)(0.330613,-2.5,-3.125)
899:(-0.661226,1.875,-1.25)(-25,-5,0)(-0.330613,1.25,-3.125)(-0.661226,0,-1.25)
900:(0.551022,3.125,-1.875)(0.330613,-2.5,-3.125)(0.826533,3.125,-0.3125)(0.220409,1.875,-3.75)
901:(0.551022,4.375,-1.875)(-0.606124,-1.25,-1.5625)(-0.881635,1.25,0)(0.440817,-5,-2.5)
902:(0.440817,-5,-2.5)(0.220409,0,-3.75)(-0.881635,1.875,0)(-0.606124,0.625,-1.5625)
903:(-0.881635,2.5,0)(0.110204,-4.375,-4.375)(0.220409,0,-3.75)(0.440817,-5,-2.5)
904:(0.826533,3.75,-0.3125)(0.440817,-5,-2.5)(0.110204,-4.375,-4.375)(0.661226,-3.125,-1.25)
905:(0.440817,-5,-2.5)(0.826533,3.75,-0.3125)(0.110204,-4.375,-4.375)(-0.440817,-3.125,-2.5)
906:(-0.165306,0.625,-4.0625)(0.385715,0,-2.8125)(0.385715,-5,-2.8125)(-0.275511,2.5,-3.4375)
907:(0.440817,-5,-2.5)(-0.881635,1.875,0)(0.165306,0,-4.0625)(0.275511,-4.375,-3.4375)
908:(-0.881635,1.875,0)(0.440817,-5,-2.5)(0.165306,0,-4.0625)(-0.826533,1.25,-0.3125)
909:(-0.826533,1.25,-0.3125)(0.440817,-5,-2.5)(0.110204,0.625,-4.375)(-0.881635,1.25,0)
910:(-0.606124,-1.875,-1.5625)(-0.271185,-5,-3.46203)(0.385715,-5,-2.8125)(0.330613,1.875,-3.125)
911:(-0.881635,-3.75,0)(0,-1.25,-5)(-25,-5,0)(0,-0.625,-5)
912:(0.220409,1.875,-3.75)(0.330613,-2.5,-3.125)(0.385715,1.25,-2.8125)(-0.606124,-2.5,-1.5625)
913:(0.881635,-1.875,0)(0.661226,1.875,-1.25)(0.330613,-2.5,-3.125)(0.606124,-5,-1.5625)
914:(0.771431,-4.375,-0.625)(-0.826533,-5,-0.3125)(-25,-5,0)(-0.881635,-4.375,0)
915:(-0.716328,2.5,-0.9375)(0,3.75,-5)(0.440817,-5,-2.5)(0.165306,-1.25,-4.0625)
916:(0.440817,-5,-2.5)(0.826533,-0.625,-0.3125)(0.661226,-3.125,-1.25)(0.826533,3.75,-0.3125)
917:(0.826533,-0.625,-0.3125)(0.440817,-5,-2.5)(0.661226,-3.125,-1.25)(-0.661226,-2.5,-1.25)
918:(0.826533,-5,-0.3125)(0.606124,2.5,-1.5625)(0.0551022,-0.625,-4.6875)(0.551022,-3.75,-1.875)
919:(0.110204,-3.75,-4.375)(0.661226,-3.125,-1.25)(0.110204,-4.375,-4.375)(0.440817,-5,-2.5)
920:(-0.826533,1.25,-0.3125)(-0.881635,2.5,0)(-0.881635,1.875,0)(0.440817,-5,-2.5)
921:(-0.881635,1.25,0)(-0.551022,-1.875,-1.875)(-0.826533,1.25,-0.3125)(0.440817,-5,-2.5)
922:(0.551022,2.5,-1.875)(0.330613,-2.5,-3.125)(0.551022,3.125,-1.875)(0.220409,1.25,-3.75)
923:(-0.606124,-2.5,-1.5625)(0.330613,-2.5,-3.125)(-0.49592,-2.5,-2.1875)(0.49592,2.5,-2.1875)
924:(-0.716328,0,-0.9375)(-0.275511,-5,-3.4375)(0,-3.75,-5)(0,-4.375,-5)
925:(0.440817,-5,-2.5)(0.165306,1.875,-4.0625)(0.551022,2.5,-1.875)(-0.606124,-1.25,-1.5625)
926:(-0.551022,-1.875,-1.875)(0.110204,-3.75,-4.375)(-0.881635,2.5,0)(0.440817,-5,-2.5)
927:(0.440817,-5,-2.5)(0.716328,-5,-0.9375)(-0.716328,-0.625,-0.9375)(0.110204,-3.75,-4.375)
928:(-0.661226,-2.5,-1.25)(0.440817,-5,-2.5)(0.716328,-5,-0.9375)(0.881635,1.25,0)
929:(0.49592,4.375,-2.1875)(0.440817,-5,-2.5)(-0.661226,-2.5,-1.25)(0.771431,1.25,-0.625)
930:(0.440817,-5,-2.5)(0.49592,4.375,-2.1875)(-0.661226,-2.5,-1.25)(0.826533,-0.625,-0.3125)
931:(0.440817,-5,-2.5)(-0.661226,-2.5,-1.25)(0.716328,-5,-0.9375)(0.661226,-3.125,-1.25)
932:(0.716328,-5,-0.9375)(0.440817,-5,-2.5)(-0.716328,-0.625,-0.9375)(0.771431,-5,-0.625)
933:(0.330613,-2.5,-3.125)(0.881635,3.125,0)(0.0551022,5,-4.6875)(0.110204,4.375,-4.375)
934:(0.49592,2.5,-2.1875)(0.330613,-2.5,-3.125)(0.551022,1.875,-1.875)(0.49592,-1.875,-2.1875)
935:(0.220409,1.25,-3.75)(0.330613,-2.5,-3.125)(0.220409,1.875,-3.75)(-0.551022,-2.5,-1.875)
936:(0.551022,2.5,-1.875)(0.330613,-2.5,-3.125)(0.165306,1.875,-4.0625)(0.440817,-5,-2.5)
937:(-0.716328,-0.625,-0.9375)(0.440817,-5,-2.5)(-0.606124,-1.25,-1.5625)(0.165306,1.875,-4.0625)
938:(0.385715,-5,-2.8125)(0.220409,0.625,-3.75)(0.440817,-3.125,-2.5)(0.385715,-2.5,-2.8125)
939:(0.881635,1.25,0)(0.771431,1.25,-0.625)(-0.661226,-2.5,-1.25)(0.440817,-5,-2.5)
940:(0.440817,-5,-2.5)(0.606124,-2.5,-1.5625)(0.771431,1.25,-0.625)(0.49592,4.375,-2.1875)
941:(0.771431,1.25,-0.625)(0.330613,-2.5,-3.125)(0.606124,-2.5,-1.5625)(0.440817,-5,-2.5)
942:(-0.716328,0,-0.9375)(-0.771431,4.375,-0.625)(0.551022,0,-1.875)(-0.275511,-5,-3.4375)
943:(-0.385715,3.125,-2.8125)(-0.661226,2.5,-1.25)(0.440817,-5,-2.5)(-0.716328,2.5,-0.9375)
944:(0.440817,0,-2.5)(-0.826533,-2.5,-0.3125)(-25,-5,0)(-0.49592,-0.625,-2.1875)
945:(0.771431,-5,-0.625)(0.881635,1.25,0)(0.716328,-5,-0.9375)(0.440817,-5,-2.5)
946:(0.440817,-5,-2.5)(-0.716328,-0.625,-0.9375)(-0.606124,-1.25,-1.5625)(-0.551022,-1.875,-1.875)
947:(-0.551022,-2.5,-1.875)(0.330613,-2.5,-3.125)(-0.606124,-2.5,-1.5625)(0.271185,5,-3.46203)
948:(0.49592,-1.875,-2.1875)(0.330613,-2.5,-3.125)(0.881635,3.125,0)(0.0551022,5,-4.6875)
949:(0.330613,-2.5,-3.125)(-0.606124,-2.5,-1.5625)(0.271185,5,-3.46203)(0.49592,2.5,-2.1875)
950:(-0.440817,3.125,-2.5)(-0.606124,4.375,-1.5625)(0.440817,-5,-2.5)(0.275511,-5,-3.4375)
951:(0.165306,1.875,-4.0625)(0.330613,-2.5,-3.125)(0.220409,1.25,-3.75)(-0.49592,-5,-2.1875)
952:(0.165306,1.875,-4.0625)(0.771431,-5,-0.625)(-0.716328,-0.625,-0.9375)(0.440817,-5,-2.5)
953:(0.771431,-5,-0.625)(0.330613,-2.5,-3.125)(-0.49592,-5,-2.1875)(0.771431,2.5,-0.625)
954:(0.330613,-2.5,-3.125)(0.771431,1.25,-0.625)(0.606124,-2.5,-1.5625)(0.551022,-1.875,-1.875)
955:(0.771431,1.25,-0.625)(0.330613,-2.5,-3.125)(0.826533,0.625,-0.3125)(0.551022,-1.875,-1.875)
956:(0.881635,1.25,0)(0.330613,-2.5,-3.125)(0.771431,2.5,-0.625)(0.826533,0.625,-0.3125)
957:(0.330613,-2.5,-3.125)(0.826533,0.625,-0.3125)(0.551022,-1.875,-1.875)(0.661226,-4.375,-1.25)
958:(0.551022,-1.875,-1.875)(0.0551022,-1.875,-4.6875)(0.330613,-2.5,-3.125)(0.826533,-1.875,-0.3125)
959:(0.330613,-2.5,-3.125)(0.49592,-1.875,-2.1875)(0.716328,-1.25,-0.9375)(0.0551022,5,-4.6875)
960:(0.330613,-2.5,-3.125)(0.49592,2.5,-2.1875)(0.49592,-2.5,-2.1875)(0.49592,-1.875,-2.1875)
961:(0.271185,5,-3.46203)(0.330613,-2.5,-3.125)(0.49592,2.5,-2.1875)(0.49592,-2.5,-2.1875)
962:(0.440817,1.25,-2.5)(0.385715,-3.75,-2.8125)(0.385715,-5,-2.8125)(-0.49592,1.25,-2.1875)
963:(0.330613,-2.5,-3.125)(0.165306,1.875,-4.0625)(0.771431,-5,-0.625)(-0.49592,-5,-2.1875)
964:(0.826533,0.625,-0.3125)(0.330613,-2.5,-3.125)(-0.881635,-1.25,0)(0.661226,-4.375,-1.25)
965:(0.330613,-2.5,-3.125)(0.771431,2.5,-0.625)(0.826533,0.625,-0.3125)(-0.881635,-1.25,0)
966:(-0.771431,2.5,-0.625)(-0.385715,-1.25,-2.8125)(0.385715,-5,-2.8125)(0.771431,-0.625,-0.625)
967:(0.771431,2.5,-0.625)(0.330613,-2.5,-3.125)(0.771431,0,-0.625)(-0.881635,-1.25,0)
968:(-0.49592,-5,-2.1875)(0.330613,-2.5,-3.125)(-0.551022,-2.5,-1.875)(0.771431,0,-0.625)
969:(0.49592,-2.5,-2.1875)(0.330613,-2.5,-3.125)(0.49592,-1.875,-2.1875)(0.716328,-1.25,-0.9375)
970:(-0.606124,5,-1.5625)(-0.826533,2.5,-0.3125)(0.385715,-5,-2.8125)(-0.826533,1.875,-0.3125)
971:(0.771431,0,-0.625)(0.330613,-2.5,-3.125)(0.271185,5,-3.46203)(0.440817,-1.875,-2.5)
972:(0.330613,-2.5,-3.125)(-0.881635,-1.25,0)(0.661226,-4.375,-1.25)(0.606124,0,-1.5625)
973:(-0.881635,-1.25,0)(0.330613,-2.5,-3.125)(0.440817,-1.875,-2.5)(0.606124,0,-1.5625)
974:(-0.716328,0,-0.9375)(-0.110204,0,-4.375)(-0.661226,4.375,-1.25)(-0.716328,5,-0.9375)
975:(0.330613,-2.5,-3.125)(0.49592,-2.5,-2.1875)(0.275511,3.75,-3.4375)(0.716328,-1.25,-0.9375)
976:(0.330613,-2.5,-3.125)(0.271185,5,-3.46203)(0.440817,-1.875,-2.5)(0.49592,-2.5,-2.1875)
977:(0.330613,-2.5,-3.125)(0.440817,-1.875,-2.5)(0.606124,0,-1.5625)(0.275511,3.75,-3.4375)
978:(0.440817,-1.875,-2.5)(0.330613,-2.5,-3.125)(0.49592,-2.5,-2.1875)(0.275511,3.75,-3.4375)
979:(0.110204,3.125,-4.375)(-0.440817,5,-2.5)(0.110204,2.5,-4.375)(0.385715,-5,-2.8125)
980:(0.771431,3.125,-0.625)(0.385715,-5,-2.8125)(-0.49592,5,-2.1875)(0,-1.875,-5)
981:(0.385715,-5,-2.8125)(0.771431,3.125,-0.625)(-0.49592,5,-2.1875)(-0.440817,4.375,-2.5)
982:(-0.606124,-5,-1.5625)(-25,5,0)(0.716328,-2.5,-0.9375)(0.385715,-5,-2.8125)
983:(-0.551022,-3.75,-1.875)(-0.606124,-5,-1.5625)(-0.49592,0.625,-2.1875)(0.385715,-5,-2.8125)
984:(0.385715,-5,-2.8125)(0.440817,-2.5,-2.5)(0.330613,1.875,-3.125)(-0.271185,-5,-3.46203)
985:(-0.606124,-1.875,-1.5625)(-0.271185,-5,-3.46203)(0,1.25,-5)(0.385715,-5,-2.8125)
986:(-0.826533,-0.625,-0.3125)(0.385715,2.5,-2.8125)(-0.881635,-0.625,0)(0.385715,-5,-2.8125)
987:(0.826533,3.75,-0.3125)(0.440817,3.125,-2.5)(0.385715,3.125,-2.8125)(0.385715,-5,-2.8125)
988:(0.826533,-0.625,-0.3125)(0.826533,3.75,-0.3125)(0.440817,-5,-2.5)(0.385715,-5,-2.8125)
989:(0.385715,2.5,-2.8125)(0,1.25,-5)(0.826533,1.875,-0.3125)(0.385715,-5,-2.8125)
990:(-0.49592,3.125,-2.1875)(0.110204,3.125,-4.375)(0.716328,3.75,-0.9375)(0.385715,-5,-2.8125)
991:(-0.49592,3.125,-2.1875)(0.385715,-5,-2.8125)(-0.110204,0.625,-4.375)(0.330613,-3.75,-3.125)
992:(-0.110204,0.625,-4.375)(0.385715,-5,-2.8125)(-0.49592,0.625,-2.1875)(0.275511,1.25,-3.4375)
993:(0.385715,-5,-2.8125)(-0.49592,3.125,-2.1875)(-0.110204,0.625,-4.375)(0.0551022,0,-4.6875)
994:(0.385715,-5,-2.8125)(-0.385715,4.375,-2.8125)(-0.440817,2.5,-2.5)(0.110204,3.125,-4.375)
995:(-0.385715,4.375,-2.8125)(0.385715,-5,-2.8125)(-0.440817,2.5,-2.5)(-0.385715,5,-2.8125)
996:(0.385715,-5,-2.8125)(0,-1.875,-5)(-0.440817,5,-2.5)(-0.49592,5,-2.1875)
997:(0.385715,-5,-2.8125)(0.551022,5,-1.875)(0.49592,5,-2.1875)(0.330613,-3.125,-3.125)
998:(0,-1.875,-5)(0.165306,-3.125,-4.0625)(0.771431,3.125,-0.625)(0.385715,-5,-2.8125)
999:(0,-1.875,-5)(0.385715,-5,-2.8125)(-0.440817,5,-2.5)(0.661226,-3.75,-1.25)
1000:(0.385715,-5,-2.8125)(0.661226,-3.75,-1.25)(-0.385715,4.375,-2.8125)(-0.440817,5,-2.5)
1001:(-0.49592,0.625,-2.1875)(0.716328,-2.5,-0.9375)(-0.551022,1.25,-1.875)(0.385715,-5,-2.8125)
1002:(0.716328,-2.5,-0.9375)(-25,5,0)(0.716328,-1.875,-0.9375)(0.385715,-5,-2.8125)
1003:(-25,5,0)(0.440817,-5,-2.5)(0.716328,-1.875,-0.9375)(0.385715,-5,-2.8125)
1004:(0.385715,-5,-2.8125)(-0.110204,0.625,-4.375)(-0.49592,0.625,-2.1875)(-0.551022,-3.75,-1.875)
1005:(0.440817,-2.5,-2.5)(0.551022,-2.5,-1.875)(0.0551022,-0.625,-4.6875)(0.385715,-5,-2.8125)
1006:(0.440817,-2.5,-2.5)(0.385715,-5,-2.8125)(0.330613,1.875,-3.125)(0.551022,-2.5,-1.875)
1007:(-0.110204,1.25,-4.375)(0.49592,1.25,-2.1875)(0.440817,-5,-2.5)(0.551022,-5,-1.875)
1008:(-0.440817,-3.125,-2.5)(0.385715,3.125,-2.8125)(-0.826533,-0.625,-0.3125)(0.385715,-5,-2.8125)
1009:(0.826533,3.75,-0.3125)(-0.440817,-3.125,-2.5)(0.440817,-5,-2.5)(0.385715,-5,-2.8125)
1010:(0.385715,-5,-2.8125)(0.826533,1.875,-0.3125)(-0.881635,-0.625,0)(-0.826533,-1.25,-0.3125)
1011:(0.826533,1.875,-0.3125)(0.385715,-5,-2.8125)(-0.881635,-0.625,0)(0.385715,2.5,-2.8125)
1012:(0.330613,-3.75,-3.125)(-0.440817,2.5,-2.5)(-0.49592,3.125,-2.1875)(0.385715,-5,-2.8125)
1013:(0.385715,-5,-2.8125)(0.330613,-3.75,-3.125)(0.275511,1.25,-3.4375)(-0.110204,0.625,-4.375)
1014:(0.330613,-3.75,-3.125)(0.385715,-5,-2.8125)(0.275511,1.25,-3.4375)(0.385715,-4.375,-2.8125)
1015:(-0.385715,5,-2.8125)(0.385715,-5,-2.8125)(-0.881635,4.375,0)(0.220409,-3.125,-3.75)
1016:(0.385715,-5,-2.8125)(-0.661226,3.75,-1.25)(-0.385715,5,-2.8125)(-0.385715,4.375,-2.8125)
1017:(0.661226,-3.75,-1.25)(0.385715,-5,-2.8125)(-0.385715,4.375,-2.8125)(-0.661226,3.75,-1.25)
1018:(0.661226,-0.625,-1.25)(0.385715,-5,-2.8125)(0.110204,-3.125,-4.375)(-0.385715,-1.25,-2.8125)
1019:(0.385715,-5,-2.8125)(0.661226,-0.625,-1.25)(0.110204,-3.125,-4.375)(0.165306,-3.125,-4.0625)
1020:(0.661226,-3.75,-1.25)(0.110204,-3.125,-4.375)(0,-1.875,-5)(0.385715,-5,-2.8125)
1021:(-0.661226,3.75,-1.25)(0.385715,-5,-2.8125)(-0.385715,5,-2.8125)(-0.716328,1.875,-0.9375)
1022:(0.385715,-5,-2.8125)(0.275511,1.25,-3.4375)(-0.551022,1.25,-1.875)(-0.49592,0.625,-2.1875)
1023:(-0.551022,1.25,-1.875)(0.385715,-5,-2.8125)(0.716328,-1.875,-0.9375)(-0.551022,0.625,-1.875)
1024:(0.385715,-5,-2.8125)(-0.551022,1.25,-1.875)(0.716328,-1.875,-0.9375)(0.716328,-2.5,-0.9375)
1025:(0.440817,-5,-2.5)(-0.551022,0.625,-1.875)(0.716328,-1.875,-0.9375)(0.385715,-5,-2.8125)
1026:(0.275511,1.25,-3.4375)(0.385715,-5,-2.8125)(-0.551022,1.25,-1.875)(0.330613,1.25,-3.125)
1027:(-0.271185,-5,-3.46203)(0.440817,-3.125,-2.5)(0.881635,0,0)(0.385715,-5,-2.8125)
1028:(0.385715,-5,-2.8125)(0.881635,0,0)(0,1.25,-5)(0.881635,-0.176327,0)
1029:(0.826533,1.875,-0.3125)(0.881635,-0.176327,0)(0.771431,1.875,-0.625)(0.385715,-5,-2.8125)
1030:(0.385715,-5,-2.8125)(-0.826533,-1.25,-0.3125)(-0.716328,-1.25,-0.9375)(-0.826533,1.875,-0.3125)
1031:(-0.661226,-1.875,-1.25)(-0.881635,-0.625,0)(-0.716328,-1.25,-0.9375)(0.385715,-5,-2.8125)
1032:(-0.826533,-0.625,-0.3125)(0.385715,-5,-2.8125)(-0.661226,-1.25,-1.25)(-0.440817,-3.125,-2.5)
1033:(-0.826533,-1.25,-0.3125)(0.385715,-5,-2.8125)(-0.716328,-1.25,-0.9375)(-0.881635,-0.625,0)
1034:(-0.826533,-1.25,-0.3125)(0.771431,1.875,-0.625)(-0.551022,-0.625,-1.875)(0.385715,-5,-2.8125)
1035:(0.385715,-5,-2.8125)(-0.385715,5,-2.8125)(-0.881635,4.375,0)(-0.440817,2.5,-2.5)
1036:(0.385715,-4.375,-2.8125)(0.385715,-5,-2.8125)(0.330613,1.25,-3.125)(0.385715,-3.75,-2.8125)
1037:(0.0551022,5,-4.6875)(0.330613,3.75,-3.125)(0.330613,-2.5,-3.125)(0.881635,-2.5,0)
1038:(0.385715,-4.375,-2.8125)(-0.881635,4.375,0)(0.330613,-3.75,-3.125)(0.385715,-5,-2.8125)
1039:(0.385715,-5,-2.8125)(-0.716328,1.875,-0.9375)(0.220409,-3.125,-3.75)(-0.385715,5,-2.8125)
1040:(-0.716328,1.875,-0.9375)(0.385715,-5,-2.8125)(0.220409,-3.125,-3.75)(-0.606124,5,-1.5625)
1041:(-0.661226,3.75,-1.25)(-0.771431,2.5,-0.625)(0.661226,-3.75,-1.25)(0.385715,-5,-2.8125)
1042:(-0.551022,-0.625,-1.875)(0.826533,1.25,-0.3125)(0.385715,-5,-2.8125)(0.771431,1.875,-0.625)
1043:(-0.385715,-1.25,-2.8125)(0.881635,2.5,0)(0.661226,-0.625,-1.25)(0.385715,-5,-2.8125)
1044:(-0.771431,2.5,-0.625)(-0.385715,-1.25,-2.8125)(0.110204,-3.125,-4.375)(0.385715,-5,-2.8125)
1045:(0.385715,-5,-2.8125)(-0.771431,1.875,-0.625)(-0.716328,1.875,-0.9375)(-0.661226,3.75,-1.25)
1046:(0.851424,-4.06668,-0.971568)(-0.881635,-4.375,0)(-25,-5,0)(0.0551022,-3.75,-4.6875)
1047:(-0.551022,0.625,-1.875)(0.330613,1.25,-3.125)(-0.551022,1.25,-1.875)(0.385715,-5,-2.8125)
1048:(0.440817,-5,-2.5)(0.440817,1.25,-2.5)(-0.551022,0.625,-1.875)(0.385715,-5,-2.8125)
1049:(0.385715,-5,-2.8125)(0.385715,-4.375,-2.8125)(0.330613,1.25,-3.125)(0.275511,1.25,-3.4375)
1050:(0.440817,-3.125,-2.5)(0.440817,-2.5,-2.5)(0.0551022,-0.625,-4.6875)(0.385715,-5,-2.8125)
1051:(0.606124,1.875,-1.5625)(0.551022,-3.125,-1.875)(0.0551022,-0.625,-4.6875)(0.385715,-0.625,-2.8125)
1052:(0.881635,0,0)(0.385715,-5,-2.8125)(0,1.25,-5)(-0.271185,-5,-3.46203)
1053:(-0.716328,-1.25,-0.9375)(0.385715,-5,-2.8125)(-0.881635,3.125,0)(-0.661226,-1.875,-1.25)
1054:(0.716328,1.875,-0.9375)(-0.826533,1.875,-0.3125)(-0.606124,5,-1.5625)(0.385715,-5,-2.8125)
1055:(-0.606124,2.5,-1.5625)(-0.220409,-5,-3.75)(-25,-5,0)(-0.0551022,2.5,-4.6875)
1056:(0.385715,-5,-2.8125)(-0.826533,-0.625,-0.3125)(-0.661226,-1.25,-1.25)(-0.661226,-1.875,-1.25)
1057:(-0.440817,-3.125,-2.5)(-0.661226,-1.25,-1.25)(0.440817,-5,-2.5)(0.385715,-5,-2.8125)
1058:(0.385715,-5,-2.8125)(-0.551022,-0.625,-1.875)(-0.826533,1.875,-0.3125)(-0.826533,2.5,-0.3125)
1059:(-0.551022,-0.625,-1.875)(0.385715,-5,-2.8125)(-0.826533,1.875,-0.3125)(-0.826533,-1.25,-0.3125)
1060:(0.385715,-5,-2.8125)(-0.881635,3.75,0)(0.385715,-3.75,-2.8125)(0.385715,-4.375,-2.8125)
1061:(0,-1.875,-5)(0.165306,-3.125,-4.0625)(0.385715,-5,-2.8125)(0.110204,-3.125,-4.375)
1062:(-0.881635,3.75,0)(0.220409,-3.125,-3.75)(-0.881635,4.375,0)(0.385715,-5,-2.8125)
1063:(-0.881635,3.75,0)(0.385715,-5,-2.8125)(0.385715,-3.75,-2.8125)(0.330613,5,-3.125)
1064:(-0.606124,5,-1.5625)(0.385715,-5,-2.8125)(0.275511,-3.75,-3.4375)(0.716328,1.875,-0.9375)
1065:(-0.606124,5,-1.5625)(-0.826533,2.5,-0.3125)(-0.716328,1.875,-0.9375)(0.385715,-5,-2.8125)
1066:(-0.771431,1.875,-0.625)(0.385715,-5,-2.8125)(-0.716328,1.875,-0.9375)(-0.826533,2.5,-0.3125)
1067:(-0.606124,-3.125,-1.5625)(-0.716328,0.625,-0.9375)(-0.661226,0,-1.25)(-0.716328,1.25,-0.9375)
1068:(0.826533,2.5,-0.3125)(-0.716328,-4.375,-0.9375)(0.881635,2.5,0)(0.385715,-5,-2.8125)
1069:(0.826533,2.5,-0.3125)(0.385715,-5,-2.8125)(0.771431,-0.625,-0.625)(-0.275511,-1.875,-3.4375)
1070:(0.385715,-5,-2.8125)(0.826533,2.5,-0.3125)(0.771431,-0.625,-0.625)(-0.385715,-1.25,-2.8125)
1071:(0.771431,-0.625,-0.625)(0.385715,-5,-2.8125)(-0.771431,1.875,-0.625)(0.606124,5,-1.5625)
1072:(0.385715,-5,-2.8125)(0.771431,-0.625,-0.625)(-0.771431,1.875,-0.625)(-0.771431,2.5,-0.625)
1073:(0.440817,-5,-2.5)(-0.49592,1.25,-2.1875)(0.440817,1.25,-2.5)(0.385715,-5,-2.8125)
1074:(0.440817,1.25,-2.5)(0.385715,-3.75,-2.8125)(0.330613,1.25,-3.125)(0.385715,-5,-2.8125)
1075:(0.385715,-5,-2.8125)(0.385715,-2.5,-2.8125)(0.881635,0,0)(0.0551022,2.5,-4.6875)
1076:(0.881635,-0.176327,0)(0.0551022,2.5,-4.6875)(0.881635,-0.625,0)(0.385715,-5,-2.8125)
1077:(0.385715,-5,-2.8125)(0.881635,-0.625,0)(0.771431,1.875,-0.625)(0.826533,1.25,-0.3125)
1078:(-0.551022,-0.625,-1.875)(0.826533,1.25,-0.3125)(0.606124,5,-1.5625)(0.385715,-5,-2.8125)
1079:(0.716328,1.875,-0.9375)(0.385715,-5,-2.8125)(0.275511,-3.125,-3.4375)(-0.881635,3.125,0)
1080:(0.385715,-5,-2.8125)(-0.606124,5,-1.5625)(0.275511,-3.75,-3.4375)(0.220409,-3.125,-3.75)
1081:(0.385715,-5,-2.8125)(-0.716328,-1.25,-0.9375)(-0.881635,3.125,0)(0.716328,1.875,-0.9375)
1082:(-0.661226,-1.875,-1.25)(0.385715,-5,-2.8125)(0.220409,-3.75,-3.75)(-0.661226,-1.25,-1.25)
1083:(-0.826533,2.5,-0.3125)(0.606124,5,-1.5625)(-0.771431,1.875,-0.625)(0.385715,-5,-2.8125)
1084:(-0.716328,3.75,-0.9375)(-0.551022,-5,-1.875)(-25,5,0)(-0.606124,-4.375,-1.5625)
1085:(-0.771431,3.75,-0.625)(-0.716328,0,-0.9375)(-0.771431,4.375,-0.625)(0.551022,0,-1.875)
1086:(0.330613,5,-3.125)(0.275511,-3.75,-3.4375)(-0.881635,3.75,0)(0.385715,-5,-2.8125)
1087:(0.661226,5,-1.25)(-0.716328,-2.5,-0.9375)(0.440817,-5,-2.5)(-0.716328,-1.875,-0.9375)
1088:(0.220409,-0.625,-3.75)(0.385715,3.75,-2.8125)(-0.716328,-4.375,-0.9375)(0.385715,-5,-2.8125)
1089:(0.220409,-0.625,-3.75)(0.385715,-5,-2.8125)(-0.275511,-1.875,-3.4375)(0.826533,0,-0.3125)
1090:(0.385715,-5,-2.8125)(0.220409,-0.625,-3.75)(-0.275511,-1.875,-3.4375)(0.826533,2.5,-0.3125)
1091:(0.330613,4.375,-3.125)(0.881635,3.125,0)(0.330613,-2.5,-3.125)(0.881635,1.875,0)
1092:(0.606124,5,-1.5625)(-0.275511,-1.875,-3.4375)(0.771431,-0.625,-0.625)(0.385715,-5,-2.8125)
1093:(-0.49592,1.25,-2.1875)(0.440817,-5,-2.5)(0.385715,4.375,-2.8125)(0.385715,-5,-2.8125)
1094:(-0.49592,1.25,-2.1875)(0.330613,5,-3.125)(0.385715,-3.75,-2.8125)(0.385715,-5,-2.8125)
1095:(0.385715,-5,-2.8125)(0.220409,0.625,-3.75)(0.0551022,-0.625,-4.6875)(0.440817,-3.125,-2.5)
1096:(0.385715,-2.5,-2.8125)(0.385715,-5,-2.8125)(0.881635,0,0)(0.440817,-3.125,-2.5)
1097:(0.881635,-0.625,0)(0.385715,-5,-2.8125)(0.771431,1.875,-0.625)(0.881635,-0.176327,0)
1098:(0.826533,-2.5,-0.3125)(0.661226,1.25,-1.25)(0.330613,-2.5,-3.125)(0.661226,0.625,-1.25)
1099:(0.385715,-5,-2.8125)(0.716328,1.875,-0.9375)(0.275511,-3.125,-3.4375)(0.275511,-3.75,-3.4375)
1100:(0.385715,-5,-2.8125)(-0.661226,-1.875,-1.25)(0.220409,-3.75,-3.75)(-0.881635,3.125,0)
1101:(-0.661226,-1.25,-1.25)(0.220409,-3.75,-3.75)(0.440817,-5,-2.5)(0.385715,-5,-2.8125)
1102:(0.385715,-5,-2.8125)(0.275511,-3.125,-3.4375)(0.385715,4.375,-2.8125)(0.330613,5,-3.125)
1103:(0.440817,-5,-2.5)(-0.606124,4.375,-1.5625)(0.385715,4.375,-2.8125)(0.385715,-5,-2.8125)
1104:(0.275511,-3.125,-3.4375)(0.385715,-5,-2.8125)(0.385715,4.375,-2.8125)(-0.606124,4.375,-1.5625)
1105:(0.826533,-1.25,-0.3125)(0.385715,-5,-2.8125)(-0.771431,-1.25,-0.625)(0.771431,-1.25,-0.625)
1106:(0.385715,-5,-2.8125)(0.826533,-1.25,-0.3125)(-0.771431,-1.25,-0.625)(0.385715,3.75,-2.8125)
1107:(-0.0551022,-3.75,-4.6875)(-0.330613,5,-3.125)(-25,-5,0)(-0.165306,-1.25,-4.0625)
1108:(0.826533,0,-0.3125)(-0.771431,-1.25,-0.625)(0.220409,-0.625,-3.75)(0.385715,-5,-2.8125)
1109:(0.826533,1.25,-0.3125)(0.826533,0,-0.3125)(-0.275511,-1.875,-3.4375)(0.385715,-5,-2.8125)
1110:(0.385715,-5,-2.8125)(0.661226,-1.25,-1.25)(0.0551022,2.5,-4.6875)(-0.881635,-5,0)
1111:(0.385715,-5,-2.8125)(-0.881635,-5,0)(0.881635,-0.625,0)(0.826533,0,-0.3125)
1112:(-0.881635,3.125,0)(0.385715,-5,-2.8125)(-0.606124,4.375,-1.5625)(0.220409,-3.75,-3.75)
1113:(0.385715,-5,-2.8125)(-0.881635,3.125,0)(-0.606124,4.375,-1.5625)(0.275511,-3.125,-3.4375)
1114:(0.220409,-3.75,-3.75)(-0.606124,4.375,-1.5625)(0.440817,-5,-2.5)(0.385715,-5,-2.8125)
1115:(0.771431,-1.25,-0.625)(0.385715,-5,-2.8125)(-0.881635,-5,0)(0.661226,-1.25,-1.25)
1116:(0.385715,-5,-2.8125)(0.771431,-1.25,-0.625)(-0.881635,-5,0)(-0.771431,-1.25,-0.625)
1117:(-0.881635,-5,0)(0.385715,-5,-2.8125)(0.881635,-0.625,0)(0.0551022,2.5,-4.6875)
1118:(-0.716328,0,-0.9375)(-0.440817,-5,-2.5)(-0.551022,-5,-1.875)(-0.220409,-1.875,-3.75)
1119:(0.661226,-1.25,-1.25)(0.385715,-5,-2.8125)(0.0551022,2.5,-4.6875)(0.385715,-2.5,-2.8125)
