0:-0.000186309;-0.000139299;-9.33507e-05;-1.34215e-06;7.17408e-06;-2.90202e-05
1:0.000251694;0.000380491;0.000423339;-1.48764e-05;-2.43732e-05;0.000512792
2:0.000160587;0.00030882;0.000304925;-2.79197e-05;-1.8721e-05;0.00046952
3:-0.000141152;9.01541e-05;0.000130681;-5.73226e-05;-1.32028e-05;-7.58599e-05
4:0.000405649;0.000525469;0.000635987;-1.29187e-05;-3.5915e-05;0.000568334
5:-9.25311e-05;1.4162e-05;-4.66218e-07;2.47281e-05;-2.6296e-06;3.37256e-05
6:4.50899e-05;3.56503e-05;5.49088e-06;-8.28351e-06;-1.13817e-07;0.000500245
7:-0.000213149;-0.000135963;-0.000164424;-3.7772e-05;-1.04528e-05;0.000369095
8:-0.0004054;-0.000244931;-0.000213692;-1.77368e-05;-4.3825e-05;0.000244462
9:-0.000215618;-1.73551e-05;-1.5872e-05;-2.48498e-05;-2.97874e-05;0.00029716
10:-0.000472316;-0.000129876;6.23742e-05;3.64822e-05;1.34819e-05;-4.70801e-06
11:-0.000152899;-7.70539e-05;-0.000138508;2.50082e-05;7.34204e-05;9.2749e-05
12:-0.000272578;-0.000102714;-3.09507e-05;-4.89168e-05;-9.23851e-06;0.000279839
13:6.6082e-05;0.000187339;0.000148213;-2.19901e-05;-1.08654e-05;0.000454991
14:-0.000307764;0.0001061;0.00023512;-2.16517e-06;-8.05581e-06;-0.000184927
15:-0.000154059;-4.94201e-05;-0.000115667;4.16094e-05;2.55222e-05;6.48714e-05
16:-0.000165989;5.34509e-05;5.00936e-05;-2.09956e-05;-3.31288e-05;0.000299426
17:0.000163133;0.000316139;0.000453415;-4.6511e-05;-1.28409e-05;0.000455227
18:-1.20765e-06;9.93535e-06;-2.42435e-05;1.19234e-05;2.04798e-05;0.000476094
19:-0.000155698;-9.62637e-05;-0.000124402;-5.92067e-05;-1.97814e-05;0.000395272
20:8.17994e-05;0.000224664;0.000182996;-3.64288e-05;-1.4555e-05;0.000446606
21:-0.000295159;0.00012933;0.000230267;-2.62766e-06;3.42835e-05;-0.000135204
22:-6.83693e-05;0.000119016;-2.2843e-05;-0.000135531;-5.58434e-05;1.85697e-05
23:0.000407366;0.000354495;0.000260383;-0.000214374;-4.13939e-05;0.000624708
24:-0.000158456;7.97795e-05;0.000127816;-8.45471e-05;1.94347e-05;0.000261689
25:-0.000327413;-0.000195302;-0.000132418;-2.30282e-05;-4.54201e-06;0.000290952
26:-0.00013266;0.000148347;0.000192156;-4.6808e-05;-1.61313e-05;0.000189205
27:-0.000143497;0.000131303;0.000206426;-3.05913e-05;-2.40962e-05;7.99352e-05
28:1.32296e-05;0.00010569;7.6441e-05;-3.95634e-06;-1.22546e-06;0.000450658
29:-0.000135224;0.000130375;0.000188962;-0.000129422;2.43225e-06;0.000189539
30:-0.000349405;-0.000245498;-0.000141304;-3.22186e-05;-8.74144e-06;0.00029639
31:-0.000405985;-2.0606e-05;6.98227e-05;-3.69385e-06;2.2498e-06;-0.000136568
32:-0.000345725;9.30076e-05;0.000143974;-6.04967e-05;6.25348e-05;-0.000170215
33:-8.03917e-05;9.85738e-05;-3.88579e-05;-0.000145258;-5.83215e-05;2.92763e-05
34:-0.000501859;-0.000521436;-0.000376013;-1.82931e-06;-9.93164e-06;0.000307917
35:-4.27874e-05;1.9403e-05;-2.64437e-05;-5.18577e-05;-4.0065e-06;0.000436681
36:-0.000900701;-0.000667854;-0.000655754;1.67e-05;5.21948e-05;3.51105e-05
37:0.000238947;0.000235353;0.000178624;-0.000113739;-2.14508e-05;0.000561536
38:6.43208e-05;2.32741e-05;-2.02509e-05;-1.77383e-05;-1.39064e-05;0.000517868
39:-0.00046767;-0.000392513;-0.000345451;6.43336e-06;1.47947e-05;0.000276666
40:-0.000139142;-6.44638e-05;-9.95878e-05;3.11759e-05;6.58028e-05;8.54834e-05
41:3.86975e-06;5.66964e-07;-2.77013e-05;9.85811e-06;2.2938e-05;0.000482837
42:0.000219831;0.000425182;0.000371845;0.000210225;0.000115402;-5.14173e-06
43:-0.000351421;-3.47608e-05;-6.23567e-05;-2.28994e-05;-5.84147e-05;0.000128029
44:0.000102338;0.000312167;0.000262919;-6.4677e-05;-2.7891e-06;0.000398113
45:-0.000278408;-0.000222552;-0.000214435;-1.78155e-05;-8.72187e-06;0.000355994
46:-0.000171565;-7.0074e-05;-9.95221e-05;-4.78236e-05;-1.04952e-05;0.000369761
47:0.000144031;0.000273601;0.000268822;-1.80326e-05;-1.63445e-05;0.000476852
48:-0.000121614;-2.42366e-05;-3.63019e-05;7.22179e-06;-6.16318e-06;4.2118e-05
49:8.25629e-05;0.000245659;0.000201655;-4.92608e-05;-1.59694e-05;0.00043153
50:0.000162044;0.000178813;0.000130103;-6.10846e-05;-6.88139e-06;0.000531097
51:6.0069e-05;0.00028262;0.000235436;-6.82465e-05;-7.35996e-06;0.000366948
52:-0.000416117;-0.000352893;-0.000220646;3.10459e-05;3.66398e-05;0.000293071
53:-2.19489e-05;0.00011718;4.50221e-05;-0.00017107;-8.68648e-06;0.000365355
54:-0.000311876;-0.0001792;-7.61142e-05;-5.12614e-05;-1.40289e-05;0.000290386
55:0.000122565;0.000147778;9.50633e-05;-2.86794e-05;5.24502e-06;0.00051573
56:-0.000267234;-0.000123964;-0.000160188;-5.08716e-05;-5.2819e-07;0.000305788
57:-0.000130351;-7.84178e-05;-0.000111599;-3.30114e-05;-8.77614e-06;0.0004113
58:0.000114286;0.000201109;0.000149159;5.45327e-05;0.000122942;0.000115011
59:4.58423e-06;-1.25701e-06;-2.89678e-05;-1.37216e-06;1.08065e-05;0.000483809
60:-0.000468913;-0.000179344;-5.58062e-05;1.51201e-05;3.65324e-05;-2.51015e-05
61:-0.000368177;-0.000147142;-9.49183e-05;-1.8264e-05;-8.03493e-06;0.000158235
62:-0.000535616;-0.000119575;-0.000117343;-1.38972e-05;4.06071e-05;-7.23266e-05
63:-0.000291242;-0.000219354;-0.00021292;-2.425e-05;-1.10097e-05;0.000342694
64:0.000204259;0.000448383;0.000474903;3.47909e-06;1.93947e-05;0.000403462
65:-3.29778e-05;9.3123e-05;4.51399e-05;-5.95748e-05;-1.36796e-05;0.000408037
66:-0.000346468;-0.000306299;-0.000257931;-1.09951e-05;-1.01107e-05;0.000337504
67:-0.000127471;3.17065e-05;-7.35778e-05;-0.000101662;7.58289e-06;1.22503e-05
68:-0.000146857;-6.54146e-06;-8.85362e-05;8.60534e-05;6.3421e-06;3.15309e-05
69:-0.000265982;-2.22521e-05;4.11001e-05;-8.97214e-05;-2.59661e-05;7.11531e-05
70:-0.000403822;-0.000402523;-0.000191086;7.71027e-06;2.4329e-05;0.000318347
71:-0.000495285;-0.000219216;-0.000144051;7.11592e-07;3.88958e-05;1.14674e-05
72:-3.16621e-05;8.20116e-05;3.66202e-05;4.70909e-05;1.67168e-05;5.74924e-05
73:-0.000158375;0.000118221;0.00015867;-8.15047e-05;-8.4498e-06;0.000177328
74:-0.000319228;-0.000153814;-0.000163559;-1.46936e-05;-3.69386e-05;0.000284442
75:-0.000155675;-7.87489e-06;-9.92429e-05;-9.54273e-05;4.66378e-06;1.64449e-05
76:0.000162202;0.00032831;0.000324318;-3.47833e-05;-1.74331e-05;0.000455973
77:-7.90519e-05;1.31829e-05;-2.57563e-05;8.79719e-06;9.73374e-06;7.19717e-05
78:-0.000216989;2.63103e-05;0.000104037;-0.000127552;-2.62204e-05;0.000137733
79:-0.00043621;-7.0033e-05;-2.24019e-05;5.78228e-06;2.60466e-05;-6.79535e-05
80:-0.000438292;8.70055e-06;-5.11218e-06;2.97966e-06;-5.2592e-06;5.89483e-05
81:-0.000599641;-0.000337513;-0.000200946;-1.296e-05;3.96816e-05;-5.723e-05
82:-0.000170714;-0.00012694;-8.51376e-05;-1.51762e-06;4.99906e-06;-1.49821e-05
83:-0.000274356;7.87103e-05;0.000263615;2.58822e-05;4.66244e-05;-6.59526e-05
84:-0.000122239;-2.11349e-05;-5.79899e-05;2.4197e-05;9.8043e-06;5.43175e-05
85:-9.48947e-05;-1.60498e-05;-5.37899e-05;1.47934e-05;3.11987e-05;8.45796e-05
86:-3.83028e-06;9.82301e-05;5.21409e-05;2.91567e-05;3.01466e-05;7.53209e-05
87:0.000212691;0.000353526;0.000546355;-8.07089e-05;-3.46677e-05;0.000482069
88:0.000103333;0.0002005;0.00014925;3.4574e-05;8.25062e-05;9.96612e-05
89:-0.000444327;9.03412e-06;1.16075e-05;2.4923e-07;-1.86164e-06;1.98986e-05
90:-0.000423281;-0.000476793;-0.000266327;1.08454e-06;7.18825e-06;0.00034631
91:-0.00010096;3.79152e-05;-2.04405e-05;8.72518e-05;-6.17824e-06;2.0589e-05
92:-0.000417215;-0.000338746;-0.00021589;4.1795e-05;4.60444e-05;0.000285698
93:0.000778782;0.00112957;0.00124763;-0.000281531;-7.60462e-05;0.000625788
94:-7.35733e-05;3.43075e-05;3.35772e-05;2.51837e-05;-6.86183e-06;2.21545e-05
95:-0.000133058;-2.24747e-05;-3.45155e-05;6.43709e-05;-5.31573e-07;2.12046e-05
96:-0.000545574;-0.000205733;-0.000187349;1.14909e-05;1.69676e-05;-4.71751e-05
97:-0.000527838;-0.000147737;-0.000149382;-8.44075e-06;6.97417e-05;-0.00010972
98:-0.000342121;-0.000222514;-0.000163691;-1.57593e-05;-1.92751e-06;0.000294618
99:7.60678e-05;0.000330921;0.000374332;-2.17335e-05;-6.68578e-05;0.000350105
100:-0.000299885;-8.30654e-05;-0.000198691;0.000243911;-1.47457e-05;-0.00015824
101:6.03664e-05;0.000241271;0.000323618;-4.00825e-05;-8.75477e-06;0.000403968
102:0.000443897;0.000572603;0.00065515;-7.0261e-06;-3.23173e-05;0.000584107
103:-0.000392155;-0.000220673;-0.00018337;-1.57826e-05;-3.4913e-05;0.00023651
104:-3.56515e-05;0.000127742;2.89119e-07;0.000260585;0.000114834;8.25882e-05
105:-6.00397e-05;0.000184071;0.000188237;-2.22833e-05;-4.99163e-05;0.00031767
106:-0.000295083;0.000103945;0.000225504;1.59909e-05;1.10409e-05;-0.000109343
107:-0.00040341;-0.000410644;-0.000198003;6.16986e-06;1.9839e-05;0.000325092
108:-0.000285889;0.000156339;0.000128456;-8.8767e-06;-7.76662e-05;-2.03984e-05
109:-0.000539159;-0.00023375;-6.32861e-05;3.37439e-05;-2.13635e-06;4.99997e-05
110:-0.000293291;0.000129417;0.00024328;-3.75882e-06;1.21055e-05;-0.000150582
111:0.000205474;0.000499182;0.00047323;-2.75756e-05;-0.000109422;0.000396771
112:0.000254343;0.000354027;0.000558098;-4.36414e-05;-1.74199e-05;0.000514429
113:-0.000378432;-8.49014e-05;-8.00914e-05;-2.05047e-05;-5.98938e-05;0.000126633
114:1.63376e-05;0.000268333;0.000229541;-1.6374e-05;-6.04235e-05;0.000356371
115:-0.000193677;-2.7827e-06;-7.32429e-06;-1.92545e-05;-2.80896e-05;0.000312815
116:-0.000452887;-1.28488e-05;-2.38131e-05;1.74699e-06;-6.21128e-06;5.64435e-05
117:-0.000117054;6.93908e-06;-4.33182e-05;6.36198e-05;8.54692e-07;3.38237e-05
118:-0.000321711;-0.000227555;-8.5038e-05;-5.54061e-05;-2.31111e-05;0.000311019
119:-0.000422741;3.82892e-05;5.66053e-05;-5.3144e-06;1.77488e-05;-1.72068e-06
120:-0.000473995;-2.90437e-05;-3.39926e-05;-8.08644e-06;2.06016e-05;-9.07253e-05
121:-0.00040354;-0.000415997;-0.000203036;5.92439e-06;1.88868e-05;0.000328835
122:-0.000292006;-0.000199917;-0.000198609;-2.87035e-05;-1.1395e-05;0.000331034
123:-0.00024442;-5.0497e-05;-7.29899e-06;-4.01556e-05;-1.04416e-05;0.000276365
124:-0.00035848;-0.000288615;-0.000243677;-1.46445e-05;-8.97784e-06;0.0003166
125:-7.82805e-05;0.000130797;0.000187327;-5.42014e-05;-1.17236e-05;0.00033097
126:-5.83751e-05;8.48546e-05;3.57191e-05;-8.13065e-05;-1.96761e-05;0.000382343
127:-0.000205572;-0.000146691;-0.000172126;-2.63037e-05;-7.02858e-06;0.00038149
128:-0.000119136;-7.13102e-05;-0.000123167;-3.43996e-05;-5.2493e-06;0.000417304
129:-0.000300916;-6.98507e-05;-0.000172889;0.000188455;-2.44444e-05;-0.000164444
130:-1.56188e-05;6.4328e-05;1.5472e-05;-7.70567e-05;-1.22688e-05;0.000434854
131:-2.44272e-05;5.57777e-05;1.47713e-05;1.9652e-05;4.44766e-05;9.356e-05
132:2.76071e-05;2.50407e-05;-1.8945e-05;-1.25022e-05;-5.70615e-06;0.000491315
133:-0.000288944;0.000109016;0.000208248;1.91375e-05;2.53828e-05;-8.06337e-05
134:-0.000112271;-1.93299e-05;-9.23114e-05;4.4228e-05;5.43694e-05;8.72367e-05
135:-0.000430347;2.07225e-05;7.44924e-06;-2.9325e-07;-2.40566e-07;5.76486e-05
136:-0.000378159;-5.87688e-06;9.9953e-06;4.31394e-05;1.76372e-05;-4.11473e-05
137:-2.4864e-05;-1.14847e-06;-6.77792e-05;-1.56381e-05;-5.44234e-07;0.00046215
138:-0.000320759;-0.000138959;-0.000128291;-2.13209e-05;-3.63842e-05;0.000265977
139:-0.000321909;-0.000130292;-0.000114695;-2.40161e-05;-3.39862e-05;0.000254692
140:-8.20533e-05;0.000176478;0.000198354;-2.78439e-05;-4.11603e-05;0.000283312
141:-0.000174667;3.31161e-05;2.03792e-05;-1.57927e-05;-3.18558e-05;0.000308575
142:-0.000387055;-0.000204556;-0.000164114;-1.55122e-05;-3.10505e-05;0.000224992
143:0.000250687;0.000405375;0.000458956;-2.18072e-05;-1.84922e-05;0.000489724
144:-0.000696676;-0.000425576;-0.000371022;-2.90067e-06;1.58792e-05;-5.85102e-05
145:-0.000331974;-0.000180572;-0.00016384;2.10656e-06;1.04481e-05;0.000274459
146:-0.000155761;3.1085e-05;1.62704e-05;-1.25183e-05;-2.30139e-05;0.000332066
147:-0.000371382;-0.000240209;-0.000183408;2.91034e-05;2.91806e-05;0.00027203
148:-0.00048362;-0.000131318;-4.10328e-05;-3.06125e-06;8.51536e-06;-0.000127021
149:-0.000329031;-0.000200506;-0.00020514;-2.49332e-05;2.11273e-06;0.000293338
150:-0.000525546;-0.0001953;-0.000180207;3.65672e-05;1.65835e-05;-3.64581e-05
151:0.000221511;0.000378776;0.00056583;-9.75095e-05;-4.02952e-05;0.000479433
152:-0.000248261;-5.30794e-06;5.47576e-05;-0.0001252;-3.08787e-05;7.32837e-05
153:3.27182e-05;0.000298037;5.70846e-05;-0.000129826;-0.00010833;-1.06109e-05
154:0.000653496;0.000912115;0.00108374;0.000138522;0.000135281;0.000593423
155:-0.000197023;1.48254e-05;8.31625e-05;-0.00011984;-9.82954e-06;0.000265885
156:-7.42195e-05;2.99387e-05;3.64385e-05;6.43489e-06;-1.56187e-05;2.21445e-05
157:-0.00045579;-1.23978e-05;-1.46302e-05;7.48175e-07;-5.11279e-06;3.8154e-05
158:-0.00053954;-0.000224359;-0.000100966;-4.89318e-06;-3.71117e-05;-0.000165648
159:0.000104186;0.000263336;0.00029937;-2.60504e-06;7.23197e-06;0.000438498
160:0.000633518;0.000733171;0.00095479;-7.34714e-06;-4.46883e-05;0.000653194
161:-0.000556112;-0.000272025;-0.000197189;1.72187e-05;3.92671e-05;-2.77534e-05
162:-0.000335774;-0.000256165;-0.000109696;-4.51642e-05;-1.95149e-05;0.000313952
163:-0.000427423;-0.000359302;-0.00027325;5.42541e-06;1.00132e-05;0.000288753
164:-0.000487727;-0.000356012;-0.000341893;-1.92686e-05;-5.23442e-05;0.000241327
165:0.000331143;0.000388144;0.00059356;-1.72244e-05;-2.91079e-06;0.000562228
166:-0.000358737;-0.000305698;-0.000257365;-1.39701e-05;-1.08701e-05;0.000325994
167:0.000255028;0.00039571;0.000446325;-1.98327e-05;-2.33404e-05;0.000503314
168:-0.000393007;-0.000357488;-0.000206701;-2.00601e-05;-6.13741e-06;0.000317347
169:-0.000429477;-0.000408039;-0.000261648;9.13396e-06;1.04242e-05;0.000310568
170:-7.46272e-05;2.26528e-05;-1.16207e-05;7.42156e-06;2.23143e-06;6.37994e-05
171:-0.000421688;-0.000407835;-0.000313479;-6.18892e-06;-1.13804e-05;0.000321539
172:-0.00044278;-7.82717e-05;0.000126592;5.34523e-06;2.56341e-05;-1.59225e-05
173:-0.000420385;-0.000395344;-0.000298947;-6.23472e-06;-9.51632e-06;0.000315794
174:-0.000338631;5.88317e-05;0.000168417;7.09408e-06;3.08011e-06;-0.000126307
175:0.000345349;0.000475272;0.000605965;-9.92254e-06;-1.74034e-05;0.000531091
176:-0.000412999;-0.000373324;-0.000278773;-4.3558e-06;-5.24305e-06;0.000310248
177:0.000317369;0.000528638;0.00063727;3.06199e-05;3.9819e-05;0.000465063
178:-0.000400873;-0.000443072;-0.000229929;3.59043e-06;1.2452e-05;0.000348077
179:-0.000457028;-7.71661e-06;1.78022e-06;-7.97255e-07;1.62569e-07;3.42006e-07
180:-0.000160447;5.04632e-05;0.000123011;-7.44947e-05;2.06091e-07;0.00028598
181:-0.000591483;-0.000331074;-0.000180105;-1.76536e-05;4.50941e-05;-6.58355e-05
182:-0.000439842;-0.000432156;-0.000283032;4.47479e-06;2.68778e-06;0.000314583
183:-0.000270882;-9.82786e-05;-6.71545e-05;-2.42639e-05;-9.41355e-06;0.000288377
184:3.13722e-05;0.000132094;8.04225e-05;3.05964e-05;4.30824e-05;8.47511e-05
185:0.000146036;0.000378363;0.000484364;-0.000116852;-2.59469e-05;0.000404986
186:-0.00015963;7.33225e-07;-2.89487e-05;1.32137e-05;-8.92435e-06;-0.000191967
187:-0.000403328;-0.000406404;-0.000194172;6.56678e-06;2.11149e-05;0.000321959
188:-6.27257e-05;0.000140735;0.000191119;-4.50535e-05;-1.17184e-05;0.000343768
189:0.0004142;0.000573832;0.000782555;5.13766e-05;6.38425e-05;0.000529437
190:7.28166e-05;0.000221612;0.000280087;-1.53734e-05;-5.73886e-06;0.000431248
191:2.93294e-05;0.00028731;0.000333958;-2.99052e-05;-8.87344e-05;0.00032627
192:0.000132872;0.000396442;0.000419586;-2.42818e-05;-8.33815e-05;0.000374779
193:-0.000448951;-0.000306566;-0.000278648;-1.81784e-05;-4.70804e-05;0.000244074
194:3.28812e-05;0.000223725;0.000154311;-0.000102249;-4.69253e-06;0.000377808
195:0.000117056;0.000305214;0.000437621;-8.36214e-05;-2.42636e-05;0.000418219
196:-0.000167797;-2.59986e-05;-0.000128276;8.64472e-05;1.80107e-05;4.24304e-05
197:-0.000313274;-0.000138498;-0.000137161;-1.85807e-05;-3.78311e-05;0.000277351
198:-0.000431017;-0.000124799;-2.7016e-05;1.30982e-05;3.7911e-05;-1.40835e-05
199:-0.000151812;-6.77914e-05;-0.000119289;2.56708e-05;4.27705e-05;7.9762e-05
200:-0.000171063;2.90315e-05;2.27446e-06;-9.63208e-06;-2.75663e-05;0.000319133
201:-0.000328935;-0.000182946;-0.000179398;-5.24806e-06;-8.58592e-06;0.000290738
202:-0.000501599;-0.000174197;6.36692e-06;3.62272e-05;1.00309e-05;2.41471e-05
203:1.91811e-05;0.000188893;0.000217623;-1.29126e-05;-5.0748e-06;0.000402209
204:-0.000287623;-0.00011986;-0.000115085;-1.25791e-05;-1.66594e-05;0.000291194
205:-7.79433e-05;0.000117812;0.000123163;-2.03394e-05;-2.10177e-05;0.000352034
206:-0.000277592;-0.000114958;-9.10768e-05;-1.774e-05;-8.83785e-06;0.00029518
207:-2.956e-05;0.000158977;0.000161135;-1.20357e-05;-1.34159e-05;0.000375507
208:-0.000627346;-0.000400126;-0.000182588;-2.24106e-05;4.36288e-05;-0.00010333
209:9.19888e-05;0.000253655;0.000324058;-2.15166e-05;-2.76737e-06;0.000429508
210:-0.000375998;-0.000264816;-0.00022973;-2.97323e-06;2.67641e-06;0.000290451
211:0.000203125;0.000332459;0.000465942;-2.55313e-05;-2.45789e-06;0.000483178
212:-0.000583174;-0.000304176;-0.000179848;-1.38082e-05;3.96903e-05;-6.76526e-05
213:0.000400673;0.000503004;0.000726977;8.65523e-06;6.48246e-06;0.000554811
214:-0.000556274;-0.000252685;-0.000180006;-1.87192e-06;2.63741e-05;-4.33326e-05
215:-0.000399564;-0.000425215;-0.000211502;4.96521e-06;1.60116e-05;0.000338916
216:-3.42643e-05;0.000155374;0.000190537;-2.79977e-05;-1.01552e-05;0.00036856
217:-0.000108909;9.49437e-05;0.000103426;-2.75273e-05;-2.44907e-05;0.000333739
218:-0.000262232;-7.6091e-05;-7.01481e-05;-1.91321e-05;-2.12328e-05;0.000286824
219:-0.00041753;-4.7062e-05;-7.13507e-06;8.91718e-06;2.82013e-05;-5.97635e-05
220:-0.000241277;-2.2617e-05;-1.90195e-07;-3.96906e-05;-2.26512e-05;0.000258521
221:-0.000121769;0.000103526;0.000138178;-5.21953e-05;-2.33661e-05;0.000301849
222:-0.00051077;-9.64625e-05;-5.32911e-05;-6.62499e-06;5.81193e-05;-5.29409e-05
223:0.000423211;0.000515801;0.000741015;2.88604e-06;-7.82137e-06;0.000570966
224:-0.00031822;-0.000178738;-0.000150944;-1.0679e-05;-4.78849e-06;0.000295094
225:-3.48406e-05;0.000144995;0.000170297;-2.10272e-05;-1.10425e-05;0.000376659
226:-0.000361151;-2.64268e-05;9.5042e-05;6.52928e-06;4.50054e-05;-2.64052e-05
227:-0.000411086;4.88092e-05;8.08719e-05;-6.64981e-06;2.75234e-05;-3.47901e-06
228:-0.000403554;-0.000341449;-0.00024172;-9.39779e-06;2.82e-06;0.000302177
229:0.000484248;0.000573306;0.000798363;-1.97676e-06;-2.3604e-05;0.000598752
230:-0.000388005;-0.000312505;-0.000210454;-1.62174e-05;-1.04998e-06;0.000300066
231:0.000183026;0.000324444;0.000460504;-3.56948e-05;-7.77436e-06;0.000469068
232:-0.000466787;-2.19634e-05;-1.28546e-05;-2.71123e-06;7.05094e-06;2.91616e-07
233:-0.000270342;-3.98293e-05;1.27384e-06;-7.35491e-05;-1.11275e-05;0.000213137
234:-0.000428015;-5.20962e-05;2.88007e-06;6.10943e-06;1.98361e-05;-8.66936e-05
235:7.77655e-05;0.00024949;0.000326591;-3.04633e-05;-5.67965e-06;0.000417216
236:-0.000250509;-8.13524e-05;1.40438e-05;-7.42549e-05;-9.42076e-06;0.000285691
237:-0.000462065;-0.000468204;-0.000319052;8.07889e-07;-4.26568e-06;0.000314508
238:-0.000479632;-0.000137796;-1.64424e-05;-5.35766e-06;-3.78305e-05;-0.000179679
239:4.87363e-06;0.000209904;0.000300624;-7.04003e-05;-1.36852e-05;0.000362733
240:0.000276483;0.000362093;0.00056835;-3.33556e-05;-1.10459e-05;0.000528874
241:-0.000296707;-0.000158686;-0.000230522;-0.000120575;-6.61943e-05;7.76604e-06
242:0.000219055;0.000335761;0.0004644;-1.65161e-05;1.61864e-06;0.000495992
243:-0.000398271;-0.000431685;-0.000217961;4.46597e-06;1.4592e-05;0.000344034
244:-3.52314e-05;6.79393e-05;2.92816e-05;2.79872e-05;1.99007e-05;6.52235e-05
245:0.000301945;0.000373264;0.00058058;-2.41039e-05;-5.0907e-06;0.000544742
246:-0.000427552;-0.000420327;-0.000270729;-7.49061e-06;2.45641e-06;0.000319323
247:-0.000327678;-0.000127732;-0.000107492;-2.70328e-05;-3.12265e-05;0.000241479
248:0.000143415;0.000307369;0.000444813;-5.79139e-05;-1.72213e-05;0.000441732
249:2.08842e-05;2.63277e-05;-2.65624e-06;2.04884e-06;1.08946e-05;0.000486064
250:-6.31756e-05;0.00011833;4.23394e-06;-0.000117765;-5.2042e-06;-8.87602e-06
251:-5.65588e-05;0.00015783;0.00024712;-8.54104e-05;-4.08391e-06;0.000327355
252:-0.00033133;-0.000213378;-0.000109073;-4.13466e-05;-1.1955e-05;0.000293557
253:4.12388e-05;0.000230415;0.000316943;-5.00842e-05;-1.13553e-05;0.000390267
254:0.000396168;0.000538338;0.000752889;3.64988e-05;4.85882e-05;0.000529693
255:0.000128815;0.000304473;0.000440547;-7.0345e-05;-2.13639e-05;0.000429655
256:-0.000292661;-0.000135378;-6.59672e-05;-3.97421e-05;-8.72969e-06;0.000283545
257:2.37879e-05;0.000221153;0.00031059;-6.03747e-05;-1.32723e-05;0.00037683
258:-0.000233751;-2.03146e-05;-5.9616e-06;-3.59987e-05;-2.69751e-05;0.00027155
259:-0.000437271;-0.000219267;-6.42545e-05;7.00315e-06;7.86708e-05;0.000110513
260:0.000106514;0.000307958;0.000433993;-9.7537e-05;-2.44442e-05;0.000406783
261:-0.000343438;9.31687e-05;0.000145441;-6.53365e-05;6.4351e-05;-0.000170796
262:-1.96109e-05;0.000191674;0.000282132;-7.92488e-05;-1.13281e-05;0.000346833
263:-0.000121803;9.27782e-05;0.000159433;-7.06832e-05;-6.95124e-06;0.000303004
264:-0.000319601;9.54204e-05;0.000210554;1.85186e-06;-1.84386e-05;-0.000200932
265:-0.000672227;-0.000383575;-0.00032555;-8.92541e-06;4.3518e-05;-9.54071e-05
266:-0.000159742;6.8183e-05;0.000124797;-9.5306e-05;-1.59808e-05;0.000271441
267:-0.000204896;8.57388e-06;6.27857e-05;-5.85985e-05;-6.96575e-06;0.000267614
268:-0.00022063;2.22609e-05;6.19416e-05;-7.37246e-05;-1.52868e-05;0.000221381
269:-0.000245567;-6.2139e-05;1.13397e-05;-5.85253e-05;-7.60115e-06;0.000277254
270:-0.000150481;-5.85502e-07;-9.05792e-05;-9.49391e-05;1.42324e-05;1.16192e-05
271:-0.000259247;-7.67983e-05;-0.000129524;-0.000119404;-2.24771e-05;-0.000172847
272:0.000397329;0.000629263;0.000579378;-0.000201206;-7.8198e-05;-4.58262e-05
273:-0.00044128;1.01333e-05;4.48501e-06;1.31966e-06;-3.72119e-06;3.92741e-05
274:-0.00014049;9.12203e-05;0.00013998;-7.72968e-05;-1.97752e-05;0.000280315
275:-0.000244798;-4.28828e-05;-3.5119e-05;-2.55582e-05;-2.331e-05;0.0002799
276:-0.000302276;-7.65886e-05;-2.69926e-05;-8.67168e-05;-4.56638e-06;0.000190896
277:-0.000488452;-5.02113e-05;-6.71794e-05;-1.12314e-05;3.14034e-05;-0.000106246
278:-0.000128919;0.000101088;0.000142871;-6.34628e-05;-2.21223e-05;0.00029086
279:-0.000242311;-3.15739e-05;-1.62576e-05;-3.21908e-05;-2.33765e-05;0.000269754
280:1.53962e-05;0.00019605;7.18667e-05;-0.00012282;-3.04462e-06;1.59223e-05
281:-0.000195332;5.72504e-05;0.000103661;-9.44802e-05;-9.46717e-06;0.000207151
282:-0.000472828;-0.00016416;3.32229e-05;-1.90922e-05;6.60599e-05;-0.000154498
283:-0.000228242;-2.44207e-05;2.42059e-05;-4.91021e-05;-9.52663e-06;0.00027084
284:-0.000460116;-0.000144274;-0.000195226;1.8701e-05;0.000104001;9.38188e-05
285:-0.000301068;9.53968e-05;0.000230725;1.30094e-05;3.61647e-06;-0.000124207
286:-0.00010933;0.000103181;0.000121;-3.44934e-05;-2.39037e-05;0.000324198
287:-7.24915e-05;0.000177439;0.000193107;-2.46109e-05;-4.46491e-05;0.00030117
288:-9.67159e-05;0.000116477;0.000178269;-6.31186e-05;-1.04262e-05;0.000317594
289:-4.68138e-05;0.000150428;0.000193592;-3.62408e-05;-1.10085e-05;0.000356609
290:-0.000230492;-2.43193e-05;-1.80346e-05;-3.0205e-05;-2.93197e-05;0.000282964
291:-0.000236963;-1.67578e-05;4.97945e-06;-4.29092e-05;-2.40072e-05;0.000259418
292:-0.000116079;0.000103106;0.000129778;-4.27e-05;-2.39063e-05;0.00031292
293:-0.000242603;-1.66933e-05;1.16706e-05;-5.13018e-05;-2.04789e-05;0.000245994
294:-0.000169299;8.74279e-05;0.000109696;-4.51857e-05;-2.39793e-05;0.000241198
295:-0.00072216;-0.00051105;-0.000327871;-9.69437e-07;-2.85828e-05;-0.00012237
296:-0.000325553;6.76289e-05;0.000225335;-4.0307e-06;-3.82855e-05;-0.000193727
297:-9.61121e-05;0.000178474;0.000239472;-1.82884e-05;-2.18797e-05;0.000216125
298:-9.73417e-05;0.000168136;0.000195417;-3.09955e-05;-3.55039e-05;0.000262515
299:-0.000324054;-0.000115164;-8.90339e-05;-3.03885e-05;-2.65142e-05;0.000229153
300:-0.000377783;-0.000183189;-0.00014056;-1.52936e-05;-2.5788e-05;0.00021237
301:-4.58605e-05;0.000218084;0.000275259;-1.79829e-05;-3.71634e-05;0.000271529
302:-0.000401998;-1.47305e-05;5.98325e-05;2.99838e-06;9.63864e-06;-0.00011312
303:-2.16588e-05;0.000166221;0.000333642;-1.40908e-06;-6.70594e-07;0.000323205
304:-0.000323846;-0.000107156;-7.55136e-05;-3.47232e-05;-2.14117e-05;0.000214548
305:-0.000137141;0.00014699;0.000195625;-5.54317e-05;-1.08831e-05;0.000160052
306:-0.000367989;-6.14351e-05;-7.83724e-05;-2.27864e-05;-5.97266e-05;0.000127209
307:-0.000335641;-0.000108286;-6.66258e-05;-4.68977e-05;-1.03694e-05;0.000177182
308:-0.000481195;-0.000127575;-4.50672e-05;-2.27084e-06;1.22404e-05;-0.000112602
309:-0.000252407;-2.25199e-05;1.19378e-05;-6.15036e-05;-1.62801e-05;0.00023088
310:-0.000327495;-0.000104446;-6.77224e-05;-4.02067e-05;-1.59669e-05;0.000197361
311:-0.000112914;0.000165921;0.000229392;-1.97943e-05;-1.50555e-05;0.000186297
312:-0.000563773;-0.000311644;-0.000103069;-3.03083e-05;5.18623e-05;-0.000108364
313:-0.000154993;0.000110027;0.000183246;-3.52335e-05;-2.27675e-05;3.5844e-05
314:-0.000352865;-0.000125644;-7.75021e-05;-5.43696e-05;-4.63603e-06;0.000153053
315:-0.000362627;3.3552e-05;0.000130812;2.95211e-06;1.09764e-06;-0.000129044
316:-0.000431503;2.22188e-05;3.60158e-05;-3.94825e-06;1.08447e-05;1.8865e-05
317:-0.00012456;0.000151731;0.00019066;-4.00222e-05;-2.24379e-05;0.000215648
318:-0.000370356;-0.00016506;-0.000119224;-1.55225e-05;-1.98281e-05;0.000197432
319:-0.000385052;-0.000105481;-7.37191e-05;-1.70636e-05;-5.66738e-05;0.000125958
320:-0.000367424;-0.000153229;-0.000104164;-1.64697e-05;-1.37901e-05;0.000179402
321:-0.000381683;-0.000368846;-0.000283038;-9.58243e-07;-5.18836e-06;0.000337081
322:-0.000373988;-5.2184e-06;2.75131e-06;4.3397e-05;1.60521e-05;-3.28635e-05
323:-0.000171715;-1.2348e-05;-4.16027e-05;1.05516e-05;-8.7943e-06;-0.000190336
324:-0.000371971;-0.000163865;-9.97804e-05;-9.66694e-05;5.66454e-06;0.000158331
325:7.17829e-06;0.000122421;6.41034e-05;4.87093e-05;2.78943e-05;6.93158e-05
326:-0.000133494;0.000147542;0.000198702;-0.000101207;-1.96957e-06;0.000150174
327:-1.81683e-05;0.000155753;2.66444e-05;-9.74538e-05;-3.51199e-05;2.51344e-05
328:-0.000223075;-5.06837e-05;-8.98696e-05;-6.2477e-05;-1.65317e-05;-0.000181789
329:-0.000294574;-7.7937e-05;-7.44637e-06;-0.000164839;-3.2318e-05;0.000131143
330:-0.000337091;-0.000105315;-3.6651e-05;-3.10632e-05;-1.64812e-05;7.91366e-05
331:-0.000371698;-0.000146445;-9.08159e-05;-2.10136e-05;-3.3401e-06;0.000133905
332:-0.000519484;-0.000153931;-0.00011948;-1.45525e-05;6.32876e-05;-0.000121547
333:-0.000132127;0.000149671;0.000218504;-2.62108e-05;-8.72921e-06;0.000119126
334:-0.000383363;-0.000159877;-9.79519e-05;-2.45638e-05;-5.40995e-07;0.000105915
335:-0.00028996;-5.07466e-05;1.70172e-05;-7.81523e-05;-2.09915e-05;0.000102965
336:-0.000532249;-0.000130596;-9.44724e-05;-5.42279e-06;3.21319e-05;-3.53785e-06
337:-0.000163666;-4.59573e-06;-3.37157e-05;1.77444e-05;-9.13437e-06;-0.000191464
338:-7.44818e-05;3.00116e-05;2.34138e-05;6.15616e-06;-1.30983e-05;3.35918e-05
339:-0.000156687;9.56937e-05;0.000157523;-4.28221e-05;-1.91989e-05;-1.45599e-05
340:-0.000310223;-0.000153044;-5.88725e-05;-0.000146533;3.56991e-06;0.000258606
341:-0.000155565;-1.3559e-05;-8.95864e-05;-9.57254e-05;9.71214e-06;1.18834e-05
342:-0.000155315;-6.06588e-08;-0.000100685;-9.79318e-05;1.75769e-05;9.93789e-06
343:8.73693e-06;0.00017422;8.31855e-05;-0.000104344;1.3742e-05;1.30449e-05
344:-0.000238494;-5.90502e-05;-0.000107033;-5.46451e-05;-7.8205e-06;0.000290298
345:1.79783e-05;0.000192116;8.4822e-05;-0.000109821;1.60894e-05;1.29761e-05
346:-0.00042481;-4.64776e-05;4.01574e-05;-2.0356e-06;1.37952e-06;-0.000131236
347:2.5223e-05;0.000198723;8.83837e-05;-0.000113906;6.20554e-06;1.83944e-05
348:-0.000127724;3.13034e-05;-7.5998e-05;-0.000105062;-1.10821e-06;1.44725e-05
349:1.22206e-07;0.000184546;7.26866e-05;-7.75529e-05;-3.55801e-05;-9.45498e-06
350:0.000126584;0.000399353;0.000468622;-0.000149286;-5.44476e-06;0.000369868
351:0.000403691;0.000625332;0.00041287;4.35608e-05;5.15768e-05;8.46551e-05
352:-8.55527e-05;8.10433e-05;-2.97806e-05;-0.000104873;-9.60491e-07;1.2338e-05
353:-0.000194908;6.37923e-05;0.000126766;-8.39061e-05;-2.65609e-05;5.2495e-05
354:-0.00018213;8.46145e-05;0.000150548;-7.47299e-05;-2.47215e-05;8.98097e-05
355:-0.000487491;-4.85177e-05;-3.87913e-05;-5.45392e-06;1.51797e-05;-3.6893e-05
356:-0.000302662;-7.12945e-05;-1.53618e-05;-5.08899e-05;-1.82656e-05;1.27485e-05
357:-0.000384589;-0.000164977;-0.00010665;-6.17128e-05;1.01179e-06;0.000124237
358:-0.000543214;-0.000220849;-0.000118437;-1.93883e-06;-1.16317e-05;-0.000128692
359:-4.87448e-05;0.000129027;-1.90852e-06;-0.000102572;-2.71848e-05;1.68883e-05
360:-7.54522e-05;0.000103445;-2.95424e-05;-0.000102453;-1.75446e-05;1.20323e-05
361:3.23892e-05;0.000191635;8.5809e-05;0.000140374;6.22518e-05;6.13253e-05
362:-0.0001581;8.48215e-05;9.21937e-05;-3.19286e-05;-3.17517e-05;0.000274704
363:5.16509e-05;0.000293791;0.000398852;-7.89103e-05;4.16776e-05;0.000335655
364:0.000181519;0.000450079;0.000451391;1.41337e-05;2.3108e-05;0.000381237
365:-0.000141726;2.52504e-05;-8.95791e-05;-0.000121184;-4.47579e-05;1.3847e-05
366:-0.000418123;-0.000121454;0.000110442;-3.41832e-05;5.63827e-05;-0.000112987
367:-0.000470494;-0.000125349;-4.5876e-06;-4.16299e-09;-2.49635e-05;-0.000181368
368:-0.000142128;1.94191e-05;-9.19988e-05;-9.58621e-05;6.27419e-06;1.08301e-05
369:-0.000106014;0.00012473;0.000198565;-7.64412e-05;8.95089e-06;0.000283563
370:-0.000236938;-4.19466e-05;4.14556e-05;-6.85501e-05;1.53246e-05;0.000261943
371:-0.000191669;3.23077e-05;8.78968e-05;-5.67294e-05;2.92879e-05;0.000256135
372:-0.000103186;6.7077e-05;-5.01176e-05;-0.00010365;5.4693e-06;6.97451e-06
373:7.50654e-05;0.00021749;9.33371e-05;0.000150051;8.5742e-05;0.000100493
374:6.03527e-05;0.000254798;0.000118547;-0.000108528;-3.25397e-06;1.01594e-05
375:-7.95651e-05;9.46281e-05;-2.11403e-05;-0.00010916;-1.55304e-06;2.85029e-06
376:1.06126e-05;0.000190578;6.9736e-05;-0.000114005;4.86179e-06;1.35693e-05
377:3.48903e-05;0.00022485;9.20752e-05;-0.000113559;-9.98267e-06;1.22326e-05
378:-0.000543343;-0.00013473;-0.000119522;-1.30521e-05;4.57034e-05;-5.79173e-05
379:1.88381e-05;0.0001866;9.67852e-05;-0.000121578;-1.27724e-05;1.30072e-05
380:3.43592e-05;0.000217985;9.67106e-05;-0.000110928;1.58121e-05;1.15443e-05
381:-0.000165892;-5.66364e-06;-0.000116313;-9.70834e-05;1.8078e-05;8.21608e-06
382:-2.56544e-05;0.000153414;3.3879e-05;-0.000121027;-2.34564e-05;1.28515e-05
383:-9.58238e-06;0.000181667;3.91142e-05;-0.00011393;-3.27865e-05;1.26844e-05
384:5.65476e-05;0.000248401;0.000115209;-0.000118049;-3.06964e-05;1.48128e-05
385:-0.000238756;-6.10433e-05;-0.00010657;-9.12522e-05;-1.83345e-05;-0.000177956
386:-0.000437203;1.02047e-05;1.63513e-05;-3.07086e-06;5.87983e-06;3.85507e-05
387:-0.000168984;0.000101468;0.000135249;-6.61904e-05;-1.41786e-05;0.000201021
388:-0.000426113;-0.000429149;-0.000220122;1.00578e-05;2.95721e-05;0.000314687
389:-0.000559349;-0.000237938;-5.03501e-05;-8.10114e-06;3.57738e-05;1.47919e-05
390:0.000317353;0.000507966;0.000627684;1.79984e-05;2.83544e-05;0.000476692
391:1.34364e-05;0.000205857;6.06746e-05;-0.000117428;-4.45993e-05;1.84336e-05
392:0.000238919;0.000449528;0.000330875;-0.000144939;-6.1278e-05;7.82268e-06
393:-0.000302937;0.000172952;0.000236493;2.67969e-05;6.76846e-05;4.45533e-05
394:-9.12864e-05;0.000152588;0.000209537;-9.43904e-05;1.96197e-05;0.000287408
395:-0.000302902;-0.00012095;-0.000125099;9.48294e-06;1.24173e-05;0.000266037
396:-0.000100306;-8.49689e-06;-4.69264e-05;9.47444e-06;9.73728e-06;6.94774e-05
397:-3.48436e-05;9.07425e-05;3.76061e-05;6.94718e-05;1.42253e-05;4.78295e-05
398:-0.000297608;-0.000112215;-0.000174219;-0.000151438;-2.81904e-05;-0.000163765
399:0.000113211;0.000324852;0.000179903;-0.000151742;-7.12034e-05;1.38444e-05
400:-0.000667943;-0.000418799;-0.0002715;-1.43709e-06;-3.59381e-05;-0.000139271
401:-0.000286528;6.78936e-05;0.000241628;1.80078e-05;5.13534e-05;-5.69573e-05
402:4.40931e-05;0.000231429;8.91548e-05;-0.000120342;-5.15495e-05;2.98723e-05
403:-1.94096e-05;0.000227431;0.000289644;-9.58666e-05;8.30736e-07;0.000319239
404:-0.000127394;-2.86611e-05;-9.68782e-05;4.35269e-05;4.07298e-05;7.66434e-05
405:-3.98351e-05;0.000135302;4.9843e-06;-0.000111997;-4.54799e-05;2.52523e-05
406:-0.000128881;9.26006e-05;0.000172075;-7.86992e-05;1.33958e-05;0.000282952
407:0.000227194;0.000435946;0.000318559;-0.000150228;-6.00102e-05;1.07872e-05
408:-0.000451202;2.40762e-06;1.50674e-05;-1.60024e-06;3.64182e-06;-1.85843e-05
409:-0.000281552;-9.70998e-05;-2.54955e-05;-8.55989e-05;-1.00123e-05;0.000265292
410:0.000147892;0.000401078;0.000492155;-0.000134783;-2.33831e-05;0.000392254
411:-0.00034655;-0.000186254;-0.000153157;4.09267e-05;3.51662e-05;0.000265428
412:0.000388986;0.000516241;0.000735009;2.49325e-05;3.43366e-05;0.000534446
413:0.000315195;0.000520834;0.000690165;-0.000148476;-5.39473e-05;0.000498613
414:-0.000232789;-4.76848e-05;-0.000201862;0.000123822;1.62839e-05;1.11629e-05
415:-4.13959e-05;6.60387e-05;-5.77126e-05;7.15445e-05;7.74187e-05;0.000106797
416:-1.40911e-05;0.000129802;9.52474e-07;0.000193991;0.000100134;9.90669e-05
417:-0.000404691;-2.49276e-05;8.67158e-05;-4.42863e-06;-2.13861e-05;-0.000169096
418:-0.000137762;1.93539e-05;-5.52399e-05;0.000173276;0.000101606;3.05641e-05
419:-0.000656808;-0.000392086;-0.000282817;-1.17294e-05;3.10351e-05;-7.98986e-05
420:-0.000405556;-0.00040465;-0.000193496;8.70559e-06;2.67818e-05;0.000318226
421:0.000513065;0.000722506;0.000913185;9.80629e-05;0.000103615;0.000552835
422:-0.000424297;-0.000376359;-0.000237743;2.22763e-05;2.77298e-05;0.000297996
423:0.000324845;0.000561903;0.000652773;4.62511e-05;5.19441e-05;0.000454837
424:-0.000283779;-8.50766e-05;-0.000227071;0.000321672;1.36596e-05;-0.000142059
425:-0.000513443;-0.000184236;-0.000178027;3.72173e-05;1.4902e-05;-2.73921e-05
426:-0.0005733;-0.000281132;-0.000190953;-6.19542e-06;3.15358e-05;-5.01167e-05
427:-0.000126414;-8.75652e-05;-5.01096e-05;-2.29657e-06;-1.11433e-06;7.29675e-06
428:0.000217734;0.000344265;0.000541619;-6.65999e-05;-2.86759e-05;0.000489468
429:0.000341241;0.00050186;0.000630115;3.77165e-07;6.76699e-06;0.000506086
430:-0.000424861;-0.000330099;-0.000220955;5.51214e-05;5.62242e-05;0.000276508
431:-0.000404711;-0.000404984;-0.000193336;7.03251e-06;2.24864e-05;0.000319272
432:0.000276243;0.000459309;0.000638297;-0.000120444;-4.65379e-05;0.000490145
433:-0.000308324;-0.000198788;-6.2518e-05;-6.6845e-05;-2.49778e-05;0.000307428
434:0.000449907;0.000630979;0.00083225;7.10663e-05;8.15225e-05;0.000536052
435:0.00011545;0.000285615;0.000166485;0.000204463;9.76101e-05;8.17896e-05
436:-0.000428417;1.34472e-05;1.88805e-05;-3.82077e-06;7.23892e-06;5.83033e-05
437:-0.000383262;-0.000281225;-0.000244546;-7.15032e-06;5.28656e-06;0.000287815
438:-0.000385821;-0.000277438;-0.000206066;1.9329e-05;2.25249e-05;0.00027971
439:0.000162078;0.000348122;0.00034054;-3.91182e-05;-1.37631e-05;0.000440025
440:-0.000270671;-0.000154022;-0.000158121;-3.05303e-05;-8.84729e-06;0.000323685
441:-0.000507772;-0.000108199;-7.1691e-05;-5.46379e-06;2.13148e-05;3.5941e-05
442:-0.000195488;-0.000121665;-0.000154806;-9.83231e-05;-3.31366e-05;0.000366649
443:-0.000198162;-5.85451e-05;-0.000115709;-9.17066e-05;-4.0208e-06;0.000326138
444:0.000219709;0.000442674;0.000483852;-5.6795e-06;1.34339e-05;0.000423331
445:-0.000401695;-0.000420367;-0.000206953;5.4068e-06;1.7347e-05;0.000333704
446:-0.000437161;-0.000404079;-0.000261287;1.54004e-05;1.97758e-05;0.000301528
447:0.000400183;0.000516049;0.000737739;1.60132e-05;2.09289e-05;0.000545427
448:-0.000233298;1.07319e-06;3.52202e-05;-5.94028e-05;-1.8927e-05;0.000234244
449:0.00023511;0.000348517;0.000549592;-5.4716e-05;-2.34075e-05;0.000501347
450:-0.000484667;-0.000123256;-0.000113824;1.80363e-05;1.62898e-05;-3.93533e-05
451:-0.00045321;-9.97769e-06;-1.01089e-05;-2.76085e-06;7.23317e-06;3.79168e-05
452:-0.000402607;-0.000314833;-0.000234056;1.14974e-05;1.6087e-05;0.000285804
453:8.82876e-05;0.000347972;0.00031355;-2.74183e-05;-6.57192e-08;0.000350094
454:-0.000358331;-0.000269738;-0.000230929;-1.32647e-05;-5.16646e-06;0.000305741
455:0.000326975;0.000501299;0.000627105;7.96148e-06;1.72494e-05;0.000490718
456:-0.00040877;-0.000353295;-0.000263034;-8.03749e-07;6.96357e-07;0.000302779
457:0.000334952;0.00047809;0.000608843;-6.00554e-06;-6.53201e-06;0.000516513
458:-0.000373811;-1.88692e-05;-2.18717e-05;5.72812e-05;1.40123e-05;-1.97145e-05
459:0.000181245;0.000391097;0.000380613;-3.83562e-05;-1.50308e-06;0.000427406
460:0.000238509;0.000444461;0.000492709;-1.26847e-05;7.08915e-06;0.000443365
461:-0.0003555;-0.000229899;-0.000200385;-3.53548e-06;7.72617e-06;0.000282552
462:-0.000391597;-1.13707e-05;1.42392e-05;1.93498e-05;2.01461e-05;-5.37208e-05
463:-0.000297628;-4.76833e-05;-0.000143975;0.000119353;-1.4817e-05;-0.000166626
464:9.89736e-05;0.000224137;8.06458e-05;1.2151e-05;8.20048e-05;0.000105412
465:5.48167e-05;0.000230878;0.000191502;-5.85124e-05;-1.47968e-05;0.000407315
466:-8.74965e-05;-1.2114e-06;-4.22845e-05;1.0954e-05;1.88259e-05;7.8784e-05
467:0.000147753;0.000369781;0.00036046;-3.74365e-05;-5.01361e-07;0.00040169
468:-0.000298325;-0.000141179;-0.000155021;-2.46933e-05;1.46137e-07;0.000284788
469:-5.35933e-05;1.0233e-05;-5.5112e-05;-1.93752e-05;-5.71982e-06;0.000437646
470:-0.000155941;-2.4008e-05;-6.3254e-05;-5.78178e-05;-1.43079e-05;0.000356892
471:-0.000451893;-1.24918e-05;-2.16149e-05;-5.93711e-07;-2.17505e-06;5.65379e-05
472:-0.000132629;0.000151955;0.000208359;-6.59491e-05;-7.41583e-06;0.000128222
473:9.58161e-05;0.000200297;0.000113441;5.41166e-05;9.20802e-05;0.000109017
474:-7.63325e-05;3.47575e-05;-5.35502e-05;7.01469e-05;5.37721e-05;8.33155e-05
475:3.3686e-05;0.000158012;4.41224e-05;0.000111007;7.98067e-05;0.000102323
476:5.68091e-05;0.000173892;8.00801e-05;7.9393e-05;6.91192e-05;9.7622e-05
477:-1.80471e-05;0.000189405;0.000121521;-0.000110932;-1.47696e-05;0.000338835
478:-0.000299784;-6.04261e-05;-0.000159467;0.000158539;-2.26802e-05;-0.000165856
479:-0.000118724;-2.24055e-05;-4.52685e-05;7.55089e-06;-2.0283e-06;5.18074e-05
480:1.61243e-05;0.000132203;6.60846e-05;-0.000105511;-2.38469e-05;0.000424435
481:-0.000209296;0.000160367;0.000394888;3.40185e-05;-2.55345e-06;-0.000120185
482:-0.000112926;-3.97141e-05;-7.38207e-05;2.07169e-05;4.605e-05;8.74205e-05
483:-8.31086e-05;5.45069e-06;-3.71354e-05;1.13217e-05;1.77773e-05;7.75701e-05
484:-7.18345e-05;2.92856e-05;2.19046e-06;6.50826e-06;-4.4062e-06;5.46289e-05
485:-0.000332859;-0.000215389;-0.000324675;7.4744e-06;6.2711e-05;5.31069e-05
486:2.75045e-05;0.000105573;6.62664e-05;3.00483e-05;7.0454e-05;0.000102755
487:-0.000399025;7.15625e-05;-7.34717e-07;5.62612e-05;4.78705e-05;6.32218e-05
488:-0.000474246;-0.00045468;-0.00034309;2.0389e-07;7.42865e-06;0.000298061
489:-0.00017108;9.2623e-05;0.000120926;-5.43851e-05;-1.92885e-05;0.000222183
490:-0.000378573;-3.84292e-06;1.31556e-05;4.03323e-05;1.90657e-05;-4.34154e-05
491:4.76636e-05;0.000157798;2.8832e-05;4.03659e-05;7.66947e-05;0.000111101
492:3.58789e-05;0.000167868;6.12887e-05;0.000109449;6.91479e-05;9.03233e-05
493:-0.000530092;-0.000125599;-0.000107764;-2.13552e-05;5.72303e-05;-9.56887e-05
494:0.000151034;0.000257811;0.000200383;3.63513e-05;0.00011418;0.000101418
495:-5.86503e-05;2.64027e-05;-1.78895e-05;1.42286e-05;2.82927e-05;8.53327e-05
496:-0.00041791;8.49682e-06;1.78154e-05;4.35257e-05;2.49238e-05;5.98345e-05
497:-5.71815e-05;8.24095e-05;-1.44312e-05;9.76607e-05;4.18021e-05;6.02991e-05
498:-0.00011955;-8.01472e-06;-5.11736e-05;4.22335e-05;5.3414e-06;4.53551e-05
499:-0.000397191;3.95313e-05;8.00832e-05;-6.06456e-06;1.45769e-05;6.23299e-05
500:-0.000270906;-8.21371e-05;-0.000112589;-2.17664e-05;-1.91185e-06;0.000273064
501:0.000367312;0.000488558;0.000613581;-1.2294e-05;-2.75052e-05;0.000548164
502:-0.000415338;2.83681e-05;6.10629e-05;-4.83307e-06;1.7336e-05;3.97386e-05
503:-0.000309755;-0.000164822;-9.84498e-05;-3.10883e-05;-6.9742e-06;0.00028753
504:-0.000343154;-0.000223015;-0.000102339;-7.85687e-05;-2.90736e-05;0.000290603
505:-0.000451384;-3.69397e-05;-3.44578e-05;4.5593e-05;4.81763e-05;6.21525e-05
506:-0.000392514;3.41144e-05;8.60433e-05;-1.2297e-05;1.89445e-05;-0.000161616
507:-0.000376494;6.61527e-05;9.91426e-05;3.89306e-05;4.83491e-05;5.44948e-05
508:-0.000545812;-0.000144362;-0.000117408;-1.4383e-05;5.48357e-05;-6.2385e-05
509:-0.000548334;-0.000144332;-0.000131385;-1.69511e-05;5.23414e-05;-7.57816e-05
510:-0.000536407;-0.00012073;-0.000137332;-1.72264e-05;4.63245e-05;-0.000102081
511:3.64565e-05;0.000149637;2.5e-05;7.23577e-05;7.5347e-05;0.00011068
512:-0.000111875;-1.74089e-05;-4.92148e-05;8.31918e-06;3.43761e-06;6.09064e-05
513:5.90164e-05;0.000171167;6.76152e-05;8.02384e-05;8.21039e-05;0.000107675
514:-0.000151881;-2.95899e-05;-0.000113159;6.30285e-05;2.09557e-05;5.57241e-05
515:1.03743e-05;0.000158174;4.42409e-05;0.000142541;7.44845e-05;7.92447e-05
516:8.87995e-06;0.000139248;6.7415e-05;7.21212e-05;2.50457e-05;6.10146e-05
517:-0.000301392;-7.763e-05;-0.000186011;0.000215667;-2.17187e-05;-0.000162018
518:-1.50246e-05;0.000101123;-2.51077e-05;0.000106832;8.17271e-05;0.000108988
519:-4.57666e-05;6.12288e-05;-3.68199e-05;7.16593e-05;6.61262e-05;9.61932e-05
520:9.09291e-05;0.000281551;0.000185741;0.000169247;7.59366e-05;2.04882e-05
521:-6.77712e-05;4.34594e-05;1.21571e-05;4.58248e-05;8.40604e-06;4.55036e-05
522:5.48206e-05;0.000188901;9.94605e-05;7.53723e-05;3.92796e-05;7.42294e-05
523:-0.000546848;-0.000138623;-0.000140548;-1.7866e-05;4.90859e-05;-8.86029e-05
524:-0.000118944;-2.15636e-05;-8.7257e-06;7.27844e-06;-1.16237e-05;2.08544e-05
525:-0.000647279;-0.000358628;-0.000274045;-1.45628e-05;6.73787e-05;-0.000116101
526:-6.50323e-05;3.82941e-05;9.10447e-06;2.69562e-05;1.13559e-05;5.46214e-05
527:-0.000293769;0.000186343;0.000174266;6.42609e-05;7.9764e-05;8.10597e-05
528:-7.23129e-05;3.11787e-05;1.34633e-05;6.13318e-06;-9.46542e-06;4.45021e-05
529:-0.000309061;-4.76933e-05;-0.000140047;2.65703e-05;-2.10474e-05;-0.000166482
530:-0.000154679;-6.37369e-05;-0.00011466;2.45591e-05;2.90218e-05;7.11409e-05
531:-0.000139935;-4.35771e-05;-8.84155e-05;2.43467e-05;1.89303e-05;6.31032e-05
532:-4.10805e-05;9.78496e-05;3.65444e-05;9.34809e-05;1.28751e-05;3.55674e-05
533:-0.00011597;-1.47998e-05;-2.10056e-05;2.57436e-05;8.81995e-07;3.23752e-05
534:-0.000331337;5.49866e-05;0.000313153;-2.77259e-05;2.72858e-05;-0.000162388
535:-0.00015553;-7.76599e-05;-0.000131207;2.60016e-05;5.71117e-05;8.6933e-05
536:-9.14359e-05;1.12851e-05;-6.99715e-06;2.62561e-05;5.11067e-06;4.36657e-05
537:-0.00012174;-2.44125e-05;-2.37162e-05;7.23715e-06;-8.91879e-06;3.18397e-05
538:-0.000143184;-4.5363e-05;-3.77447e-05;2.51995e-05;-1.66433e-06;2.08257e-05
539:-8.17908e-05;4.19826e-05;1.23495e-05;6.47948e-05;-8.10155e-06;2.18872e-05
540:-0.000109755;1.55556e-05;-1.75185e-05;8.8578e-05;2.78944e-06;2.14105e-05
541:-0.000142819;-4.05336e-05;-4.0381e-05;4.33448e-05;-1.81322e-06;2.09546e-05
542:-7.41724e-05;3.96804e-05;2.82972e-05;4.3865e-05;-7.97249e-06;2.22525e-05
543:-0.000103314;4.35493e-06;-1.18673e-05;4.46906e-05;2.49605e-06;3.33052e-05
544:-0.000101215;1.18906e-05;-1.65128e-05;4.29661e-05;-1.72765e-06;3.42122e-05
545:-7.98836e-05;3.94643e-05;6.04995e-06;6.70628e-05;6.071e-06;3.45465e-05
546:-0.000362682;-3.72917e-05;-8.36794e-05;-1.02693e-05;-4.4908e-05;0.000121461
547:-8.15955e-06;0.000120479;-7.66372e-06;0.000146235;8.89266e-05;0.000106075
548:-3.82592e-05;9.40178e-05;-5.89673e-06;0.000101741;5.67811e-05;7.53265e-05
549:0.000417316;0.000636218;0.00058979;-0.000181349;-9.70593e-05;-2.81599e-05
550:-6.92584e-06;0.000119447;1.15137e-05;0.000104972;6.84076e-05;9.1053e-05
551:-1.79516e-05;0.000136385;1.67922e-05;0.000187049;9.35651e-05;8.05997e-05
552:-0.000107242;-2.74487e-06;-2.94043e-05;2.43523e-05;2.68736e-06;4.44948e-05
553:-0.000427636;-0.000311071;-0.000224941;7.19928e-05;6.67202e-05;0.000267614
554:-0.000294652;-8.52632e-05;-0.000211134;0.000276955;-3.29006e-06;-0.000152357
555:-0.00056849;-0.000259973;-0.000194736;-2.35449e-06;2.99915e-05;-5.19803e-05
556:6.32957e-05;0.00021992;0.000108735;0.00010327;3.82999e-05;6.42117e-05
557:-0.000425387;2.18311e-05;3.88002e-05;-4.26948e-06;1.19912e-05;3.88878e-05
558:1.15396e-05;0.000150281;3.04908e-05;0.00014668;8.38003e-05;9.4042e-05
559:-0.000369458;-0.000279885;-0.000176461;-2.3843e-05;-5.05067e-06;0.000298248
560:9.02571e-05;0.000276602;0.000138674;0.000133304;4.28633e-05;5.06514e-05
561:1.32232e-05;0.000162057;7.5065e-05;9.81184e-05;2.41872e-05;4.98474e-05
562:0.000412947;0.000655147;0.00080976;-0.00019088;-6.26244e-05;0.000525088
563:2.48809e-05;0.00019589;9.10379e-05;0.000124509;2.66558e-05;3.56641e-05
564:0.00019364;0.000409227;0.000349175;0.000236678;0.00010474;-1.7326e-05
565:-0.000504817;-7.22499e-05;-7.3141e-05;-9.90162e-06;2.63667e-05;-7.18386e-05
566:-0.00154865;-0.00157207;-0.00154247;-1.29649e-07;3.49159e-07;-1.09894e-05
567:-0.00044547;5.12144e-06;1.22995e-05;-2.1099e-06;2.7835e-06;1.92823e-05
568:-0.000257505;-7.38178e-05;-3.65267e-05;-3.18824e-05;-1.03269e-05;0.000282564
569:-0.000487932;-7.07061e-05;-5.07328e-05;-4.57699e-06;1.77746e-05;3.62209e-05
570:0.000123785;0.000309477;0.000204704;0.000196825;8.29386e-05;4.97871e-05
571:-0.000527813;-0.000149505;-9.24634e-05;-8.2044e-06;2.43318e-05;3.70919e-05
572:-5.47419e-05;0.000102031;-4.43792e-06;0.000169526;8.17847e-05;6.0878e-05
573:-0.000346438;-0.000209881;-0.000102992;-9.41247e-05;-3.01301e-05;0.000280141
574:-9.1549e-05;0.000104667;-3.52636e-05;-0.000187449;-7.42923e-05;1.60334e-05
575:-0.00154865;-0.00157207;-0.00154247;-1.29649e-07;3.49159e-07;-1.09894e-05
576:-0.000113351;4.6254e-05;-4.51092e-05;0.000202786;0.000102494;4.81853e-05
577:0.000214271;0.000450854;0.000374361;0.000288615;9.38525e-05;-3.19481e-05
578:-4.40807e-06;0.0001599;5.70144e-05;0.00013241;5.15252e-05;4.39041e-05
579:-4.54557e-07;0.000155035;4.4572e-05;0.000135208;6.10165e-05;6.37362e-05
580:-6.42458e-05;8.56405e-05;1.82642e-05;0.000115873;1.09191e-05;2.13528e-05
581:0.000101881;0.00028901;0.000195265;0.000182237;7.88891e-05;3.14138e-05
582:-0.000205914;-4.35681e-05;-0.000167909;0.000108168;1.73928e-05;2.55179e-05
583:-5.1968e-05;0.000113513;8.73914e-06;0.000157538;7.55382e-05;4.47364e-05
584:-0.000143447;1.62656e-05;-8.36655e-05;0.000108851;4.89847e-07;1.74689e-05
585:-0.000110255;4.16694e-05;-3.58238e-05;-0.000121754;-4.17899e-05;1.18857e-05
586:0.000140147;0.000364697;0.000192214;0.000159915;5.61746e-05;3.27189e-05
587:-0.000162052;-0.000121341;-8.30822e-05;-1.61121e-06;3.82156e-06;-2.87691e-06
588:0.000335322;0.000525668;0.000510263;-0.000166967;-0.000211017;-3.01445e-06
589:-0.000161285;-4.16459e-06;-7.67662e-05;0.000155967;0.000100595;2.02551e-05
590:2.07837e-05;0.00021135;8.94848e-05;0.000144861;3.0285e-05;2.0222e-05
591:0.000511693;0.000734526;0.000682764;-0.00017734;-0.000117213;-1.3669e-05
592:0.000178657;0.000438477;0.000229521;0.00017089;7.69191e-05;1.46729e-05
593:0.000351652;0.000565491;0.000510561;0.000206702;0.000126748;4.85663e-06
594:0.000202295;0.000316092;0.000350747;-2.28505e-06;-1.22904e-05;0.000505795
595:-0.000333844;5.17532e-05;0.000100904;1.80344e-05;3.23028e-05;-4.72388e-05
596:-0.000287045;-0.000137858;-3.77077e-05;-6.21123e-05;-1.38729e-05;0.000287489
597:-0.000442761;7.20049e-06;3.38072e-06;-1.0466e-06;9.48472e-07;3.86017e-05
598:-0.000442273;-1.3349e-06;-5.60887e-06;-2.43591e-06;2.80273e-06;5.72096e-05
599:0.000331192;0.000600756;0.000660605;6.42767e-05;6.26441e-05;0.000443079
600:-0.000412987;2.77464e-05;4.81779e-05;-4.83111e-06;1.11173e-05;5.99001e-05
601:-7.36514e-05;0.000196015;0.000254599;-1.77741e-05;-2.94693e-05;0.000244346
602:-0.000418368;-8.74257e-06;8.21255e-05;1.97745e-05;4.64495e-05;4.45567e-05
603:-0.000433189;1.52255e-05;4.28047e-06;-2.17949e-06;5.24638e-06;5.73466e-05
604:-0.00047181;-3.39113e-05;-2.5986e-05;-3.43191e-06;1.08775e-05;1.85613e-05
605:-0.000124429;0.000157276;0.000223253;-2.24361e-05;-9.93615e-06;0.000154215
606:-0.000373258;-5.73362e-05;3.80927e-05;5.8477e-06;3.45609e-05;4.89775e-07
607:-0.000377277;5.80562e-06;4.99872e-05;1.79673e-05;2.35806e-05;-6.32966e-05
608:-0.000457286;-1.09859e-05;-6.08184e-06;-9.38745e-09;-2.98546e-06;1.9405e-05
609:-0.000344988;8.91554e-05;0.000142247;-6.694e-05;6.16044e-05;-0.000170174
610:-0.000317515;4.69471e-05;5.39607e-05;4.81515e-05;3.04427e-05;-8.84306e-06
611:-0.000322893;5.92207e-05;9.72375e-05;1.83001e-05;3.92261e-05;-3.05676e-05
612:1.59241e-05;0.000138133;7.39306e-05;-4.27155e-05;-1.14078e-05;0.000434586
613:-0.000468819;-4.78185e-05;-1.292e-05;-7.64755e-06;1.10091e-07;-0.000144259
614:-0.000492171;-8.91988e-05;-6.45968e-05;-5.8817e-06;1.51363e-05;5.51615e-05
615:-0.000372488;9.53489e-06;2.75232e-05;2.00547e-05;1.9609e-05;-4.52907e-05
616:-0.000466854;-4.34771e-05;-3.57404e-05;-4.55156e-06;1.29141e-05;5.58333e-05
617:-0.000298588;5.94029e-05;0.000220994;6.85513e-06;5.46418e-05;-4.86553e-05
618:-7.44427e-05;-3.31907e-05;-9.03954e-05;-5.22457e-06;1.06135e-06;0.000438756
619:-0.000730693;-0.000462209;-0.000464685;2.14863e-05;-5.5381e-05;-1.57341e-05
620:-0.00056595;-0.000249011;-5.82275e-05;-4.24391e-06;2.95663e-05;-1.71922e-06
621:-0.000446322;-7.45309e-06;-1.16515e-05;-3.53633e-06;9.66562e-06;5.66672e-05
622:-0.000448905;-3.69407e-06;-3.46751e-06;-1.32172e-06;-5.03839e-07;3.82933e-05
623:-0.000576373;-0.000273841;-0.000156556;-3.13858e-06;-2.34196e-05;-0.00014002
624:-0.000458787;-9.50131e-05;-8.08617e-06;-2.21801e-06;8.0529e-07;-0.000127206
625:-0.000525909;-0.000120758;-8.24153e-05;-1.42499e-05;5.96536e-05;-6.87908e-05
626:0.000265677;0.000459601;0.000507518;-1.75807e-05;6.52657e-07;0.000464812
627:-0.000552526;-0.000155618;-0.000223809;-3.26091e-06;1.98089e-05;-8.50695e-05
628:-0.000195333;5.57647e-05;0.000109077;-9.41206e-05;-2.52698e-05;1.51818e-05
629:-0.000512807;-9.56089e-05;-7.3624e-05;-5.33959e-06;2.47362e-05;-1.97816e-06
630:-0.000447538;6.42589e-06;1.53968e-05;-6.41711e-07;6.50014e-07;6.01207e-07
631:-0.000551172;-0.000206852;-0.000133276;-1.80698e-05;2.08633e-05;5.516e-05
632:-0.000310896;7.62096e-05;0.000236084;-1.6571e-06;-5.22424e-06;-0.00012632
633:-0.000607195;-0.000349327;-0.000179411;-2.00067e-05;4.33777e-05;-0.000102544
634:-0.000368553;-5.32517e-05;0.00017626;-3.44543e-05;5.83914e-05;-0.000109244
635:-2.97396e-05;4.33245e-05;-7.11236e-06;-5.55455e-06;5.14194e-07;0.000443699
636:-0.000414577;3.25739e-05;7.57142e-05;-5.28832e-06;2.52045e-05;1.82672e-05
637:-0.000539478;-0.000216249;-0.000167948;1.88641e-06;2.66568e-05;-4.44108e-05
638:-0.000469089;-3.70726e-05;-2.94202e-05;-3.88228e-06;1.30135e-05;3.70471e-05
639:-0.000336789;8.51954e-06;0.000139502;1.3837e-05;4.58597e-05;-3.986e-05
640:0.00113165;0.00130374;0.00150123;-2.03137e-05;-8.81223e-05;0.000813121
641:-0.000420725;3.20148e-05;5.79257e-05;-5.11219e-06;1.86273e-05;1.82935e-05
642:-0.000176926;-0.000133072;-0.000157872;-1.30848e-05;-9.48094e-07;0.000399229
643:-0.000592762;-0.000345459;-0.000156158;-2.82528e-05;5.02963e-05;-9.41954e-05
644:-0.000416032;-0.000109658;5.54379e-06;4.8902e-06;3.40697e-05;-1.31252e-05
645:-0.000690723;-0.000357087;-0.000408115;-1.61781e-06;3.71649e-05;-7.56396e-05
646:-0.000412769;-0.000392015;-0.000241128;-1.32347e-05;-1.40548e-06;0.000317903
647:-0.000103089;1.38424e-05;-6.95961e-05;6.7919e-05;4.03962e-05;7.00556e-05
648:-0.00044001;1.64654e-05;2.75646e-05;-3.15734e-06;7.60748e-06;-3.48755e-07
649:-0.000372724;-0.000322323;-0.000172317;-2.76351e-05;-1.08371e-05;0.000316701
650:-0.000519011;-0.000133253;-0.000101048;2.74106e-05;5.36554e-05;4.93577e-05
651:-0.000396341;3.3369e-05;7.88266e-05;2.6814e-05;2.4733e-05;5.96764e-05
652:-0.000704645;-0.000478357;-0.000314357;-8.37124e-07;-3.23843e-05;-0.000130324
653:-0.000578935;-0.000267564;-7.67651e-05;-3.14461e-06;2.34742e-05;-1.37744e-05
654:-0.000544308;-0.000218613;-5.62658e-05;7.9303e-06;2.26914e-05;3.23499e-05
655:-0.000408162;-6.88999e-06;9.71261e-05;1.67513e-05;1.59855e-05;5.82049e-05
656:-0.000438722;-7.2399e-05;0.000117056;1.23877e-05;2.93015e-05;1.05749e-05
657:-0.000108236;-7.564e-05;-0.000125279;-1.73474e-05;-8.02626e-08;0.000428179
658:-0.000495662;-0.000225628;3.6429e-06;-3.05535e-05;5.19088e-05;-0.000112295
659:-0.000627125;-0.000295462;-0.000230511;1.80142e-05;6.19967e-05;3.38771e-05
660:-0.000661248;-0.000332971;-0.000323167;3.11507e-05;4.86575e-05;4.81165e-05
661:-0.000584996;-0.000276546;-0.000102484;3.35462e-06;3.40837e-05;1.99461e-05
662:-0.00044118;-7.90059e-05;0.000124151;3.36485e-06;3.45904e-05;1.56294e-05
663:-0.000450036;-2.72414e-05;-2.38006e-05;3.16633e-05;3.34133e-05;6.00301e-05
664:-0.000570429;-0.000254672;-7.76198e-05;2.68734e-06;2.68968e-05;9.56201e-06
665:-0.000443088;-7.87799e-05;0.000125132;2.66461e-06;3.03505e-05;-2.33338e-06
666:-0.000411423;-3.34365e-05;0.000155159;9.45599e-06;3.65605e-05;2.31333e-05
667:5.40621e-06;0.000190338;6.86306e-05;-9.70022e-05;-2.71668e-05;3.33295e-06
668:-0.000503954;-8.81913e-05;-7.93166e-05;-2.22644e-05;5.29911e-05;-0.000110897
669:-0.000440402;-7.54605e-05;3.47708e-05;-5.59405e-06;-2.12433e-05;-0.000166571
670:-0.000414221;-3.37602e-05;6.43166e-05;-3.61538e-06;-8.4745e-06;-0.000149531
671:-0.00059677;-0.00029226;-0.000101968;-4.4205e-06;1.93241e-05;-3.38605e-05
672:-0.000459278;-0.000107803;5.59119e-05;1.41455e-05;1.77082e-06;5.49594e-05
673:-0.000527337;-0.00019692;-2.71367e-05;1.11764e-05;1.84943e-05;2.57885e-05
674:-0.000449166;-8.77912e-05;8.26018e-05;1.62026e-05;2.38116e-05;3.51052e-05
675:7.23484e-05;8.425e-05;4.49104e-06;-1.43735e-05;-2.60926e-05;0.000503608
676:-0.000538823;-0.000204498;-0.000173451;6.54855e-06;2.37304e-05;-4.60444e-05
677:-0.000238915;-1.24852e-05;1.61877e-05;-4.85242e-05;-2.12254e-05;0.000246642
678:-0.000560581;-0.000240593;-6.07461e-05;4.9998e-06;2.33231e-05;-2.95437e-06
679:-0.000169021;5.35267e-05;0.000114872;-6.81895e-05;-1.79644e-06;0.00026949
680:-0.000546094;-0.000206366;-0.000103582;1.78649e-05;1.68738e-05;5.11899e-05
681:-0.000739411;-0.000465207;-0.000461363;1.06551e-05;-2.36953e-05;-3.85599e-05
682:-0.000112784;0.000158164;0.000191615;-3.4861e-05;-2.90039e-05;0.000239912
683:-0.000377205;-0.000253022;-0.000252974;3.8135e-06;4.22568e-06;0.000286984
684:-0.000467251;-0.000103179;-1.88859e-05;-1.81179e-05;6.97807e-05;-0.000139603
685:0.000248101;0.000419563;0.000471898;-2.1386e-05;-1.14077e-05;0.000475274
686:-0.000461107;-0.000119314;5.36978e-05;2.55614e-05;3.06295e-06;5.47315e-05
687:-0.000375452;-4.5155e-06;4.50068e-06;4.05766e-05;1.74231e-05;-3.5055e-05
688:-0.000508456;-0.000178143;-8.17404e-07;2.46394e-05;1.55445e-05;2.47945e-05
689:-0.000481774;-0.000139813;3.66774e-05;2.61606e-05;1.81196e-05;2.64492e-05
690:-0.000232575;-0.000186923;-0.000180503;-7.5628e-06;-1.27564e-06;0.000378133
691:-0.000489464;-0.000146068;-3.66779e-05;-2.54469e-06;-9.56398e-06;-0.000158956
692:-0.000435176;-7.63855e-05;0.000135279;2.51163e-05;1.84677e-05;-4.04631e-05
693:-0.000544799;-0.000226593;-4.27502e-05;2.30834e-05;1.8315e-05;-3.65814e-06
694:-0.00046188;-0.000110264;8.21033e-05;2.5621e-05;2.34626e-05;-3.80039e-06
695:-0.000517799;-9.17124e-05;-0.000100465;-1.30797e-05;3.47381e-05;-8.77575e-05
696:-0.00049704;-0.000167357;1.3983e-05;3.58412e-05;1.04453e-05;2.28975e-05
697:-0.000462687;-0.000129096;5.10436e-05;3.69639e-05;3.25219e-07;5.38826e-05
698:-0.000459302;-7.96398e-06;2.32274e-06;-4.09613e-06;8.68855e-06;-5.6011e-05
699:-0.000419869;2.76557e-05;3.74973e-05;-2.12465e-05;4.55139e-05;-0.000134463
700:4.78977e-05;0.000172529;4.83017e-05;0.000107852;7.81918e-05;0.000107357
701:-0.000367212;2.4004e-06;1.01197e-05;4.94288e-05;1.99528e-05;-3.28616e-05
702:-0.00047013;-0.000144631;3.76874e-05;4.95112e-05;-3.385e-06;5.1111e-05
703:-0.000361879;4.64831e-06;1.01905e-05;5.1886e-05;1.2912e-05;-2.88172e-05
704:6.25394e-05;0.000159598;0.000108586;3.25553e-05;6.02937e-05;9.3161e-05
705:-0.000416877;1.8437e-05;6.14043e-05;-2.04388e-05;3.70432e-05;2.47689e-05
706:-0.000536127;-0.000236705;-5.96387e-05;4.60106e-05;-6.82901e-06;4.91607e-05
707:-0.000341607;4.54059e-05;6.1042e-05;3.99796e-05;1.34382e-05;-4.32659e-05
708:-0.000231043;1.89985e-05;8.33622e-05;-0.00011375;-2.58134e-05;0.000108323
709:-0.000357825;2.76559e-05;4.31177e-05;2.72531e-05;1.7887e-05;-4.40365e-05
710:-0.00037879;3.43886e-06;3.17451e-05;1.49598e-05;2.06752e-05;-5.22455e-05
711:-0.000359069;1.34804e-05;0.000271175;-1.39748e-05;6.60582e-06;-0.000158976
712:-0.000508642;-0.000189325;-6.545e-06;4.80007e-05;2.39811e-06;2.15685e-05
713:-0.00031829;-8.49218e-05;-1.95169e-05;-3.835e-05;-1.85095e-05;4.6737e-05
714:0.000229023;0.000599017;0.000178967;0.000181129;0.000403061;9.7084e-05
715:-0.000311905;8.42465e-05;0.000241224;5.60335e-07;-2.05993e-05;-0.000167849
716:-0.000453899;-5.6015e-07;1.01623e-05;-1.79983e-06;4.1763e-06;-1.89317e-05
717:-0.000429766;-5.30873e-05;-3.72104e-06;3.5763e-05;1.74192e-05;-7.75154e-05
718:-0.000519305;-0.000257827;-2.36738e-05;-3.07252e-05;5.32712e-05;-0.000126801
719:-0.000344224;3.5865e-05;0.000293523;-2.48611e-05;1.92723e-05;-0.000160795
720:-0.000366541;-3.69105e-06;2.23239e-06;5.77078e-05;1.63283e-05;-2.85366e-05
721:-0.000375166;3.27406e-06;2.19924e-05;3.40063e-05;2.11152e-05;-4.53272e-05
722:-0.000379558;4.94332e-05;0.000115585;-9.47051e-06;1.85503e-05;6.62356e-05
723:-0.000520356;-0.000142723;-9.65626e-05;-9.28194e-06;1.71908e-05;5.49271e-05
724:-0.000407329;2.92641e-05;8.18708e-05;-5.02914e-06;2.17381e-05;4.22883e-05
725:-0.000508672;-9.81317e-05;-6.87589e-05;-4.78096e-06;2.41214e-05;1.63785e-05
726:-0.000435274;1.01542e-05;4.96467e-05;-6.92748e-06;3.76503e-05;-5.66084e-06
727:-0.000501092;-0.00010026;-6.5127e-05;-6.8506e-06;3.34621e-05;3.96406e-05
728:-0.000205117;-5.96294e-06;6.93068e-05;-6.84421e-05;-2.05838e-06;0.000276999
729:-0.000446854;-7.5257e-06;-3.97291e-06;1.23704e-06;-1.57496e-05;6.27793e-05
730:-0.000546761;-0.000175257;-0.000150233;-1.93369e-05;3.80192e-05;4.93758e-05
731:-0.000396396;-2.08214e-05;1.18902e-05;1.26811e-05;3.01522e-05;-5.30285e-05
732:-0.000467612;-4.42105e-05;-2.4346e-06;-4.82146e-06;3.39767e-05;1.73629e-05
733:-0.00046563;-0.000192574;7.5964e-05;-2.79943e-05;5.8321e-05;-0.000152325
734:-0.00046776;-4.09183e-05;6.30209e-06;-5.77117e-06;4.12881e-05;-5.33053e-06
735:-0.000471844;-5.28454e-05;-9.3354e-06;-8.54686e-06;3.62741e-05;1.68772e-05
736:-0.000556245;-0.000184223;-0.000158889;-1.60379e-05;3.275e-05;4.45699e-05
737:-0.000422611;2.28778e-06;4.19474e-05;-2.37672e-05;3.69832e-05;4.15647e-05
738:-0.000444705;-2.57837e-06;3.28812e-06;6.03966e-07;-1.92091e-05;5.7453e-05
739:-0.000515088;-0.000114547;-7.51891e-05;-4.29641e-06;3.45288e-05;2.33523e-05
740:-0.000511738;-0.000102768;-6.09821e-05;-5.78335e-06;3.98772e-05;-5.58145e-06
741:-0.000593257;-0.000229174;-0.000206083;-6.0347e-06;3.20376e-05;4.05658e-05
742:-0.000432357;1.65214e-05;2.35582e-05;8.50904e-07;-1.63732e-05;5.43871e-05
743:-0.000135897;-2.7074e-05;-8.29892e-05;4.17481e-05;1.4289e-05;5.55916e-05
744:-0.000480956;-6.0767e-05;-1.29401e-05;-6.1965e-06;4.18481e-05;-5.38227e-06
745:-0.000527022;-0.000127563;-8.11347e-05;-1.72159e-06;3.89077e-05;2.69563e-06
746:-0.000292295;-0.000256366;-0.000213203;-3.13255e-06;-2.1974e-06;0.000359933
747:-0.000269965;8.39005e-05;0.000324797;2.30252e-05;-2.05422e-05;-0.000130729
748:-0.000417062;3.94091e-05;4.61058e-05;1.7314e-06;-8.12787e-06;5.38702e-05
749:-0.000647823;-0.000294922;-0.000279;1.1849e-05;3.45809e-05;3.85879e-05
750:-0.000548848;-0.000421722;-0.000436709;-2.08337e-05;-5.95395e-05;0.000228652
751:-2.39186e-05;0.000160385;2.43654e-05;-0.000113822;-4.05847e-05;1.73982e-05
752:-0.000361488;-0.000347781;-0.000214384;-6.65923e-06;-3.32041e-06;0.000339098
753:-0.00060978;-0.000329394;-0.000196062;-2.97488e-06;-3.77115e-05;-0.000151186
754:2.221e-05;2.21632e-05;-1.54611e-05;2.24837e-05;3.6493e-05;0.00048877
755:-0.000547402;-0.000575267;-0.000439792;-9.06271e-07;-9.54849e-06;0.000296447
756:1.50506e-05;0.000202778;7.3249e-05;-0.000104765;-1.80996e-05;8.01983e-06
757:-0.000574441;-0.000300455;-5.1956e-05;-5.91798e-06;-3.42771e-05;-0.000137818
758:-0.00035195;-0.000286643;-0.000137959;-3.59568e-05;-1.51945e-05;0.000316027
759:-0.000948509;-0.000824743;-0.000647673;-8.40159e-06;2.70139e-05;-7.0075e-05
760:0.000117099;0.000168116;7.11026e-05;1.23763e-05;1.71256e-05;0.000507025
761:8.12011e-05;0.000185434;0.000184986;-2.13193e-06;-4.41471e-06;0.000468496
762:-0.000409161;-2.73526e-05;2.29874e-05;1.06434e-05;2.05564e-05;-8.22524e-05
763:0.000119506;0.000358722;0.000341559;-3.36479e-05;4.47955e-07;0.000376409
764:-0.000255801;0.000127437;0.000255611;2.10964e-05;4.50046e-05;-5.74423e-05
765:-0.00127022;-0.0012522;-0.00115707;1.18905e-06;6.5602e-06;3.8791e-05
766:-0.000356362;3.93554e-05;0.000152992;6.95921e-08;-8.72988e-06;-0.0001479
767:-0.00051734;-0.000239501;-8.0286e-05;-5.53409e-06;-1.50389e-05;-4.19619e-05
768:-0.000630643;-0.000357081;-0.000228258;-1.02516e-06;-2.31295e-05;-0.000128904
769:-0.000295777;0.000104307;0.000366661;-1.61495e-05;3.37215e-05;-0.000166408
770:-0.00011047;7.46534e-05;4.3618e-05;-3.24378e-06;-1.2719e-05;0.000352765
771:-0.000359324;7.96432e-05;0.000128907;-4.35769e-05;4.74236e-05;-0.000166912
772:-0.000516134;-0.000137442;-9.10885e-05;2.06406e-05;2.74154e-05;5.39902e-05
773:-0.000490488;-6.53238e-05;-4.89671e-05;-4.41138e-06;1.80609e-05;1.74522e-05
774:-0.000613315;-0.000359345;-0.000171872;-1.75563e-05;6.20825e-05;-0.000134947
775:-0.000491654;-0.000145785;-4.48535e-05;-3.25083e-06;2.05311e-07;-0.000141608
776:-0.000546838;-0.000144811;-0.000116136;-1.06008e-05;4.94965e-05;-4.3141e-05
777:-0.000373949;3.5867e-06;2.69766e-05;2.83657e-05;3.00398e-05;-4.40894e-05
778:-0.000522569;-0.000224976;-4.46801e-05;6.55449e-05;-1.31179e-05;4.68597e-05
779:-0.000313936;4.83033e-05;0.00019587;-8.79288e-06;5.2589e-05;-4.0474e-05
780:-0.000563638;-0.000309845;-7.85334e-05;-1.96894e-05;5.83983e-05;-0.000143776
781:5.30069e-05;0.000238164;0.000235214;-7.52569e-07;1.75098e-06;0.000409077
782:8.11567e-05;0.000363514;0.000261647;-1.45538e-05;-7.20182e-05;0.00037637
783:-0.000343665;5.11128e-05;0.000185151;-2.37444e-06;-2.14748e-05;-0.000169279
784:-0.000301914;8.87285e-05;0.000272491;-2.08579e-06;-3.62715e-05;-0.000192059
785:0.000157389;0.00026007;0.000368585;-1.43039e-05;-1.00712e-05;0.000482175
786:0.000149776;0.000282249;0.000356845;-7.54879e-06;1.36518e-06;0.000466137
787:-0.000501857;-0.000460792;-0.000378457;4.61499e-06;1.38252e-05;0.000279557
788:-0.000386868;-5.28981e-06;0.000119203;-4.55403e-06;-3.76265e-05;-0.000191496
789:-0.00046488;-0.000173851;-0.000177293;1.65981e-05;0.000107568;9.60505e-05
790:-0.000343804;-0.000233317;-0.000181465;-9.82493e-06;-5.48527e-07;0.000300678
791:-0.000623941;-0.00036353;-0.000227071;-1.63848e-05;3.62433e-05;-7.5194e-05
792:0.00030453;0.00067423;0.000539081;-3.12319e-05;-0.000155519;0.000412863
793:-0.000418545;-4.11606e-05;6.04058e-05;-4.97757e-06;-8.86266e-06;-0.000151722
794:-0.000388204;-0.000122686;-6.17497e-05;-1.32665e-05;-4.9819e-05;0.000125722
795:-0.000462069;-0.000197693;-0.000147016;1.41073e-05;0.000104232;9.99813e-05
796:-0.000508344;-0.000173485;-6.21015e-05;-5.11464e-06;-2.22683e-05;-0.000153415
797:-0.0001794;1.56246e-05;-3.54249e-05;-2.27413e-06;-2.02083e-05;0.000324443
798:-0.000398467;-1.05959e-05;7.65795e-05;4.01554e-08;1.96574e-06;-0.000129906
799:-0.000311099;-0.000146748;-0.000179757;-9.56563e-06;-3.44443e-05;0.000292462
800:-0.000446339;-0.00010891;-0.000197216;2.04668e-05;9.38267e-05;9.32037e-05
801:-0.00028965;0.000108262;0.000374131;-9.90897e-06;2.87329e-05;-0.000167778
802:-0.000388845;3.71695e-06;8.57157e-05;-1.72476e-06;1.03458e-05;-0.000122565
803:-0.000417518;-6.34037e-05;-0.00017226;2.35118e-05;8.02692e-05;9.52049e-05
804:-0.000512682;-0.000231441;-6.72649e-05;-4.44459e-06;-6.87992e-06;-4.73531e-05
805:-0.000588413;-0.000237379;-0.000233882;-9.0086e-06;5.51587e-05;-0.000102743
806:-0.000373851;1.58597e-05;0.00013446;-4.25022e-06;-2.09901e-05;-0.000169562
807:-0.000297584;0.000122746;0.000244306;-3.75397e-06;3.8656e-06;-0.000167943
808:-0.000452143;-0.000108592;3.27143e-05;-1.97223e-05;7.12427e-05;-0.000151259
809:-0.000484096;-0.000133782;-3.54718e-05;-4.11964e-06;-9.4413e-06;-0.000140138
810:-0.00038932;-8.5125e-07;0.000101242;-2.40353e-06;-8.04868e-06;-0.000148533
811:3.60974e-05;0.000186017;7.34619e-05;0.00014527;7.55844e-05;7.9805e-05
812:5.04135e-06;0.000105433;4.52738e-05;-2.41534e-05;-6.82855e-06;0.00044356
813:-0.00059968;-0.000204213;-0.000291946;-7.71548e-06;7.65552e-05;-9.71479e-05
814:-0.000395457;-2.0191e-05;1.29855e-05;2.17998e-05;2.5722e-05;-5.47286e-05
815:-0.000415373;-1.71103e-05;3.56733e-05;-1.13843e-05;4.50848e-05;-0.000123981
816:-0.000454609;-5.13412e-05;-4.60457e-05;-7.48332e-06;3.56314e-05;-0.000108545
817:-0.000457972;-0.000215047;-0.000119995;1.14445e-05;9.63019e-05;0.000103559
818:-0.000375655;0.000103302;2.03467e-05;-6.36814e-06;3.06878e-05;-0.000105856
819:-0.000410677;-3.63422e-05;7.19938e-05;-1.45874e-05;5.04696e-05;-0.000133636
820:-0.000509457;-0.000233541;1.93422e-06;-1.74816e-05;5.80013e-05;-0.000150775
821:-0.000648973;-0.000384976;-0.000250426;-1.63785e-05;6.6033e-05;-0.00012431
822:-0.000650796;-0.000333148;-0.000318272;-4.80268e-06;3.8433e-05;-8.84016e-05
823:-0.000400546;-8.29065e-05;2.88304e-05;-2.77564e-06;3.77445e-05;-1.26249e-05
824:-0.000450123;-0.000224009;-9.20728e-05;8.91905e-06;8.61914e-05;0.000107447
825:-0.0006074;-0.000376754;-0.000130951;-1.44217e-05;4.58415e-05;-0.000131315
826:-0.000427047;-8.4753e-05;7.70762e-05;-1.64988e-05;5.1491e-05;-0.000137607
827:-0.000335079;0.000138526;9.18376e-05;-1.40983e-06;1.43768e-05;-9.97095e-05
828:-0.000375047;4.66817e-05;7.65824e-05;-5.05494e-06;2.42859e-05;-0.00010742
829:-0.000381446;8.09371e-05;8.19766e-06;-3.91305e-06;-9.11068e-06;-8.14637e-05
830:-0.00037211;2.69396e-05;0.000109248;-9.99711e-06;3.43271e-05;-0.000116862
831:-0.000469082;-0.000165;4.01485e-05;-1.71065e-05;4.73407e-05;-0.000134063
832:-0.000664146;-0.00039434;-0.000289437;-1.24094e-05;4.69482e-05;-0.000103995
833:-0.000547212;-0.00016427;-0.000214246;-2.07653e-06;-1.78516e-05;-6.63577e-05
834:-0.000735004;-0.000439691;-0.000455494;6.8762e-07;1.90355e-05;-6.5427e-05
835:-0.000358787;9.26894e-05;3.40419e-05;-4.10485e-06;-4.03435e-05;-5.52014e-05
836:-0.000526474;-0.000257631;-3.09327e-05;-1.80898e-05;4.29286e-05;-0.000123273
837:-0.000386069;-1.75358e-05;0.000117139;-1.40945e-05;4.0599e-05;-0.000121676
838:-0.000323431;0.000144366;0.000102001;6.24254e-06;-1.57337e-05;-7.9144e-05
839:-0.000301937;0.000159127;0.000158528;1.26727e-06;7.58575e-06;-9.45492e-05
840:-0.000575099;-0.000227305;-0.000246692;-3.84139e-06;-5.07059e-05;-4.24517e-05
841:-0.000163616;6.73621e-05;6.98292e-05;-2.61475e-05;-3.27376e-05;0.000287359
842:-0.000618113;-0.000296847;-0.000316259;-9.48485e-06;-6.95815e-05;-1.96179e-05
843:-0.000342635;7.18185e-05;0.000136331;-5.2236e-06;2.06842e-05;-0.000100138
844:-0.000578864;-0.000319454;-0.000120968;-2.03661e-05;4.82688e-05;-0.000121754
845:-0.000428333;-5.03755e-05;2.49487e-05;8.47354e-08;9.03115e-06;-0.000115099
846:-0.000137124;-1.34395e-05;-8.14983e-05;6.30625e-05;1.00043e-05;4.51184e-05
847:-0.0004144;-7.95272e-05;9.99724e-05;-1.74731e-05;4.31458e-05;-0.000121644
848:-0.000677666;-0.000405488;-0.000322628;-9.13211e-06;3.30549e-05;-8.65786e-05
849:-0.000669884;-0.000350933;-0.000384458;1.28241e-05;-2.66555e-05;-4.11521e-05
850:-0.00072751;-0.000435087;-0.00044833;6.06515e-06;-4.32179e-06;-5.21639e-05
851:-0.000552777;-0.000170235;-0.000151705;-1.21412e-05;3.23462e-05;-0.000117589
852:-0.000541577;-0.000132108;-0.000151536;-3.3485e-05;0.000140032;-0.000133059
853:4.2992e-05;0.000158242;8.887e-05;5.02567e-05;4.07949e-05;8.07348e-05
854:-0.000379929;-7.65814e-06;1.7172e-05;2.99244e-05;2.76463e-05;-4.17093e-05
855:-0.000454605;-0.000153845;5.80137e-05;-2.15898e-05;4.44939e-05;-0.000116901
856:-0.000246395;0.000142308;0.000278834;2.41032e-05;3.63424e-05;-7.13216e-05
857:-0.00024936;0.000141493;0.000306392;2.4251e-05;1.06176e-05;-0.000109236
858:-0.000648257;-0.000385304;-0.000258149;-1.38467e-05;3.84849e-05;-9.49951e-05
859:-0.000353478;3.32594e-05;0.000147602;-1.12966e-05;3.16398e-05;-0.000106074
860:-0.000299456;0.000157624;0.00013676;1.68235e-05;-4.28251e-05;-6.01776e-05
861:-0.000292928;0.000161744;0.000165343;8.81251e-06;-1.16806e-05;-7.58891e-05
862:-0.000304832;0.00012748;0.000173618;-1.94281e-07;1.16967e-05;-8.52849e-05
863:-0.000398799;-7.35823e-05;0.000125115;-2.34294e-05;4.54882e-05;-0.000109544
864:-0.000328288;-0.00016609;-8.12247e-05;-0.000114243;-2.11646e-05;0.00027073
865:-0.000373893;-1.80273e-05;0.000142304;-1.68238e-05;3.90119e-05;-0.000108805
866:-0.000683842;-0.000410565;-0.000342095;-6.05347e-06;2.21843e-05;-7.18858e-05
867:4.904e-05;0.000172929;8.40725e-05;7.75242e-05;5.49627e-05;8.60612e-05
868:-0.000513014;-8.59893e-05;-0.000117671;-1.60255e-05;4.98531e-05;-0.000119952
869:-0.000419095;5.50607e-05;3.05242e-05;-1.30147e-05;3.71575e-05;-0.000114576
870:-0.000435083;3.21019e-05;1.88545e-05;-9.44123e-06;2.49516e-05;-9.51307e-05
871:-0.00072353;-0.000449175;-0.000426371;3.39997e-06;-7.3562e-07;-4.9477e-05
872:-0.000585732;-0.000327858;-0.000162853;-2.19926e-05;4.91934e-05;-7.49991e-05
873:-0.0006229;-0.000365415;-0.000215047;-1.85948e-05;3.9149e-05;-8.73444e-05
874:-0.000385292;-1.78226e-05;2.31229e-07;5.05749e-05;1.46298e-05;-4.18309e-05
875:-0.000336951;5.75991e-05;0.000157488;-7.67753e-06;2.52374e-05;-9.0274e-05
876:-0.000552782;-0.000219428;-0.000207017;3.38596e-05;-6.11168e-06;-3.49313e-05
877:-0.000452858;-7.45266e-05;-6.04375e-05;1.82914e-05;8.72403e-06;-5.14512e-05
878:-0.000664151;-0.000328156;-0.000374743;5.27049e-06;2.1288e-06;-6.09613e-05
879:-0.000465174;-1.64502e-05;-1.18294e-05;-5.79779e-06;1.34079e-05;-7.38573e-05
880:-0.000398712;-7.33982e-06;3.21757e-05;7.10744e-06;2.13944e-05;-6.41443e-05
881:-0.000298905;4.63348e-05;0.000264028;-2.85367e-05;5.69283e-05;-9.62321e-05
882:-0.000344454;-1.82874e-05;0.000205137;-3.18823e-05;5.86666e-05;-0.000102365
883:-0.000362721;-2.19749e-05;0.000165798;-2.30649e-05;4.51498e-05;-0.000100473
884:-0.000284777;0.000100732;0.000172416;1.63741e-05;4.85314e-05;-3.49831e-05
885:-0.000349014;1.89692e-05;0.00016425;-1.48858e-05;3.57467e-05;-9.55831e-05
886:-0.000371993;6.31504e-05;0.000113079;-3.13522e-05;3.4014e-05;-0.000164492
887:-0.000475168;-0.000110975;-0.000101815;2.54118e-05;4.39359e-06;-3.72876e-05
888:-0.000473499;-4.29722e-05;-3.5373e-05;-1.89262e-05;4.24533e-05;-0.000113783
889:-0.000496284;-6.05057e-05;-5.4417e-05;-7.38669e-06;1.98903e-05;-5.4705e-05
890:-0.000445228;1.67757e-05;1.34207e-05;-6.73104e-06;1.67913e-05;-7.60846e-05
891:-0.000583383;-0.000299269;-0.000193009;-1.01875e-05;3.62819e-05;-5.81757e-05
892:-0.000259674;0.000102615;0.000313265;-2.39617e-05;5.28058e-05;-8.91178e-05
893:-0.000650444;-0.000381144;-0.00028391;-9.20483e-06;2.62513e-05;-6.76474e-05
894:-0.000354976;-8.70328e-06;0.000166233;-2.03993e-05;4.61506e-05;-8.98679e-05
895:-0.000370707;1.4269e-05;9.45286e-05;-2.37812e-06;3.14991e-05;-7.39407e-05
896:-0.000494287;-0.000135665;-0.000126617;2.53746e-05;8.46258e-06;-3.89047e-05
897:-0.000450041;8.4291e-06;1.31036e-05;-4.65465e-06;1.08751e-05;-5.7159e-05
898:-0.000453124;2.57128e-06;1.15754e-05;-3.07283e-06;6.90045e-06;-3.80803e-05
899:-0.000187345;-2.47783e-05;-5.60797e-05;-8.92951e-06;-6.31236e-06;-0.000187902
900:-0.00042006;5.13744e-05;4.15985e-05;-1.63255e-05;4.04417e-05;-0.000100006
901:-0.000416722;-3.18334e-05;-6.09886e-06;1.31475e-05;1.8185e-05;-5.12843e-05
902:-0.000323174;3.84447e-05;0.000199849;-1.73772e-05;4.34928e-05;-8.15752e-05
903:-0.000288727;8.97186e-05;0.000236504;-1.34787e-05;3.92495e-05;-7.36716e-05
904:-0.000601635;-0.000335772;-0.000213123;-8.16692e-06;3.2593e-05;-4.96137e-05
905:-0.000216249;0.000164589;0.000368255;-1.87364e-05;4.58238e-05;-8.2119e-05
906:-0.000357852;3.08755e-05;0.000168061;-5.20968e-06;-3.78104e-05;-0.000192454
907:-0.000365479;-9.44009e-07;0.000127768;-1.09752e-05;3.81882e-05;-8.12853e-05
908:-0.000591174;-0.000294845;-0.000213219;-6.03277e-06;3.36823e-05;-6.08008e-05
909:-0.000580425;-0.000263655;-0.000218648;1.86312e-06;2.64906e-05;-5.43271e-05
910:-0.000408863;-9.11523e-05;4.36947e-06;7.9252e-06;4.19862e-05;-1.38186e-05
911:-1.21469e-05;0.000247087;0.000301202;-1.89248e-05;-4.56683e-05;0.000297981
912:-0.000426308;4.4274e-05;4.04662e-05;-1.23098e-05;3.13966e-05;-8.01453e-05
913:-0.000524876;-0.000130155;-8.37005e-05;-4.88807e-06;2.85879e-05;1.59928e-05
914:-0.000384757;-0.00032703;-0.000236563;-4.99234e-06;2.91546e-06;0.000311639
915:-0.00073298;-0.000456865;-0.000436477;-4.19649e-07;1.28431e-05;-6.1147e-05
916:-0.000169521;0.000231554;0.000427529;-1.29222e-05;3.57999e-05;-7.53515e-05
917:-0.000602758;-0.000331866;-0.000224987;-3.28334e-06;2.40659e-05;-4.28938e-05
918:-0.00052741;-0.000165715;-7.61364e-05;1.79728e-05;4.70054e-05;4.06586e-05
919:-0.000260517;0.000132634;0.000263976;-8.77143e-06;3.26823e-05;-6.56805e-05
920:-0.00033892;4.08601e-05;0.000149432;-7.44708e-06;3.52604e-05;-7.15171e-05
921:-0.000367966;2.14392e-05;8.28912e-05;2.42741e-06;2.72405e-05;-6.1919e-05
922:-0.000441441;6.42431e-06;1.9623e-05;-2.15721e-05;5.12223e-05;-0.000103848
923:-0.000430197;3.83806e-05;4.10682e-05;-9.14348e-06;2.43151e-05;-6.03388e-05
924:5.71546e-05;0.00016607;9.49094e-05;5.19469e-05;5.66724e-05;9.123e-05
925:-0.000443835;-6.81937e-05;-5.69206e-05;1.89358e-05;1.77954e-05;-4.02612e-05
926:-0.000323484;6.63661e-05;0.00015629;-3.09496e-06;3.06867e-05;-6.18768e-05
927:-0.000314959;8.33434e-05;0.000152871;1.79517e-06;2.58723e-05;-5.31428e-05
928:-0.000520795;-0.000195013;-0.000146735;2.71955e-06;2.26473e-05;-3.88999e-05
929:-0.000596647;-0.000313833;-0.000230278;1.28398e-06;1.51376e-05;-3.83024e-05
930:-9.9868e-05;0.000330412;0.000519038;-6.93153e-06;2.16906e-05;-6.96501e-05
931:-0.000232653;0.000176696;0.000289504;-3.63431e-06;2.45124e-05;-5.8427e-05
932:-0.00049585;-0.000149997;-0.00012327;6.84077e-06;2.5121e-05;-3.86241e-05
933:-0.000479366;-3.82841e-05;-2.72464e-05;-3.8794e-06;1.16909e-05;-1.85281e-05
934:-0.000429369;3.75802e-05;4.63791e-05;-6.63243e-06;1.83302e-05;-4.05244e-05
935:-0.000416434;5.28472e-05;5.86659e-05;-1.78462e-05;4.70038e-05;-8.57153e-05
936:-0.000350972;8.88076e-05;0.000138606;-5.31683e-05;5.67627e-05;-0.000168838
937:-0.000488986;-0.000133151;-0.00011856;1.20683e-05;2.29671e-05;-3.88722e-05
938:-0.000372121;-2.08799e-05;-2.2545e-05;6.59413e-05;1.46599e-05;-1.99662e-05
939:-0.000209044;0.00022118;0.000304614;1.56143e-06;1.65348e-05;-5.33221e-05
940:6.36735e-05;0.000559522;0.0007416;-2.73259e-06;-3.70665e-06;-6.68472e-05
941:-0.000354687;7.66566e-05;0.000129222;-6.35942e-05;5.27141e-05;-0.000167334
942:7.8556e-05;0.000183444;0.000107486;5.34035e-05;7.36564e-05;0.000101074
943:-0.00068812;-0.000400291;-0.000360114;-4.3213e-06;2.54646e-05;-7.82261e-05
944:-0.00016469;8.51156e-05;0.000100409;-3.78835e-05;-2.81357e-05;0.000258595
945:-0.000323309;8.14414e-05;0.000123507;7.13817e-06;2.30631e-05;-4.60273e-05
946:-0.00037217;1.89994e-05;6.18854e-05;7.56104e-06;2.38759e-05;-5.12615e-05
947:-0.000416264;5.52754e-05;6.41306e-05;-1.37507e-05;3.98231e-05;-6.50617e-05
948:-0.000430518;3.36294e-05;4.48064e-05;-4.67193e-06;1.39686e-05;-2.05321e-05
949:-0.000526274;-0.000105495;-9.81365e-05;-1.06083e-05;3.3602e-05;-5.5254e-05
950:-0.000603411;-0.000355883;-0.000179958;-2.52715e-05;4.844e-05;-8.29769e-05
951:-0.000432267;1.86769e-05;4.3218e-05;-2.13011e-05;5.70754e-05;-9.05684e-05
952:-0.000390835;-1.21573e-06;1.99708e-05;1.30028e-05;2.28554e-05;-4.21461e-05
953:-0.000433406;1.51483e-05;5.10122e-05;-1.86731e-05;6.08194e-05;-7.51965e-05
954:-0.000486735;-5.26764e-05;-1.46728e-05;8.26905e-06;5.52761e-05;-2.94987e-05
955:-0.000456685;-1.67286e-05;2.68475e-05;-4.67327e-06;6.43078e-05;-3.2091e-05
956:-0.00044155;2.64704e-06;4.62204e-05;-1.35753e-05;6.27917e-05;-5.72062e-05
957:-0.000536409;-0.000136775;-8.84088e-05;-3.97612e-06;5.57737e-05;-2.9329e-05
958:-0.000414256;3.329e-05;7.99574e-05;-1.0521e-05;3.91784e-05;2.86038e-06
959:-0.000510737;-8.60312e-05;-7.16246e-05;-5.79011e-06;2.25713e-05;-1.92836e-05
960:-0.000520744;-9.90017e-05;-8.62645e-05;-7.86375e-06;2.73889e-05;-3.7384e-05
961:-0.000414777;5.67683e-05;6.9915e-05;-1.03023e-05;3.34907e-05;-4.42579e-05
962:-0.000232213;0.000131403;0.000370656;2.97801e-05;-1.24609e-05;-0.000127137
963:-0.000533586;-0.000131582;-0.00010271;-1.87765e-05;5.94047e-05;-8.24239e-05
964:-0.000417279;3.74032e-05;8.43991e-05;-9.24024e-06;6.11278e-05;-3.32527e-05
965:-0.000541337;-0.000141177;-0.000102063;-1.00151e-05;5.59162e-05;-4.75192e-05
966:-0.000421491;-4.61745e-05;-4.72004e-08;1.00962e-05;2.30662e-05;-7.43191e-05
967:-0.000416254;4.33853e-05;7.90138e-05;-1.4347e-05;5.74379e-05;-5.35108e-05
968:-0.000415729;4.9083e-05;7.05082e-05;-1.71527e-05;5.2779e-05;-7.03708e-05
969:-0.000406656;6.51974e-05;8.36857e-05;-7.46949e-06;2.71326e-05;-2.32909e-05
970:-0.000339536;5.49537e-05;0.000124068;1.51489e-05;2.20637e-05;-7.85425e-05
971:-0.000409954;5.87499e-05;8.19768e-05;-1.30731e-05;4.71183e-05;-4.88208e-05
972:-0.00054958;-0.00015464;-0.000112899;-6.87185e-06;5.17465e-05;-2.68856e-05
973:-0.000404349;5.99377e-05;9.76982e-05;-1.03654e-05;5.3296e-05;-3.07187e-05
974:3.65016e-05;0.000177648;7.40113e-05;0.000106638;5.66643e-05;7.71704e-05
975:-0.000540005;-0.000133446;-0.000109488;-6.87143e-06;3.329e-05;-2.08887e-05
976:-0.000538805;-0.00012845;-0.000109649;-9.72265e-06;3.96399e-05;-3.96638e-05
977:-0.000548238;-0.000148836;-0.000116867;-7.44351e-06;4.4168e-05;-2.37933e-05
978:-0.000402552;6.7514e-05;9.41336e-05;-9.53669e-06;4.1614e-05;-2.69301e-05
979:-0.000439785;-6.67293e-05;8.73379e-06;3.70271e-07;9.32125e-06;-0.000113897
980:-0.000476557;-0.00012119;-4.75488e-05;-8.3328e-07;1.74187e-05;-9.95283e-05
981:-0.000296604;0.000124674;0.000217651;-1.65641e-06;2.30656e-05;-0.000117835
982:-0.000387878;-0.000136564;-4.45279e-05;-9.20664e-06;-3.90647e-05;0.00012636
983:-0.000282922;0.000100475;0.000314608;2.18016e-07;-3.28681e-05;-0.000185958
984:-0.000343303;-2.31538e-05;5.51039e-05;8.92099e-06;3.90859e-05;1.25824e-05
985:-0.000538481;-0.000240383;-0.000210593;1.55626e-05;4.72344e-05;-9.98157e-06
986:-0.000564417;-0.000279982;-0.000196952;1.86004e-05;3.05436e-05;-4.03192e-05
987:-0.00050691;-0.000229515;-9.86771e-05;2.09838e-05;3.43849e-05;-3.56645e-05
988:-0.000512854;-0.000229955;-6.13078e-05;-4.16076e-06;-3.8013e-06;-5.26345e-05
989:-0.000520726;-0.000211351;-0.000168479;1.60729e-05;3.68282e-05;-2.5376e-05
990:-0.000516082;-0.000178475;-9.01293e-05;1.87353e-07;-1.6262e-06;-0.000116597
991:-0.0003159;8.40146e-05;0.000220339;3.68505e-06;-8.7941e-06;-0.000147158
992:-0.000274125;0.000119346;0.000310636;4.50919e-06;-1.93516e-05;-0.000164167
993:-0.000598562;-0.000305164;-0.00019328;6.80741e-07;-1.23414e-05;-0.00011791
994:-0.000494922;-0.000146962;-7.09295e-05;2.89731e-06;6.72059e-06;-0.000103959
995:-0.000377165;1.60272e-05;9.4385e-05;6.23968e-06;1.00488e-05;-0.000110651
996:-0.000375902;2.13767e-05;9.38959e-05;8.00724e-07;1.76295e-05;-0.000109046
997:-0.000408063;-2.98894e-05;9.60998e-07;2.53114e-05;1.87457e-05;-6.05296e-05
998:-0.000302302;0.000115136;0.000197903;1.81652e-07;2.6262e-05;-0.000102974
999:-0.000429128;-5.2195e-05;1.321e-05;2.79486e-06;1.52056e-05;-0.000100315
1000:-0.000423571;-4.43762e-05;2.08492e-05;3.53365e-06;1.65579e-05;-0.000100783
1001:-0.00026146;0.000110355;0.000363499;3.29405e-06;-3.21473e-05;-0.000172794
1002:-0.000386806;-0.000153687;-2.09179e-05;-3.41912e-06;-2.00735e-05;0.000127647
1003:0.00041064;0.000833009;0.00103837;-1.78125e-05;-6.88361e-05;0.000230982
1004:-0.000674442;-0.000427148;-0.000282724;8.53844e-07;-2.1169e-05;-0.00011905
1005:-0.000287126;0.000110421;0.000377414;-7.76788e-06;2.67983e-05;-0.000168306
1006:-0.000452152;-0.00015819;-6.61772e-05;-8.22333e-08;3.53828e-05;8.68409e-07
1007:-0.000632464;-0.000372201;-0.000219776;-1.56845e-05;4.8257e-05;-0.000113148
1008:-0.000595669;-0.000341691;-0.000218602;2.29735e-05;3.05395e-05;-4.37119e-05
1009:-0.000513877;-0.000229754;-5.6399e-05;-4.14831e-06;-2.47942e-06;-5.83703e-05
1010:-0.000524605;-0.00021152;-0.00015844;1.62907e-05;2.95137e-05;-3.97333e-05
1011:-0.000289312;0.000100441;0.000181324;1.80701e-05;3.93049e-05;-5.09514e-05
1012:-0.000573682;-0.000266192;-0.000168686;3.06482e-06;-3.08256e-06;-0.000106189
1013:-0.000651066;-0.000388798;-0.000260353;3.4577e-06;-1.17244e-05;-0.000107618
1014:-0.000305492;8.65069e-05;0.000240031;9.17842e-06;-4.12644e-06;-0.000140433
1015:-0.000340751;5.73428e-05;0.000150491;1.0177e-05;1.03938e-05;-0.000109574
1016:-0.000468482;-0.000108838;-4.65285e-05;6.20909e-06;1.43338e-05;-9.19496e-05
1017:-0.000409702;-2.54937e-05;3.54663e-05;6.53622e-06;1.63639e-05;-9.69367e-05
1018:-0.000452307;-9.00226e-05;-3.40041e-05;3.16113e-06;2.36749e-05;-7.73734e-05
1019:-0.00031022;0.000102215;0.00017451;2.28704e-06;2.8553e-05;-8.95199e-05
1020:-0.000370383;2.72192e-05;9.08789e-05;3.82539e-06;2.25509e-05;-9.5749e-05
1021:-0.000380438;1.06808e-05;7.55864e-05;9.71892e-06;1.60635e-05;-9.44071e-05
1022:-0.000711166;-0.000489847;-0.000323617;2.79522e-06;-1.91112e-05;-0.000109064
1023:-0.000335303;8.75515e-07;0.000238925;1.26923e-05;-2.64474e-05;-0.000128154
1024:-0.000753524;-0.00056361;-0.000358597;-1.04779e-06;-2.76107e-05;-0.000108574
1025:-0.000467684;-0.000165522;5.30603e-05;-5.83398e-06;-2.4541e-05;-0.000112551
1026:-0.000299922;7.15192e-05;0.000273244;1.10472e-05;-1.20136e-05;-0.000146282
1027:-0.000559074;-0.000270698;-0.00029496;1.89775e-05;5.34801e-05;1.66722e-05
1028:-0.000478768;-0.000156556;-0.000150154;1.83074e-05;3.96141e-05;-5.86293e-06
1029:-0.000469377;-0.000134518;-0.000111114;1.74974e-05;3.30068e-05;-2.56773e-05
1030:-0.000535143;-0.000222045;-0.000159449;1.5794e-05;2.31748e-05;-5.295e-05
1031:-0.000577437;-0.000295285;-0.000204467;1.9108e-05;2.31587e-05;-5.16762e-05
1032:-0.000205023;0.00016899;0.000367663;3.27754e-05;4.03514e-05;-7.93132e-05
1033:-0.000289794;0.000104446;0.000194176;1.90822e-05;3.19637e-05;-6.60579e-05
1034:-0.000473774;-0.000133098;-9.74008e-05;1.59974e-05;2.78193e-05;-4.24942e-05
1035:-0.000538623;-0.000213061;-0.000132657;6.09041e-06;5.59386e-06;-9.55385e-05
1036:-0.00027783;0.000103433;0.000289898;1.70107e-05;-5.51137e-06;-0.000133371
1037:-0.000490373;-5.84415e-05;-4.55275e-05;-4.38422e-06;1.60245e-05;-5.95569e-07
1038:-0.000605179;-0.000318062;-0.00021013;6.98734e-06;-2.38266e-06;-9.89762e-05
1039:-0.000516596;-0.000181672;-0.000114206;8.99274e-06;1.23701e-05;-8.34987e-05
1040:-0.000340026;5.72871e-05;0.000137451;1.29034e-05;1.67605e-05;-9.38887e-05
1041:-0.000408526;-2.46383e-05;2.97373e-05;7.29799e-06;2.21501e-05;-8.81495e-05
1042:-0.000369419;7.92787e-06;4.24117e-05;2.3858e-05;2.62085e-05;-4.71468e-05
1043:-0.000320177;8.67826e-05;0.000147974;4.67801e-06;3.04884e-05;-7.77249e-05
1044:-0.000366264;3.07157e-05;8.48752e-05;7.41462e-06;2.65009e-05;-8.35098e-05
1045:-0.000451026;-8.6187e-05;-3.48592e-05;9.75117e-06;1.97553e-05;-7.91959e-05
1046:-0.000406978;-0.00032711;-0.000263198;-3.01436e-06;4.9727e-06;0.000294079
1047:-0.000678618;-0.000453815;-0.000274525;9.20607e-06;-1.84199e-05;-0.000104376
1048:-0.000492426;-0.000198075;1.32756e-05;-5.66293e-06;-2.02959e-05;-0.000106228
1049:-0.000651899;-0.000399249;-0.000256867;7.95574e-06;-9.76105e-06;-0.000102518
1050:-0.000287035;0.000111153;0.000377802;-8.85941e-06;2.72744e-05;-0.00016828
1051:-0.000534785;-0.000219721;-5.76131e-05;2.34427e-05;1.30847e-06;5.07102e-05
1052:-0.000289645;9.77951e-05;0.000119021;1.73244e-05;5.20335e-05;-1.29008e-05
1053:-0.00024065;0.000151607;0.000296951;2.57562e-05;2.83813e-05;-8.44349e-05
1054:-0.000549786;-0.000239637;-0.000167463;1.45378e-05;1.72446e-05;-6.51476e-05
1055:-0.000216381;-8.4499e-08;5.80539e-05;-0.000101935;5.40144e-06;0.000262784
1056:-0.000617404;-0.000370282;-0.000241333;2.39321e-05;2.23788e-05;-5.26703e-05
1057:-0.000517954;-0.000233762;-5.59019e-05;-4.2807e-06;-2.39552e-06;-6.44793e-05
1058:-0.000484171;-0.000141921;-9.5723e-05;1.40179e-05;2.29372e-05;-5.73292e-05
1059:-0.000338392;5.18121e-05;0.00011088;1.68761e-05;2.69567e-05;-6.31118e-05
1060:-0.00063465;-0.000372704;-0.000244266;1.20095e-05;-3.61356e-06;-9.22622e-05
1061:-0.000465065;-0.000106292;-4.10996e-05;9.65679e-07;2.07838e-05;-8.79528e-05
1062:-0.000583405;-0.000285349;-0.000191406;1.00435e-05;4.55929e-06;-8.8032e-05
1063:-0.000261158;0.000126091;0.000301136;2.13645e-05;2.04395e-06;-0.000121275
1064:-0.000290067;0.000109708;0.000219519;1.80977e-05;1.85696e-05;-9.49712e-05
1065:-0.000498877;-0.000158658;-0.000102258;1.16631e-05;1.79567e-05;-7.08323e-05
1066:-0.000380217;7.62288e-06;6.15217e-05;1.35116e-05;2.03468e-05;-7.88512e-05
1067:-0.000253547;-0.000105907;-0.000186823;-0.000140166;-6.25846e-05;1.08903e-05
1068:-0.000332573;6.7912e-05;0.000118989;7.33778e-06;3.19141e-05;-6.7695e-05
1069:-0.000410843;-3.59755e-05;2.37066e-06;1.49524e-05;2.55875e-05;-6.29806e-05
1070:-0.000366385;2.73136e-05;7.3125e-05;1.15768e-05;2.93956e-05;-7.22424e-05
1071:-0.000404488;-2.57038e-05;1.56188e-05;1.55875e-05;2.3503e-05;-6.8266e-05
1072:-0.000399211;-1.49183e-05;3.03641e-05;1.16128e-05;2.61823e-05;-7.56923e-05
1073:-0.000504012;-0.000213161;-7.54869e-06;-5.54146e-06;-1.68866e-05;-9.95139e-05
1074:-0.000675637;-0.000449437;-0.000282081;1.53831e-05;-1.37906e-05;-9.44226e-05
1075:-0.000475198;-0.000150841;-0.000146222;4.3914e-05;3.92488e-05;-1.68189e-05
1076:-0.000433048;-8.70004e-05;-7.07157e-05;3.18465e-05;3.39376e-05;-2.70833e-05
1077:-0.000425806;-6.85633e-05;-4.35211e-05;2.38558e-05;3.08184e-05;-3.96335e-05
1078:-0.00042903;-6.5482e-05;-3.21142e-05;1.81437e-05;2.76532e-05;-5.28736e-05
1079:-0.000241113;0.000151957;0.000306928;2.58034e-05;1.99528e-05;-9.70344e-05
1080:-0.000566086;-0.000260973;-0.000178589;1.25881e-05;1.11843e-05;-7.67177e-05
1081:-0.000593091;-0.000315191;-0.000216249;1.86391e-05;1.6445e-05;-6.20782e-05
1082:-0.000187341;0.000190784;0.000400536;3.59914e-05;3.11177e-05;-9.08455e-05
1083:-0.000437937;-7.19056e-05;-3.00328e-05;1.36348e-05;2.40559e-05;-6.61426e-05
1084:2.32981e-05;0.000264475;0.000208249;-6.70242e-05;-1.19737e-05;0.00033649
1085:-8.91372e-05;9.2818e-07;-8.24296e-05;4.40796e-05;6.80427e-05;9.7303e-05
1086:-0.000621112;-0.000353064;-0.000235642;1.50797e-05;2.8553e-06;-8.21232e-05
1087:-0.000613554;-0.00028782;-0.000250632;-1.18292e-05;6.80939e-05;-0.000110188
1088:-0.000347423;4.60057e-05;8.81698e-05;1.02602e-05;3.27961e-05;-5.97001e-05
1089:-0.000396224;-2.14098e-05;9.83061e-06;2.09114e-05;2.77141e-05;-5.27411e-05
1090:-0.000370059;1.84157e-05;5.69726e-05;1.6419e-05;3.15412e-05;-6.22658e-05
1091:-0.000455042;-2.30149e-06;1.08101e-05;-2.74444e-06;5.49455e-06;-3.75017e-05
1092:-0.00039423;-1.28119e-05;2.47122e-05;1.66847e-05;2.92554e-05;-6.37511e-05
1093:-0.00051101;-0.000222316;-2.23089e-05;-5.38178e-06;-1.33748e-05;-9.24447e-05
1094:-0.000670162;-0.000441971;-0.000283788;1.92428e-05;-7.71858e-06;-8.55529e-05
1095:-0.000318728;7.23616e-05;0.000332116;-2.48034e-05;3.06003e-05;-0.000163947
1096:-0.000193114;0.000185138;0.000151804;8.459e-05;4.05895e-05;1.81854e-05
1097:-0.000353336;1.73313e-05;4.06051e-05;3.2699e-05;2.83114e-05;-2.95004e-05
1098:-0.000454898;-7.14869e-06;-3.20798e-06;-1.81551e-06;3.40567e-06;1.94113e-05
1099:-0.000608299;-0.000335392;-0.000227632;1.72652e-05;9.77604e-06;-7.20472e-05
1100:-0.000637066;-0.000396588;-0.000261423;2.3956e-05;1.49278e-05;-6.08342e-05
1101:-0.000518456;-0.000233377;-5.01548e-05;-4.54588e-06;-3.70527e-06;-7.12206e-05
1102:-0.000662122;-0.000430974;-0.000280878;2.17208e-05;-5.69983e-07;-7.71524e-05
1103:-0.000515209;-0.000227989;-3.35835e-05;-5.15374e-06;-9.7185e-06;-8.52944e-05
1104:-0.000194796;0.000179177;0.000406923;3.63696e-05;8.58654e-06;-0.000111404
1105:-0.000366454;1.91726e-05;4.27417e-05;1.74508e-05;3.22385e-05;-4.85339e-05
1106:-0.000364454;2.1963e-05;5.66249e-05;1.33578e-05;3.2445e-05;-5.41359e-05
1107:-2.03366e-05;0.000224236;0.000214667;-1.91921e-05;-5.39143e-05;0.000338665
1108:-0.000377204;4.67265e-06;3.69202e-05;2.202e-05;3.2942e-05;-5.38886e-05
1109:-0.000393343;-1.75326e-05;1.32796e-05;2.28159e-05;3.15862e-05;-5.26698e-05
1110:-0.000423855;-6.97405e-05;-5.43627e-05;3.93803e-05;3.61665e-05;-3.4785e-05
1111:-0.000399875;-3.26112e-05;-8.48869e-06;3.03433e-05;3.3549e-05;-4.28583e-05
1112:-0.000184426;0.000193577;0.000413209;3.7125e-05;2.07287e-05;-0.000101804
1113:-0.000652514;-0.000417697;-0.000275414;2.3227e-05;7.36881e-06;-6.88292e-05
1114:-0.00051694;-0.000230645;-4.17247e-05;-4.84159e-06;-5.87114e-06;-7.83341e-05
1115:-0.000333369;5.5718e-05;6.71428e-05;3.82692e-05;3.41786e-05;-3.79546e-05
1116:-0.000393519;-2.01401e-05;4.84804e-06;2.83351e-05;3.38513e-05;-4.73769e-05
1117:-0.000352523;1.98228e-05;3.4692e-05;4.09276e-05;3.02113e-05;-2.97285e-05
1118:-0.000113445;-7.55649e-06;-0.000127806;3.79706e-05;7.33579e-05;9.3889e-05
1119:-0.000287648;0.000100878;9.78281e-05;5.7467e-05;3.81351e-05;-2.07533e-05
